{"/home/damian/dev/keuzekompas/api/src/adapters/controllers/module.controller.ts": {"path":"/home/damian/dev/keuzekompas/api/src/adapters/controllers/module.controller.ts","all":false,"statementMap":{"12":{"start":{"line":13,"column":0},"end":{"line":13,"column":58}},"14":{"start":{"line":15,"column":0},"end":{"line":15,"column":31}},"15":{"start":{"line":16,"column":0},"end":{"line":16,"column":16}},"16":{"start":{"line":17,"column":0},"end":{"line":17,"column":45}},"17":{"start":{"line":18,"column":0},"end":{"line":18,"column":38}},"18":{"start":{"line":19,"column":0},"end":{"line":19,"column":9}},"20":{"start":{"line":21,"column":0},"end":{"line":21,"column":30}},"21":{"start":{"line":22,"column":0},"end":{"line":22,"column":13}},"22":{"start":{"line":23,"column":0},"end":{"line":23,"column":61}},"24":{"start":{"line":25,"column":0},"end":{"line":25,"column":32}},"25":{"start":{"line":26,"column":0},"end":{"line":26,"column":24}},"26":{"start":{"line":27,"column":0},"end":{"line":27,"column":37}},"27":{"start":{"line":28,"column":0},"end":{"line":28,"column":14}},"29":{"start":{"line":30,"column":0},"end":{"line":30,"column":79}},"31":{"start":{"line":32,"column":0},"end":{"line":32,"column":29}},"32":{"start":{"line":33,"column":0},"end":{"line":33,"column":79}},"33":{"start":{"line":34,"column":0},"end":{"line":34,"column":13}},"35":{"start":{"line":36,"column":0},"end":{"line":36,"column":50}},"36":{"start":{"line":37,"column":0},"end":{"line":37,"column":36}},"37":{"start":{"line":38,"column":0},"end":{"line":38,"column":54}},"38":{"start":{"line":39,"column":0},"end":{"line":39,"column":14}},"40":{"start":{"line":41,"column":0},"end":{"line":41,"column":52}},"41":{"start":{"line":42,"column":0},"end":{"line":42,"column":25}},"42":{"start":{"line":43,"column":0},"end":{"line":43,"column":57}},"43":{"start":{"line":44,"column":0},"end":{"line":44,"column":81}},"44":{"start":{"line":45,"column":0},"end":{"line":45,"column":9}},"45":{"start":{"line":46,"column":0},"end":{"line":46,"column":5}},"47":{"start":{"line":48,"column":0},"end":{"line":48,"column":31}},"48":{"start":{"line":49,"column":0},"end":{"line":49,"column":13}},"49":{"start":{"line":50,"column":0},"end":{"line":50,"column":41}},"51":{"start":{"line":52,"column":0},"end":{"line":52,"column":72}},"53":{"start":{"line":54,"column":0},"end":{"line":54,"column":29}},"54":{"start":{"line":55,"column":0},"end":{"line":55,"column":82}},"55":{"start":{"line":56,"column":0},"end":{"line":56,"column":13}},"57":{"start":{"line":58,"column":0},"end":{"line":58,"column":40}},"58":{"start":{"line":59,"column":0},"end":{"line":59,"column":55}},"59":{"start":{"line":60,"column":0},"end":{"line":60,"column":31}},"60":{"start":{"line":61,"column":0},"end":{"line":61,"column":34}},"61":{"start":{"line":62,"column":0},"end":{"line":62,"column":42}},"62":{"start":{"line":63,"column":0},"end":{"line":63,"column":38}},"63":{"start":{"line":64,"column":0},"end":{"line":64,"column":42}},"64":{"start":{"line":65,"column":0},"end":{"line":65,"column":42}},"65":{"start":{"line":66,"column":0},"end":{"line":66,"column":42}},"66":{"start":{"line":67,"column":0},"end":{"line":67,"column":36}},"67":{"start":{"line":68,"column":0},"end":{"line":68,"column":48}},"68":{"start":{"line":69,"column":0},"end":{"line":69,"column":48}},"69":{"start":{"line":70,"column":0},"end":{"line":70,"column":43}},"70":{"start":{"line":71,"column":0},"end":{"line":71,"column":14}},"72":{"start":{"line":73,"column":0},"end":{"line":73,"column":49}},"73":{"start":{"line":74,"column":0},"end":{"line":74,"column":25}},"74":{"start":{"line":75,"column":0},"end":{"line":75,"column":54}},"75":{"start":{"line":76,"column":0},"end":{"line":76,"column":83}},"76":{"start":{"line":77,"column":0},"end":{"line":77,"column":9}},"77":{"start":{"line":78,"column":0},"end":{"line":78,"column":5}},"79":{"start":{"line":80,"column":0},"end":{"line":80,"column":28}},"80":{"start":{"line":81,"column":0},"end":{"line":81,"column":13}},"81":{"start":{"line":82,"column":0},"end":{"line":82,"column":67}},"83":{"start":{"line":84,"column":0},"end":{"line":84,"column":29}},"84":{"start":{"line":85,"column":0},"end":{"line":85,"column":77}},"85":{"start":{"line":86,"column":0},"end":{"line":86,"column":13}},"87":{"start":{"line":88,"column":0},"end":{"line":88,"column":78}},"88":{"start":{"line":89,"column":0},"end":{"line":89,"column":31}},"89":{"start":{"line":90,"column":0},"end":{"line":90,"column":34}},"90":{"start":{"line":91,"column":0},"end":{"line":91,"column":42}},"91":{"start":{"line":92,"column":0},"end":{"line":92,"column":38}},"92":{"start":{"line":93,"column":0},"end":{"line":93,"column":42}},"93":{"start":{"line":94,"column":0},"end":{"line":94,"column":42}},"94":{"start":{"line":95,"column":0},"end":{"line":95,"column":42}},"95":{"start":{"line":96,"column":0},"end":{"line":96,"column":36}},"96":{"start":{"line":97,"column":0},"end":{"line":97,"column":48}},"97":{"start":{"line":98,"column":0},"end":{"line":98,"column":48}},"98":{"start":{"line":99,"column":0},"end":{"line":99,"column":43}},"99":{"start":{"line":100,"column":0},"end":{"line":100,"column":16}},"101":{"start":{"line":102,"column":0},"end":{"line":102,"column":47}},"102":{"start":{"line":103,"column":0},"end":{"line":103,"column":24}},"103":{"start":{"line":104,"column":0},"end":{"line":104,"column":37}},"104":{"start":{"line":105,"column":0},"end":{"line":105,"column":14}},"106":{"start":{"line":107,"column":0},"end":{"line":107,"column":45}},"107":{"start":{"line":108,"column":0},"end":{"line":108,"column":25}},"108":{"start":{"line":109,"column":0},"end":{"line":109,"column":56}},"109":{"start":{"line":110,"column":0},"end":{"line":110,"column":84}},"110":{"start":{"line":111,"column":0},"end":{"line":111,"column":9}},"111":{"start":{"line":112,"column":0},"end":{"line":112,"column":5}},"113":{"start":{"line":114,"column":0},"end":{"line":114,"column":30}},"114":{"start":{"line":115,"column":0},"end":{"line":115,"column":13}},"115":{"start":{"line":116,"column":0},"end":{"line":116,"column":41}},"116":{"start":{"line":117,"column":0},"end":{"line":117,"column":70}},"118":{"start":{"line":119,"column":0},"end":{"line":119,"column":47}},"120":{"start":{"line":121,"column":0},"end":{"line":121,"column":86}},"122":{"start":{"line":123,"column":0},"end":{"line":123,"column":29}},"123":{"start":{"line":124,"column":0},"end":{"line":124,"column":79}},"124":{"start":{"line":125,"column":0},"end":{"line":125,"column":13}},"126":{"start":{"line":127,"column":0},"end":{"line":127,"column":50}},"127":{"start":{"line":128,"column":0},"end":{"line":128,"column":36}},"128":{"start":{"line":129,"column":0},"end":{"line":129,"column":54}},"129":{"start":{"line":130,"column":0},"end":{"line":130,"column":14}},"131":{"start":{"line":132,"column":0},"end":{"line":132,"column":47}},"132":{"start":{"line":133,"column":0},"end":{"line":133,"column":25}},"133":{"start":{"line":134,"column":0},"end":{"line":134,"column":57}},"134":{"start":{"line":135,"column":0},"end":{"line":135,"column":81}},"135":{"start":{"line":136,"column":0},"end":{"line":136,"column":9}},"136":{"start":{"line":137,"column":0},"end":{"line":137,"column":5}},"138":{"start":{"line":139,"column":0},"end":{"line":139,"column":30}},"139":{"start":{"line":140,"column":0},"end":{"line":140,"column":13}},"140":{"start":{"line":141,"column":0},"end":{"line":141,"column":41}},"142":{"start":{"line":143,"column":0},"end":{"line":143,"column":62}},"144":{"start":{"line":145,"column":0},"end":{"line":145,"column":77}},"145":{"start":{"line":146,"column":0},"end":{"line":146,"column":25}},"146":{"start":{"line":147,"column":0},"end":{"line":147,"column":57}},"147":{"start":{"line":148,"column":0},"end":{"line":148,"column":81}},"148":{"start":{"line":149,"column":0},"end":{"line":149,"column":9}},"149":{"start":{"line":150,"column":0},"end":{"line":150,"column":5}},"151":{"start":{"line":152,"column":0},"end":{"line":152,"column":35}},"152":{"start":{"line":153,"column":0},"end":{"line":153,"column":13}},"153":{"start":{"line":154,"column":0},"end":{"line":154,"column":34}},"154":{"start":{"line":155,"column":0},"end":{"line":155,"column":98}},"155":{"start":{"line":156,"column":0},"end":{"line":156,"column":13}},"157":{"start":{"line":158,"column":0},"end":{"line":158,"column":44}},"158":{"start":{"line":159,"column":0},"end":{"line":159,"column":74}},"160":{"start":{"line":161,"column":0},"end":{"line":161,"column":41}},"161":{"start":{"line":162,"column":0},"end":{"line":162,"column":97}},"162":{"start":{"line":163,"column":0},"end":{"line":163,"column":13}},"165":{"start":{"line":166,"column":0},"end":{"line":166,"column":84}},"166":{"start":{"line":167,"column":0},"end":{"line":167,"column":35}},"167":{"start":{"line":168,"column":0},"end":{"line":168,"column":80}},"168":{"start":{"line":169,"column":0},"end":{"line":169,"column":13}},"170":{"start":{"line":171,"column":0},"end":{"line":171,"column":46}},"173":{"start":{"line":174,"column":0},"end":{"line":174,"column":186}},"174":{"start":{"line":175,"column":0},"end":{"line":175,"column":46}},"175":{"start":{"line":176,"column":0},"end":{"line":176,"column":47}},"176":{"start":{"line":177,"column":0},"end":{"line":177,"column":55}},"177":{"start":{"line":178,"column":0},"end":{"line":178,"column":49}},"178":{"start":{"line":179,"column":0},"end":{"line":179,"column":61}},"179":{"start":{"line":180,"column":0},"end":{"line":180,"column":55}},"180":{"start":{"line":181,"column":0},"end":{"line":181,"column":55}},"181":{"start":{"line":182,"column":0},"end":{"line":182,"column":51}},"182":{"start":{"line":183,"column":0},"end":{"line":183,"column":61}},"183":{"start":{"line":184,"column":0},"end":{"line":184,"column":74}},"186":{"start":{"line":187,"column":0},"end":{"line":187,"column":48}},"189":{"start":{"line":190,"column":0},"end":{"line":190,"column":77}},"191":{"start":{"line":192,"column":0},"end":{"line":192,"column":34}},"192":{"start":{"line":193,"column":0},"end":{"line":193,"column":38}},"193":{"start":{"line":194,"column":0},"end":{"line":194,"column":38}},"194":{"start":{"line":195,"column":0},"end":{"line":195,"column":43}},"195":{"start":{"line":196,"column":0},"end":{"line":196,"column":79}},"196":{"start":{"line":197,"column":0},"end":{"line":197,"column":88}},"197":{"start":{"line":198,"column":0},"end":{"line":198,"column":17}},"198":{"start":{"line":199,"column":0},"end":{"line":199,"column":15}},"199":{"start":{"line":200,"column":0},"end":{"line":200,"column":25}},"200":{"start":{"line":201,"column":0},"end":{"line":201,"column":55}},"201":{"start":{"line":202,"column":0},"end":{"line":202,"column":79}},"202":{"start":{"line":203,"column":0},"end":{"line":203,"column":9}},"203":{"start":{"line":204,"column":0},"end":{"line":204,"column":5}},"204":{"start":{"line":205,"column":0},"end":{"line":205,"column":1}}},"s":{"12":1,"14":1,"15":1,"16":7,"17":7,"18":7,"20":1,"21":2,"22":2,"24":2,"25":2,"26":2,"27":2,"29":2,"31":2,"32":1,"33":1,"35":1,"36":1,"37":1,"38":1,"40":1,"41":2,"42":0,"43":0,"44":0,"45":2,"47":1,"48":2,"49":2,"51":2,"53":2,"54":1,"55":1,"57":1,"58":1,"59":1,"60":1,"61":1,"62":1,"63":1,"64":1,"65":1,"66":1,"67":1,"68":1,"69":1,"70":1,"72":1,"73":2,"74":0,"75":0,"76":0,"77":2,"79":1,"80":1,"81":1,"83":1,"84":0,"85":0,"87":1,"88":2,"89":2,"90":2,"91":2,"92":2,"93":2,"94":2,"95":2,"96":2,"97":2,"98":2,"99":1,"101":1,"102":1,"103":1,"104":1,"106":1,"107":1,"108":0,"109":0,"110":0,"111":1,"113":1,"114":1,"115":1,"116":1,"118":1,"120":1,"122":1,"123":0,"124":0,"126":1,"127":1,"128":1,"129":1,"131":1,"132":1,"133":0,"134":0,"135":0,"136":1,"138":1,"139":1,"140":1,"142":1,"144":1,"145":1,"146":0,"147":0,"148":0,"149":1,"151":1,"152":0,"153":0,"154":0,"155":0,"157":0,"158":0,"160":0,"161":0,"162":0,"165":0,"166":0,"167":0,"168":0,"170":0,"173":0,"174":0,"175":0,"176":0,"177":0,"178":0,"179":0,"180":0,"181":0,"182":0,"183":0,"186":0,"189":0,"191":0,"192":0,"193":0,"194":0,"195":0,"196":0,"197":0,"198":0,"199":0,"200":0,"201":0,"202":0,"203":0,"204":1},"branchMap":{"0":{"type":"branch","line":16,"loc":{"start":{"line":16,"column":4},"end":{"line":19,"column":9}},"locations":[{"start":{"line":16,"column":4},"end":{"line":19,"column":9}}]},"1":{"type":"branch","line":21,"loc":{"start":{"line":21,"column":4},"end":{"line":46,"column":5}},"locations":[{"start":{"line":21,"column":4},"end":{"line":46,"column":5}}]},"2":{"type":"branch","line":32,"loc":{"start":{"line":32,"column":28},"end":{"line":42,"column":17}},"locations":[{"start":{"line":32,"column":28},"end":{"line":42,"column":17}}]},"3":{"type":"branch","line":42,"loc":{"start":{"line":42,"column":8},"end":{"line":45,"column":9}},"locations":[{"start":{"line":42,"column":8},"end":{"line":45,"column":9}}]},"4":{"type":"branch","line":48,"loc":{"start":{"line":48,"column":4},"end":{"line":78,"column":5}},"locations":[{"start":{"line":48,"column":4},"end":{"line":78,"column":5}}]},"5":{"type":"branch","line":54,"loc":{"start":{"line":54,"column":28},"end":{"line":74,"column":17}},"locations":[{"start":{"line":54,"column":28},"end":{"line":74,"column":17}}]},"6":{"type":"branch","line":74,"loc":{"start":{"line":74,"column":8},"end":{"line":77,"column":9}},"locations":[{"start":{"line":74,"column":8},"end":{"line":77,"column":9}}]},"7":{"type":"branch","line":80,"loc":{"start":{"line":80,"column":4},"end":{"line":112,"column":5}},"locations":[{"start":{"line":80,"column":4},"end":{"line":112,"column":5}}]},"8":{"type":"branch","line":84,"loc":{"start":{"line":84,"column":28},"end":{"line":86,"column":13}},"locations":[{"start":{"line":84,"column":28},"end":{"line":86,"column":13}}]},"9":{"type":"branch","line":108,"loc":{"start":{"line":108,"column":8},"end":{"line":111,"column":9}},"locations":[{"start":{"line":108,"column":8},"end":{"line":111,"column":9}}]},"10":{"type":"branch","line":88,"loc":{"start":{"line":88,"column":66},"end":{"line":100,"column":14}},"locations":[{"start":{"line":88,"column":66},"end":{"line":100,"column":14}}]},"11":{"type":"branch","line":114,"loc":{"start":{"line":114,"column":4},"end":{"line":137,"column":5}},"locations":[{"start":{"line":114,"column":4},"end":{"line":137,"column":5}}]},"12":{"type":"branch","line":123,"loc":{"start":{"line":123,"column":28},"end":{"line":125,"column":13}},"locations":[{"start":{"line":123,"column":28},"end":{"line":125,"column":13}}]},"13":{"type":"branch","line":133,"loc":{"start":{"line":133,"column":8},"end":{"line":136,"column":9}},"locations":[{"start":{"line":133,"column":8},"end":{"line":136,"column":9}}]},"14":{"type":"branch","line":139,"loc":{"start":{"line":139,"column":4},"end":{"line":150,"column":5}},"locations":[{"start":{"line":139,"column":4},"end":{"line":150,"column":5}}]},"15":{"type":"branch","line":146,"loc":{"start":{"line":146,"column":8},"end":{"line":149,"column":9}},"locations":[{"start":{"line":146,"column":8},"end":{"line":149,"column":9}}]}},"b":{"0":[7],"1":[2],"2":[1],"3":[0],"4":[2],"5":[1],"6":[0],"7":[1],"8":[0],"9":[0],"10":[2],"11":[1],"12":[0],"13":[0],"14":[1],"15":[0]},"fnMap":{"0":{"name":"ModuleController","decl":{"start":{"line":16,"column":4},"end":{"line":19,"column":9}},"loc":{"start":{"line":16,"column":4},"end":{"line":19,"column":9}},"line":16},"1":{"name":"create","decl":{"start":{"line":21,"column":4},"end":{"line":46,"column":5}},"loc":{"start":{"line":21,"column":4},"end":{"line":46,"column":5}},"line":21},"2":{"name":"getById","decl":{"start":{"line":48,"column":4},"end":{"line":78,"column":5}},"loc":{"start":{"line":48,"column":4},"end":{"line":78,"column":5}},"line":48},"3":{"name":"list","decl":{"start":{"line":80,"column":4},"end":{"line":112,"column":5}},"loc":{"start":{"line":80,"column":4},"end":{"line":112,"column":5}},"line":80},"4":{"name":"update","decl":{"start":{"line":114,"column":4},"end":{"line":137,"column":5}},"loc":{"start":{"line":114,"column":4},"end":{"line":137,"column":5}},"line":114},"5":{"name":"delete","decl":{"start":{"line":139,"column":4},"end":{"line":150,"column":5}},"loc":{"start":{"line":139,"column":4},"end":{"line":150,"column":5}},"line":139},"6":{"name":"askQuestion","decl":{"start":{"line":152,"column":4},"end":{"line":204,"column":5}},"loc":{"start":{"line":152,"column":4},"end":{"line":204,"column":5}},"line":152}},"f":{"0":7,"1":2,"2":2,"3":1,"4":1,"5":1,"6":0}}
,"/home/damian/dev/keuzekompas/api/src/adapters/controllers/user.controller.ts": {"path":"/home/damian/dev/keuzekompas/api/src/adapters/controllers/user.controller.ts","all":false,"statementMap":{"16":{"start":{"line":17,"column":0},"end":{"line":17,"column":58}},"18":{"start":{"line":19,"column":0},"end":{"line":19,"column":29}},"19":{"start":{"line":20,"column":0},"end":{"line":20,"column":16}},"20":{"start":{"line":21,"column":0},"end":{"line":21,"column":41}},"21":{"start":{"line":22,"column":0},"end":{"line":22,"column":39}},"22":{"start":{"line":23,"column":0},"end":{"line":23,"column":8}},"24":{"start":{"line":25,"column":0},"end":{"line":25,"column":32}},"25":{"start":{"line":26,"column":0},"end":{"line":26,"column":13}},"26":{"start":{"line":27,"column":0},"end":{"line":27,"column":61}},"28":{"start":{"line":29,"column":0},"end":{"line":29,"column":73}},"30":{"start":{"line":31,"column":0},"end":{"line":31,"column":29}},"31":{"start":{"line":32,"column":0},"end":{"line":32,"column":85}},"32":{"start":{"line":33,"column":0},"end":{"line":33,"column":13}},"34":{"start":{"line":35,"column":0},"end":{"line":35,"column":50}},"35":{"start":{"line":36,"column":0},"end":{"line":36,"column":36}},"36":{"start":{"line":37,"column":0},"end":{"line":37,"column":55}},"37":{"start":{"line":38,"column":0},"end":{"line":38,"column":14}},"39":{"start":{"line":40,"column":0},"end":{"line":40,"column":52}},"40":{"start":{"line":41,"column":0},"end":{"line":41,"column":25}},"41":{"start":{"line":42,"column":0},"end":{"line":42,"column":56}},"42":{"start":{"line":43,"column":0},"end":{"line":43,"column":77}},"43":{"start":{"line":44,"column":0},"end":{"line":44,"column":9}},"44":{"start":{"line":45,"column":0},"end":{"line":45,"column":5}},"46":{"start":{"line":47,"column":0},"end":{"line":47,"column":29}},"47":{"start":{"line":48,"column":0},"end":{"line":48,"column":13}},"48":{"start":{"line":49,"column":0},"end":{"line":49,"column":58}},"50":{"start":{"line":51,"column":0},"end":{"line":51,"column":70}},"52":{"start":{"line":53,"column":0},"end":{"line":53,"column":29}},"53":{"start":{"line":54,"column":0},"end":{"line":54,"column":78}},"54":{"start":{"line":55,"column":0},"end":{"line":55,"column":13}},"57":{"start":{"line":58,"column":0},"end":{"line":58,"column":53}},"58":{"start":{"line":59,"column":0},"end":{"line":59,"column":44}},"59":{"start":{"line":60,"column":0},"end":{"line":60,"column":36}},"60":{"start":{"line":61,"column":0},"end":{"line":61,"column":14}},"62":{"start":{"line":63,"column":0},"end":{"line":63,"column":51}},"63":{"start":{"line":64,"column":0},"end":{"line":64,"column":36}},"64":{"start":{"line":65,"column":0},"end":{"line":65,"column":21}},"65":{"start":{"line":66,"column":0},"end":{"line":66,"column":14}},"67":{"start":{"line":68,"column":0},"end":{"line":68,"column":47}},"68":{"start":{"line":69,"column":0},"end":{"line":69,"column":25}},"69":{"start":{"line":70,"column":0},"end":{"line":70,"column":49}},"70":{"start":{"line":71,"column":0},"end":{"line":71,"column":70}},"71":{"start":{"line":72,"column":0},"end":{"line":72,"column":9}},"72":{"start":{"line":73,"column":0},"end":{"line":73,"column":5}},"74":{"start":{"line":75,"column":0},"end":{"line":75,"column":31}},"75":{"start":{"line":76,"column":0},"end":{"line":76,"column":13}},"76":{"start":{"line":77,"column":0},"end":{"line":77,"column":41}},"78":{"start":{"line":79,"column":0},"end":{"line":79,"column":70}},"80":{"start":{"line":81,"column":0},"end":{"line":81,"column":29}},"81":{"start":{"line":82,"column":0},"end":{"line":82,"column":80}},"82":{"start":{"line":83,"column":0},"end":{"line":83,"column":13}},"84":{"start":{"line":85,"column":0},"end":{"line":85,"column":38}},"85":{"start":{"line":86,"column":0},"end":{"line":86,"column":51}},"86":{"start":{"line":87,"column":0},"end":{"line":87,"column":29}},"87":{"start":{"line":88,"column":0},"end":{"line":88,"column":34}},"88":{"start":{"line":89,"column":0},"end":{"line":89,"column":32}},"89":{"start":{"line":90,"column":0},"end":{"line":90,"column":34}},"90":{"start":{"line":91,"column":0},"end":{"line":91,"column":32}},"91":{"start":{"line":92,"column":0},"end":{"line":92,"column":41}},"92":{"start":{"line":93,"column":0},"end":{"line":93,"column":14}},"94":{"start":{"line":95,"column":0},"end":{"line":95,"column":47}},"95":{"start":{"line":96,"column":0},"end":{"line":96,"column":25}},"96":{"start":{"line":97,"column":0},"end":{"line":97,"column":52}},"97":{"start":{"line":98,"column":0},"end":{"line":98,"column":81}},"98":{"start":{"line":99,"column":0},"end":{"line":99,"column":9}},"99":{"start":{"line":100,"column":0},"end":{"line":100,"column":5}},"101":{"start":{"line":102,"column":0},"end":{"line":102,"column":30}},"102":{"start":{"line":103,"column":0},"end":{"line":103,"column":13}},"103":{"start":{"line":104,"column":0},"end":{"line":104,"column":41}},"104":{"start":{"line":105,"column":0},"end":{"line":105,"column":68}},"106":{"start":{"line":107,"column":0},"end":{"line":107,"column":47}},"108":{"start":{"line":109,"column":0},"end":{"line":109,"column":84}},"110":{"start":{"line":111,"column":0},"end":{"line":111,"column":29}},"111":{"start":{"line":112,"column":0},"end":{"line":112,"column":79}},"112":{"start":{"line":113,"column":0},"end":{"line":113,"column":13}},"114":{"start":{"line":115,"column":0},"end":{"line":115,"column":50}},"115":{"start":{"line":116,"column":0},"end":{"line":116,"column":36}},"116":{"start":{"line":117,"column":0},"end":{"line":117,"column":52}},"117":{"start":{"line":118,"column":0},"end":{"line":118,"column":14}},"119":{"start":{"line":120,"column":0},"end":{"line":120,"column":47}},"120":{"start":{"line":121,"column":0},"end":{"line":121,"column":25}},"121":{"start":{"line":122,"column":0},"end":{"line":122,"column":55}},"122":{"start":{"line":123,"column":0},"end":{"line":123,"column":79}},"123":{"start":{"line":124,"column":0},"end":{"line":124,"column":9}},"124":{"start":{"line":125,"column":0},"end":{"line":125,"column":5}},"126":{"start":{"line":127,"column":0},"end":{"line":127,"column":30}},"127":{"start":{"line":128,"column":0},"end":{"line":128,"column":13}},"128":{"start":{"line":129,"column":0},"end":{"line":129,"column":41}},"130":{"start":{"line":131,"column":0},"end":{"line":131,"column":58}},"132":{"start":{"line":133,"column":0},"end":{"line":133,"column":75}},"133":{"start":{"line":134,"column":0},"end":{"line":134,"column":25}},"134":{"start":{"line":135,"column":0},"end":{"line":135,"column":55}},"135":{"start":{"line":136,"column":0},"end":{"line":136,"column":79}},"136":{"start":{"line":137,"column":0},"end":{"line":137,"column":9}},"137":{"start":{"line":138,"column":0},"end":{"line":138,"column":5}},"139":{"start":{"line":140,"column":0},"end":{"line":140,"column":36}},"140":{"start":{"line":141,"column":0},"end":{"line":141,"column":13}},"141":{"start":{"line":142,"column":0},"end":{"line":142,"column":41}},"143":{"start":{"line":144,"column":0},"end":{"line":144,"column":76}},"145":{"start":{"line":146,"column":0},"end":{"line":146,"column":29}},"146":{"start":{"line":147,"column":0},"end":{"line":147,"column":82}},"147":{"start":{"line":148,"column":0},"end":{"line":148,"column":13}},"149":{"start":{"line":150,"column":0},"end":{"line":150,"column":79}},"150":{"start":{"line":151,"column":0},"end":{"line":151,"column":31}},"151":{"start":{"line":152,"column":0},"end":{"line":152,"column":34}},"152":{"start":{"line":153,"column":0},"end":{"line":153,"column":42}},"153":{"start":{"line":154,"column":0},"end":{"line":154,"column":35}},"154":{"start":{"line":155,"column":0},"end":{"line":155,"column":16}},"156":{"start":{"line":157,"column":0},"end":{"line":157,"column":44}},"157":{"start":{"line":158,"column":0},"end":{"line":158,"column":25}},"158":{"start":{"line":159,"column":0},"end":{"line":159,"column":57}},"159":{"start":{"line":160,"column":0},"end":{"line":160,"column":86}},"160":{"start":{"line":161,"column":0},"end":{"line":161,"column":9}},"161":{"start":{"line":162,"column":0},"end":{"line":162,"column":5}},"163":{"start":{"line":164,"column":0},"end":{"line":164,"column":35}},"164":{"start":{"line":165,"column":0},"end":{"line":165,"column":13}},"165":{"start":{"line":166,"column":0},"end":{"line":166,"column":45}},"166":{"start":{"line":167,"column":0},"end":{"line":167,"column":53}},"168":{"start":{"line":169,"column":0},"end":{"line":169,"column":88}},"170":{"start":{"line":171,"column":0},"end":{"line":171,"column":29}},"171":{"start":{"line":172,"column":0},"end":{"line":172,"column":85}},"172":{"start":{"line":173,"column":0},"end":{"line":173,"column":13}},"174":{"start":{"line":175,"column":0},"end":{"line":175,"column":47}},"175":{"start":{"line":176,"column":0},"end":{"line":176,"column":25}},"176":{"start":{"line":177,"column":0},"end":{"line":177,"column":56}},"177":{"start":{"line":178,"column":0},"end":{"line":178,"column":80}},"178":{"start":{"line":179,"column":0},"end":{"line":179,"column":9}},"179":{"start":{"line":180,"column":0},"end":{"line":180,"column":5}},"181":{"start":{"line":182,"column":0},"end":{"line":182,"column":38}},"182":{"start":{"line":183,"column":0},"end":{"line":183,"column":13}},"183":{"start":{"line":184,"column":0},"end":{"line":184,"column":45}},"184":{"start":{"line":185,"column":0},"end":{"line":185,"column":53}},"186":{"start":{"line":187,"column":0},"end":{"line":187,"column":91}},"188":{"start":{"line":189,"column":0},"end":{"line":189,"column":29}},"189":{"start":{"line":190,"column":0},"end":{"line":190,"column":88}},"190":{"start":{"line":191,"column":0},"end":{"line":191,"column":13}},"192":{"start":{"line":193,"column":0},"end":{"line":193,"column":47}},"193":{"start":{"line":194,"column":0},"end":{"line":194,"column":25}},"194":{"start":{"line":195,"column":0},"end":{"line":195,"column":59}},"195":{"start":{"line":196,"column":0},"end":{"line":196,"column":83}},"196":{"start":{"line":197,"column":0},"end":{"line":197,"column":9}},"197":{"start":{"line":198,"column":0},"end":{"line":198,"column":5}},"198":{"start":{"line":199,"column":0},"end":{"line":199,"column":1}}},"s":{"16":1,"18":1,"19":1,"20":11,"21":11,"22":11,"24":1,"25":2,"26":2,"28":2,"30":2,"31":1,"32":1,"34":1,"35":1,"36":1,"37":1,"39":1,"40":2,"41":0,"42":0,"43":0,"44":2,"46":1,"47":2,"48":2,"50":2,"52":2,"53":1,"54":1,"57":1,"58":1,"59":1,"60":1,"62":1,"63":1,"64":1,"65":1,"67":1,"68":2,"69":0,"70":0,"71":0,"72":2,"74":1,"75":2,"76":2,"78":2,"80":2,"81":1,"82":1,"84":1,"85":1,"86":1,"87":1,"88":1,"89":1,"90":1,"91":1,"92":1,"94":1,"95":2,"96":0,"97":0,"98":0,"99":2,"101":1,"102":1,"103":1,"104":1,"106":1,"108":1,"110":1,"111":0,"112":0,"114":1,"115":1,"116":1,"117":1,"119":1,"120":1,"121":0,"122":0,"123":0,"124":1,"126":1,"127":1,"128":1,"130":1,"132":1,"133":1,"134":0,"135":0,"136":0,"137":1,"139":1,"140":1,"141":1,"143":1,"145":1,"146":0,"147":0,"149":1,"150":1,"151":1,"152":1,"153":1,"154":1,"156":1,"157":1,"158":0,"159":0,"160":0,"161":1,"163":1,"164":1,"165":1,"166":1,"168":1,"170":1,"171":0,"172":0,"174":1,"175":1,"176":0,"177":0,"178":0,"179":1,"181":1,"182":1,"183":1,"184":1,"186":1,"188":1,"189":0,"190":0,"192":1,"193":1,"194":0,"195":0,"196":0,"197":1,"198":1},"branchMap":{"0":{"type":"branch","line":20,"loc":{"start":{"line":20,"column":4},"end":{"line":23,"column":8}},"locations":[{"start":{"line":20,"column":4},"end":{"line":23,"column":8}}]},"1":{"type":"branch","line":25,"loc":{"start":{"line":25,"column":4},"end":{"line":45,"column":5}},"locations":[{"start":{"line":25,"column":4},"end":{"line":45,"column":5}}]},"2":{"type":"branch","line":31,"loc":{"start":{"line":31,"column":28},"end":{"line":41,"column":17}},"locations":[{"start":{"line":31,"column":28},"end":{"line":41,"column":17}}]},"3":{"type":"branch","line":41,"loc":{"start":{"line":41,"column":8},"end":{"line":44,"column":9}},"locations":[{"start":{"line":41,"column":8},"end":{"line":44,"column":9}}]},"4":{"type":"branch","line":47,"loc":{"start":{"line":47,"column":4},"end":{"line":73,"column":5}},"locations":[{"start":{"line":47,"column":4},"end":{"line":73,"column":5}}]},"5":{"type":"branch","line":53,"loc":{"start":{"line":53,"column":28},"end":{"line":69,"column":17}},"locations":[{"start":{"line":53,"column":28},"end":{"line":69,"column":17}}]},"6":{"type":"branch","line":69,"loc":{"start":{"line":69,"column":8},"end":{"line":72,"column":9}},"locations":[{"start":{"line":69,"column":8},"end":{"line":72,"column":9}}]},"7":{"type":"branch","line":75,"loc":{"start":{"line":75,"column":4},"end":{"line":100,"column":5}},"locations":[{"start":{"line":75,"column":4},"end":{"line":100,"column":5}}]},"8":{"type":"branch","line":81,"loc":{"start":{"line":81,"column":28},"end":{"line":96,"column":17}},"locations":[{"start":{"line":81,"column":28},"end":{"line":96,"column":17}}]},"9":{"type":"branch","line":96,"loc":{"start":{"line":96,"column":8},"end":{"line":99,"column":9}},"locations":[{"start":{"line":96,"column":8},"end":{"line":99,"column":9}}]},"10":{"type":"branch","line":102,"loc":{"start":{"line":102,"column":4},"end":{"line":125,"column":5}},"locations":[{"start":{"line":102,"column":4},"end":{"line":125,"column":5}}]},"11":{"type":"branch","line":111,"loc":{"start":{"line":111,"column":28},"end":{"line":113,"column":13}},"locations":[{"start":{"line":111,"column":28},"end":{"line":113,"column":13}}]},"12":{"type":"branch","line":121,"loc":{"start":{"line":121,"column":8},"end":{"line":124,"column":9}},"locations":[{"start":{"line":121,"column":8},"end":{"line":124,"column":9}}]},"13":{"type":"branch","line":127,"loc":{"start":{"line":127,"column":4},"end":{"line":138,"column":5}},"locations":[{"start":{"line":127,"column":4},"end":{"line":138,"column":5}}]},"14":{"type":"branch","line":134,"loc":{"start":{"line":134,"column":8},"end":{"line":137,"column":9}},"locations":[{"start":{"line":134,"column":8},"end":{"line":137,"column":9}}]},"15":{"type":"branch","line":140,"loc":{"start":{"line":140,"column":4},"end":{"line":162,"column":5}},"locations":[{"start":{"line":140,"column":4},"end":{"line":162,"column":5}}]},"16":{"type":"branch","line":146,"loc":{"start":{"line":146,"column":28},"end":{"line":148,"column":13}},"locations":[{"start":{"line":146,"column":28},"end":{"line":148,"column":13}}]},"17":{"type":"branch","line":158,"loc":{"start":{"line":158,"column":8},"end":{"line":161,"column":9}},"locations":[{"start":{"line":158,"column":8},"end":{"line":161,"column":9}}]},"18":{"type":"branch","line":150,"loc":{"start":{"line":150,"column":67},"end":{"line":155,"column":14}},"locations":[{"start":{"line":150,"column":67},"end":{"line":155,"column":14}}]},"19":{"type":"branch","line":164,"loc":{"start":{"line":164,"column":4},"end":{"line":180,"column":5}},"locations":[{"start":{"line":164,"column":4},"end":{"line":180,"column":5}}]},"20":{"type":"branch","line":171,"loc":{"start":{"line":171,"column":28},"end":{"line":173,"column":13}},"locations":[{"start":{"line":171,"column":28},"end":{"line":173,"column":13}}]},"21":{"type":"branch","line":176,"loc":{"start":{"line":176,"column":8},"end":{"line":179,"column":9}},"locations":[{"start":{"line":176,"column":8},"end":{"line":179,"column":9}}]},"22":{"type":"branch","line":182,"loc":{"start":{"line":182,"column":4},"end":{"line":198,"column":5}},"locations":[{"start":{"line":182,"column":4},"end":{"line":198,"column":5}}]},"23":{"type":"branch","line":189,"loc":{"start":{"line":189,"column":28},"end":{"line":191,"column":13}},"locations":[{"start":{"line":189,"column":28},"end":{"line":191,"column":13}}]},"24":{"type":"branch","line":194,"loc":{"start":{"line":194,"column":8},"end":{"line":197,"column":9}},"locations":[{"start":{"line":194,"column":8},"end":{"line":197,"column":9}}]}},"b":{"0":[11],"1":[2],"2":[1],"3":[0],"4":[2],"5":[1],"6":[0],"7":[2],"8":[1],"9":[0],"10":[1],"11":[0],"12":[0],"13":[1],"14":[0],"15":[1],"16":[0],"17":[0],"18":[1],"19":[1],"20":[0],"21":[0],"22":[1],"23":[0],"24":[0]},"fnMap":{"0":{"name":"UserController","decl":{"start":{"line":20,"column":4},"end":{"line":23,"column":8}},"loc":{"start":{"line":20,"column":4},"end":{"line":23,"column":8}},"line":20},"1":{"name":"register","decl":{"start":{"line":25,"column":4},"end":{"line":45,"column":5}},"loc":{"start":{"line":25,"column":4},"end":{"line":45,"column":5}},"line":25},"2":{"name":"login","decl":{"start":{"line":47,"column":4},"end":{"line":73,"column":5}},"loc":{"start":{"line":47,"column":4},"end":{"line":73,"column":5}},"line":47},"3":{"name":"getById","decl":{"start":{"line":75,"column":4},"end":{"line":100,"column":5}},"loc":{"start":{"line":75,"column":4},"end":{"line":100,"column":5}},"line":75},"4":{"name":"update","decl":{"start":{"line":102,"column":4},"end":{"line":125,"column":5}},"loc":{"start":{"line":102,"column":4},"end":{"line":125,"column":5}},"line":102},"5":{"name":"delete","decl":{"start":{"line":127,"column":4},"end":{"line":138,"column":5}},"loc":{"start":{"line":127,"column":4},"end":{"line":138,"column":5}},"line":127},"6":{"name":"getFavorites","decl":{"start":{"line":140,"column":4},"end":{"line":162,"column":5}},"loc":{"start":{"line":140,"column":4},"end":{"line":162,"column":5}},"line":140},"7":{"name":"addFavorite","decl":{"start":{"line":164,"column":4},"end":{"line":180,"column":5}},"loc":{"start":{"line":164,"column":4},"end":{"line":180,"column":5}},"line":164},"8":{"name":"removeFavorite","decl":{"start":{"line":182,"column":4},"end":{"line":198,"column":5}},"loc":{"start":{"line":182,"column":4},"end":{"line":198,"column":5}},"line":182}},"f":{"0":11,"1":2,"2":2,"3":2,"4":1,"5":1,"6":1,"7":1,"8":1}}
,"/home/damian/dev/keuzekompas/api/src/application/services/module.service.ts": {"path":"/home/damian/dev/keuzekompas/api/src/application/services/module.service.ts","all":false,"statementMap":{"0":{"start":{"line":1,"column":0},"end":{"line":1,"column":77}},"1":{"start":{"line":2,"column":0},"end":{"line":2,"column":77}},"2":{"start":{"line":3,"column":0},"end":{"line":3,"column":79}},"3":{"start":{"line":4,"column":0},"end":{"line":4,"column":74}},"4":{"start":{"line":5,"column":0},"end":{"line":5,"column":77}},"7":{"start":{"line":8,"column":0},"end":{"line":8,"column":28}},"8":{"start":{"line":9,"column":0},"end":{"line":9,"column":50}},"9":{"start":{"line":10,"column":0},"end":{"line":10,"column":36}},"10":{"start":{"line":11,"column":0},"end":{"line":11,"column":36}},"11":{"start":{"line":12,"column":0},"end":{"line":12,"column":33}},"12":{"start":{"line":13,"column":0},"end":{"line":13,"column":42}},"14":{"start":{"line":15,"column":0},"end":{"line":15,"column":60}},"15":{"start":{"line":16,"column":0},"end":{"line":16,"column":56}},"16":{"start":{"line":17,"column":0},"end":{"line":17,"column":35}},"17":{"start":{"line":18,"column":0},"end":{"line":18,"column":35}},"18":{"start":{"line":19,"column":0},"end":{"line":19,"column":34}},"19":{"start":{"line":20,"column":0},"end":{"line":20,"column":36}},"20":{"start":{"line":21,"column":0},"end":{"line":21,"column":5}},"21":{"start":{"line":22,"column":0},"end":{"line":22,"column":1}}},"s":{"0":1,"1":1,"2":1,"3":1,"4":1,"7":1,"8":1,"9":1,"10":1,"11":1,"12":1,"14":1,"15":1,"16":1,"17":1,"18":1,"19":1,"20":1,"21":1},"branchMap":{"0":{"type":"branch","line":9,"loc":{"start":{"line":9,"column":4},"end":{"line":13,"column":42}},"locations":[{"start":{"line":9,"column":4},"end":{"line":13,"column":42}}]},"1":{"type":"branch","line":15,"loc":{"start":{"line":15,"column":11},"end":{"line":21,"column":5}},"locations":[{"start":{"line":15,"column":11},"end":{"line":21,"column":5}}]}},"b":{"0":[1],"1":[1]},"fnMap":{"0":{"name":"ModuleService","decl":{"start":{"line":9,"column":4},"end":{"line":13,"column":42}},"loc":{"start":{"line":9,"column":4},"end":{"line":13,"column":42}},"line":9},"1":{"name":"createService","decl":{"start":{"line":15,"column":11},"end":{"line":21,"column":5}},"loc":{"start":{"line":15,"column":11},"end":{"line":21,"column":5}},"line":15}},"f":{"0":1,"1":1}}
,"/home/damian/dev/keuzekompas/api/src/application/services/user.service.ts": {"path":"/home/damian/dev/keuzekompas/api/src/application/services/user.service.ts","all":false,"statementMap":{"0":{"start":{"line":1,"column":0},"end":{"line":1,"column":73}},"1":{"start":{"line":2,"column":0},"end":{"line":2,"column":61}},"2":{"start":{"line":3,"column":0},"end":{"line":3,"column":59}},"3":{"start":{"line":4,"column":0},"end":{"line":4,"column":65}},"4":{"start":{"line":5,"column":0},"end":{"line":5,"column":61}},"5":{"start":{"line":6,"column":0},"end":{"line":6,"column":81}},"6":{"start":{"line":7,"column":0},"end":{"line":7,"column":67}},"7":{"start":{"line":8,"column":0},"end":{"line":8,"column":73}},"12":{"start":{"line":13,"column":0},"end":{"line":13,"column":26}},"13":{"start":{"line":14,"column":0},"end":{"line":14,"column":46}},"14":{"start":{"line":15,"column":0},"end":{"line":15,"column":34}},"15":{"start":{"line":16,"column":0},"end":{"line":16,"column":38}},"16":{"start":{"line":17,"column":0},"end":{"line":17,"column":32}},"17":{"start":{"line":18,"column":0},"end":{"line":18,"column":36}},"18":{"start":{"line":19,"column":0},"end":{"line":19,"column":44}},"19":{"start":{"line":20,"column":0},"end":{"line":20,"column":40}},"20":{"start":{"line":21,"column":0},"end":{"line":21,"column":50}},"22":{"start":{"line":23,"column":0},"end":{"line":23,"column":114}},"23":{"start":{"line":24,"column":0},"end":{"line":24,"column":52}},"24":{"start":{"line":25,"column":0},"end":{"line":25,"column":33}},"25":{"start":{"line":26,"column":0},"end":{"line":26,"column":51}},"26":{"start":{"line":27,"column":0},"end":{"line":27,"column":48}},"27":{"start":{"line":28,"column":0},"end":{"line":28,"column":34}},"28":{"start":{"line":29,"column":0},"end":{"line":29,"column":36}},"29":{"start":{"line":30,"column":0},"end":{"line":30,"column":46}},"30":{"start":{"line":31,"column":0},"end":{"line":31,"column":49}},"31":{"start":{"line":32,"column":0},"end":{"line":32,"column":5}},"32":{"start":{"line":33,"column":0},"end":{"line":33,"column":1}}},"s":{"0":1,"1":1,"2":1,"3":1,"4":1,"5":1,"6":1,"7":1,"12":1,"13":1,"14":1,"15":1,"16":1,"17":1,"18":1,"19":1,"20":1,"22":1,"23":1,"24":1,"25":1,"26":1,"27":1,"28":1,"29":1,"30":1,"31":1,"32":1},"branchMap":{"0":{"type":"branch","line":14,"loc":{"start":{"line":14,"column":4},"end":{"line":21,"column":50}},"locations":[{"start":{"line":14,"column":4},"end":{"line":21,"column":50}}]},"1":{"type":"branch","line":23,"loc":{"start":{"line":23,"column":11},"end":{"line":32,"column":5}},"locations":[{"start":{"line":23,"column":11},"end":{"line":32,"column":5}}]}},"b":{"0":[1],"1":[1]},"fnMap":{"0":{"name":"UserService","decl":{"start":{"line":14,"column":4},"end":{"line":21,"column":50}},"loc":{"start":{"line":14,"column":4},"end":{"line":21,"column":50}},"line":14},"1":{"name":"createService","decl":{"start":{"line":23,"column":11},"end":{"line":32,"column":5}},"loc":{"start":{"line":23,"column":11},"end":{"line":32,"column":5}},"line":23}},"f":{"0":1,"1":1}}
,"/home/damian/dev/keuzekompas/api/src/application/usecases/module/module.create.ts": {"path":"/home/damian/dev/keuzekompas/api/src/application/usecases/module/module.create.ts","all":false,"statementMap":{"2":{"start":{"line":3,"column":0},"end":{"line":3,"column":52}},"4":{"start":{"line":5,"column":0},"end":{"line":5,"column":27}},"5":{"start":{"line":6,"column":0},"end":{"line":6,"column":46}},"7":{"start":{"line":8,"column":0},"end":{"line":8,"column":80}},"8":{"start":{"line":9,"column":0},"end":{"line":9,"column":58}},"9":{"start":{"line":10,"column":0},"end":{"line":10,"column":30}},"10":{"start":{"line":11,"column":0},"end":{"line":11,"column":5}},"11":{"start":{"line":12,"column":0},"end":{"line":12,"column":1}}},"s":{"2":1,"4":1,"5":1,"7":1,"8":1,"9":1,"10":1,"11":1},"branchMap":{"0":{"type":"branch","line":6,"loc":{"start":{"line":6,"column":4},"end":{"line":6,"column":46}},"locations":[{"start":{"line":6,"column":4},"end":{"line":6,"column":46}}]},"1":{"type":"branch","line":8,"loc":{"start":{"line":8,"column":4},"end":{"line":11,"column":5}},"locations":[{"start":{"line":8,"column":4},"end":{"line":11,"column":5}}]}},"b":{"0":[2],"1":[1]},"fnMap":{"0":{"name":"CreateModule","decl":{"start":{"line":6,"column":4},"end":{"line":6,"column":46}},"loc":{"start":{"line":6,"column":4},"end":{"line":6,"column":46}},"line":6},"1":{"name":"execute","decl":{"start":{"line":8,"column":4},"end":{"line":11,"column":5}},"loc":{"start":{"line":8,"column":4},"end":{"line":11,"column":5}},"line":8}},"f":{"0":2,"1":1}}
,"/home/damian/dev/keuzekompas/api/src/application/usecases/module/module.delete.ts": {"path":"/home/damian/dev/keuzekompas/api/src/application/usecases/module/module.delete.ts","all":false,"statementMap":{"2":{"start":{"line":3,"column":0},"end":{"line":3,"column":27}},"3":{"start":{"line":4,"column":0},"end":{"line":4,"column":46}},"5":{"start":{"line":6,"column":0},"end":{"line":6,"column":46}},"6":{"start":{"line":7,"column":0},"end":{"line":7,"column":35}},"7":{"start":{"line":8,"column":0},"end":{"line":8,"column":5}},"8":{"start":{"line":9,"column":0},"end":{"line":9,"column":1}}},"s":{"2":1,"3":1,"5":1,"6":1,"7":1,"8":1},"branchMap":{"0":{"type":"branch","line":4,"loc":{"start":{"line":4,"column":4},"end":{"line":4,"column":46}},"locations":[{"start":{"line":4,"column":4},"end":{"line":4,"column":46}}]},"1":{"type":"branch","line":6,"loc":{"start":{"line":6,"column":4},"end":{"line":8,"column":5}},"locations":[{"start":{"line":6,"column":4},"end":{"line":8,"column":5}}]}},"b":{"0":[2],"1":[1]},"fnMap":{"0":{"name":"DeleteModule","decl":{"start":{"line":4,"column":4},"end":{"line":4,"column":46}},"loc":{"start":{"line":4,"column":4},"end":{"line":4,"column":46}},"line":4},"1":{"name":"execute","decl":{"start":{"line":6,"column":4},"end":{"line":8,"column":5}},"loc":{"start":{"line":6,"column":4},"end":{"line":8,"column":5}},"line":6}},"f":{"0":2,"1":1}}
,"/home/damian/dev/keuzekompas/api/src/application/usecases/module/module.getById.ts": {"path":"/home/damian/dev/keuzekompas/api/src/application/usecases/module/module.getById.ts","all":false,"statementMap":{"2":{"start":{"line":3,"column":0},"end":{"line":3,"column":49}},"3":{"start":{"line":4,"column":0},"end":{"line":4,"column":57}},"5":{"start":{"line":6,"column":0},"end":{"line":6,"column":28}},"6":{"start":{"line":7,"column":0},"end":{"line":7,"column":46}},"8":{"start":{"line":9,"column":0},"end":{"line":9,"column":56}},"9":{"start":{"line":10,"column":0},"end":{"line":10,"column":48}},"10":{"start":{"line":11,"column":0},"end":{"line":11,"column":64}},"12":{"start":{"line":13,"column":0},"end":{"line":13,"column":23}},"13":{"start":{"line":14,"column":0},"end":{"line":14,"column":5}},"14":{"start":{"line":15,"column":0},"end":{"line":15,"column":1}}},"s":{"2":1,"3":1,"5":1,"6":1,"8":1,"9":2,"10":2,"12":1,"13":2,"14":1},"branchMap":{"0":{"type":"branch","line":7,"loc":{"start":{"line":7,"column":4},"end":{"line":7,"column":46}},"locations":[{"start":{"line":7,"column":4},"end":{"line":7,"column":46}}]},"1":{"type":"branch","line":9,"loc":{"start":{"line":9,"column":4},"end":{"line":14,"column":5}},"locations":[{"start":{"line":9,"column":4},"end":{"line":14,"column":5}}]},"2":{"type":"branch","line":11,"loc":{"start":{"line":11,"column":18},"end":{"line":13,"column":23}},"locations":[{"start":{"line":11,"column":18},"end":{"line":13,"column":23}}]}},"b":{"0":[3],"1":[2],"2":[1]},"fnMap":{"0":{"name":"GetModuleById","decl":{"start":{"line":7,"column":4},"end":{"line":7,"column":46}},"loc":{"start":{"line":7,"column":4},"end":{"line":7,"column":46}},"line":7},"1":{"name":"execute","decl":{"start":{"line":9,"column":4},"end":{"line":14,"column":5}},"loc":{"start":{"line":9,"column":4},"end":{"line":14,"column":5}},"line":9}},"f":{"0":3,"1":2}}
,"/home/damian/dev/keuzekompas/api/src/application/usecases/module/module.list.ts": {"path":"/home/damian/dev/keuzekompas/api/src/application/usecases/module/module.list.ts","all":false,"statementMap":{"2":{"start":{"line":3,"column":0},"end":{"line":3,"column":52}},"4":{"start":{"line":5,"column":0},"end":{"line":5,"column":26}},"5":{"start":{"line":6,"column":0},"end":{"line":6,"column":46}},"7":{"start":{"line":8,"column":0},"end":{"line":8,"column":48}},"8":{"start":{"line":9,"column":0},"end":{"line":9,"column":57}},"9":{"start":{"line":10,"column":0},"end":{"line":10,"column":27}},"10":{"start":{"line":11,"column":0},"end":{"line":11,"column":5}},"11":{"start":{"line":12,"column":0},"end":{"line":12,"column":1}}},"s":{"2":1,"4":1,"5":1,"7":1,"8":2,"9":2,"10":2,"11":1},"branchMap":{"0":{"type":"branch","line":6,"loc":{"start":{"line":6,"column":4},"end":{"line":6,"column":46}},"locations":[{"start":{"line":6,"column":4},"end":{"line":6,"column":46}}]},"1":{"type":"branch","line":8,"loc":{"start":{"line":8,"column":4},"end":{"line":11,"column":5}},"locations":[{"start":{"line":8,"column":4},"end":{"line":11,"column":5}}]}},"b":{"0":[3],"1":[2]},"fnMap":{"0":{"name":"ListModules","decl":{"start":{"line":6,"column":4},"end":{"line":6,"column":46}},"loc":{"start":{"line":6,"column":4},"end":{"line":6,"column":46}},"line":6},"1":{"name":"execute","decl":{"start":{"line":8,"column":4},"end":{"line":11,"column":5}},"loc":{"start":{"line":8,"column":4},"end":{"line":11,"column":5}},"line":8}},"f":{"0":3,"1":2}}
,"/home/damian/dev/keuzekompas/api/src/application/usecases/module/module.update.ts": {"path":"/home/damian/dev/keuzekompas/api/src/application/usecases/module/module.update.ts","all":false,"statementMap":{"2":{"start":{"line":3,"column":0},"end":{"line":3,"column":49}},"3":{"start":{"line":4,"column":0},"end":{"line":4,"column":57}},"5":{"start":{"line":6,"column":0},"end":{"line":6,"column":27}},"6":{"start":{"line":7,"column":0},"end":{"line":7,"column":46}},"8":{"start":{"line":9,"column":0},"end":{"line":9,"column":68}},"9":{"start":{"line":10,"column":0},"end":{"line":10,"column":71}},"10":{"start":{"line":11,"column":0},"end":{"line":11,"column":64}},"12":{"start":{"line":13,"column":0},"end":{"line":13,"column":58}},"13":{"start":{"line":14,"column":0},"end":{"line":14,"column":30}},"14":{"start":{"line":15,"column":0},"end":{"line":15,"column":5}},"15":{"start":{"line":16,"column":0},"end":{"line":16,"column":1}}},"s":{"2":1,"3":1,"5":1,"6":1,"8":1,"9":2,"10":2,"12":1,"13":1,"14":2,"15":1},"branchMap":{"0":{"type":"branch","line":7,"loc":{"start":{"line":7,"column":4},"end":{"line":7,"column":46}},"locations":[{"start":{"line":7,"column":4},"end":{"line":7,"column":46}}]},"1":{"type":"branch","line":9,"loc":{"start":{"line":9,"column":4},"end":{"line":15,"column":5}},"locations":[{"start":{"line":9,"column":4},"end":{"line":15,"column":5}}]},"2":{"type":"branch","line":11,"loc":{"start":{"line":11,"column":18},"end":{"line":14,"column":30}},"locations":[{"start":{"line":11,"column":18},"end":{"line":14,"column":30}}]}},"b":{"0":[3],"1":[2],"2":[1]},"fnMap":{"0":{"name":"UpdateModule","decl":{"start":{"line":7,"column":4},"end":{"line":7,"column":46}},"loc":{"start":{"line":7,"column":4},"end":{"line":7,"column":46}},"line":7},"1":{"name":"execute","decl":{"start":{"line":9,"column":4},"end":{"line":15,"column":5}},"loc":{"start":{"line":9,"column":4},"end":{"line":15,"column":5}},"line":9}},"f":{"0":3,"1":2}}
,"/home/damian/dev/keuzekompas/api/src/application/usecases/user/user.addFavorite.ts": {"path":"/home/damian/dev/keuzekompas/api/src/application/usecases/user/user.addFavorite.ts","all":false,"statementMap":{"2":{"start":{"line":3,"column":0},"end":{"line":3,"column":57}},"3":{"start":{"line":4,"column":0},"end":{"line":4,"column":66}},"5":{"start":{"line":6,"column":0},"end":{"line":6,"column":26}},"6":{"start":{"line":7,"column":0},"end":{"line":7,"column":81}},"8":{"start":{"line":9,"column":0},"end":{"line":9,"column":91}},"9":{"start":{"line":10,"column":0},"end":{"line":10,"column":58}},"10":{"start":{"line":11,"column":0},"end":{"line":11,"column":67}},"12":{"start":{"line":13,"column":0},"end":{"line":13,"column":64}},"13":{"start":{"line":14,"column":0},"end":{"line":14,"column":71}},"15":{"start":{"line":16,"column":0},"end":{"line":16,"column":58}},"16":{"start":{"line":17,"column":0},"end":{"line":17,"column":60}},"17":{"start":{"line":18,"column":0},"end":{"line":18,"column":5}},"18":{"start":{"line":19,"column":0},"end":{"line":19,"column":1}}},"s":{"2":1,"3":1,"5":1,"6":1,"8":1,"9":3,"10":3,"12":2,"13":3,"15":1,"16":1,"17":3,"18":1},"branchMap":{"0":{"type":"branch","line":7,"loc":{"start":{"line":7,"column":4},"end":{"line":7,"column":81}},"locations":[{"start":{"line":7,"column":4},"end":{"line":7,"column":81}}]},"1":{"type":"branch","line":9,"loc":{"start":{"line":9,"column":4},"end":{"line":18,"column":5}},"locations":[{"start":{"line":9,"column":4},"end":{"line":18,"column":5}}]},"2":{"type":"branch","line":11,"loc":{"start":{"line":11,"column":19},"end":{"line":11,"column":67}},"locations":[{"start":{"line":11,"column":19},"end":{"line":11,"column":67}}]},"3":{"type":"branch","line":11,"loc":{"start":{"line":11,"column":65},"end":{"line":14,"column":28}},"locations":[{"start":{"line":11,"column":65},"end":{"line":14,"column":28}}]},"4":{"type":"branch","line":14,"loc":{"start":{"line":14,"column":21},"end":{"line":17,"column":60}},"locations":[{"start":{"line":14,"column":21},"end":{"line":17,"column":60}}]}},"b":{"0":[4],"1":[3],"2":[1],"3":[2],"4":[1]},"fnMap":{"0":{"name":"AddFavorite","decl":{"start":{"line":7,"column":4},"end":{"line":7,"column":81}},"loc":{"start":{"line":7,"column":4},"end":{"line":7,"column":81}},"line":7},"1":{"name":"execute","decl":{"start":{"line":9,"column":4},"end":{"line":18,"column":5}},"loc":{"start":{"line":9,"column":4},"end":{"line":18,"column":5}},"line":9}},"f":{"0":4,"1":3}}
,"/home/damian/dev/keuzekompas/api/src/application/usecases/user/user.delete.ts": {"path":"/home/damian/dev/keuzekompas/api/src/application/usecases/user/user.delete.ts","all":false,"statementMap":{"2":{"start":{"line":3,"column":0},"end":{"line":3,"column":25}},"3":{"start":{"line":4,"column":0},"end":{"line":4,"column":44}},"5":{"start":{"line":6,"column":0},"end":{"line":6,"column":46}},"6":{"start":{"line":7,"column":0},"end":{"line":7,"column":35}},"7":{"start":{"line":8,"column":0},"end":{"line":8,"column":5}},"8":{"start":{"line":9,"column":0},"end":{"line":9,"column":1}}},"s":{"2":1,"3":1,"5":1,"6":1,"7":1,"8":1},"branchMap":{"0":{"type":"branch","line":4,"loc":{"start":{"line":4,"column":4},"end":{"line":4,"column":44}},"locations":[{"start":{"line":4,"column":4},"end":{"line":4,"column":44}}]},"1":{"type":"branch","line":6,"loc":{"start":{"line":6,"column":4},"end":{"line":8,"column":5}},"locations":[{"start":{"line":6,"column":4},"end":{"line":8,"column":5}}]}},"b":{"0":[2],"1":[1]},"fnMap":{"0":{"name":"DeleteUser","decl":{"start":{"line":4,"column":4},"end":{"line":4,"column":44}},"loc":{"start":{"line":4,"column":4},"end":{"line":4,"column":44}},"line":4},"1":{"name":"execute","decl":{"start":{"line":6,"column":4},"end":{"line":8,"column":5}},"loc":{"start":{"line":6,"column":4},"end":{"line":8,"column":5}},"line":6}},"f":{"0":2,"1":1}}
,"/home/damian/dev/keuzekompas/api/src/application/usecases/user/user.getById.ts": {"path":"/home/damian/dev/keuzekompas/api/src/application/usecases/user/user.getById.ts","all":false,"statementMap":{"2":{"start":{"line":3,"column":0},"end":{"line":3,"column":49}},"3":{"start":{"line":4,"column":0},"end":{"line":4,"column":57}},"5":{"start":{"line":6,"column":0},"end":{"line":6,"column":26}},"6":{"start":{"line":7,"column":0},"end":{"line":7,"column":44}},"8":{"start":{"line":9,"column":0},"end":{"line":9,"column":54}},"9":{"start":{"line":10,"column":0},"end":{"line":10,"column":63}},"10":{"start":{"line":11,"column":0},"end":{"line":11,"column":65}},"12":{"start":{"line":13,"column":0},"end":{"line":13,"column":24}},"13":{"start":{"line":14,"column":0},"end":{"line":14,"column":5}},"14":{"start":{"line":15,"column":0},"end":{"line":15,"column":1}}},"s":{"2":1,"3":1,"5":1,"6":1,"8":1,"9":2,"10":2,"12":1,"13":2,"14":1},"branchMap":{"0":{"type":"branch","line":7,"loc":{"start":{"line":7,"column":4},"end":{"line":7,"column":44}},"locations":[{"start":{"line":7,"column":4},"end":{"line":7,"column":44}}]},"1":{"type":"branch","line":9,"loc":{"start":{"line":9,"column":4},"end":{"line":14,"column":5}},"locations":[{"start":{"line":9,"column":4},"end":{"line":14,"column":5}}]},"2":{"type":"branch","line":11,"loc":{"start":{"line":11,"column":19},"end":{"line":13,"column":24}},"locations":[{"start":{"line":11,"column":19},"end":{"line":13,"column":24}}]}},"b":{"0":[3],"1":[2],"2":[1]},"fnMap":{"0":{"name":"GetUserById","decl":{"start":{"line":7,"column":4},"end":{"line":7,"column":44}},"loc":{"start":{"line":7,"column":4},"end":{"line":7,"column":44}},"line":7},"1":{"name":"execute","decl":{"start":{"line":9,"column":4},"end":{"line":14,"column":5}},"loc":{"start":{"line":9,"column":4},"end":{"line":14,"column":5}},"line":9}},"f":{"0":3,"1":2}}
,"/home/damian/dev/keuzekompas/api/src/application/usecases/user/user.listfavorites.ts": {"path":"/home/damian/dev/keuzekompas/api/src/application/usecases/user/user.listfavorites.ts","all":false,"statementMap":{"2":{"start":{"line":3,"column":0},"end":{"line":3,"column":49}},"3":{"start":{"line":4,"column":0},"end":{"line":4,"column":57}},"5":{"start":{"line":6,"column":0},"end":{"line":6,"column":28}},"6":{"start":{"line":7,"column":0},"end":{"line":7,"column":44}},"8":{"start":{"line":9,"column":0},"end":{"line":9,"column":58}},"9":{"start":{"line":10,"column":0},"end":{"line":10,"column":50}},"10":{"start":{"line":11,"column":0},"end":{"line":11,"column":65}},"12":{"start":{"line":13,"column":0},"end":{"line":13,"column":68}},"13":{"start":{"line":14,"column":0},"end":{"line":14,"column":27}},"14":{"start":{"line":15,"column":0},"end":{"line":15,"column":5}},"15":{"start":{"line":16,"column":0},"end":{"line":16,"column":1}}},"s":{"2":1,"3":1,"5":1,"6":1,"8":1,"9":2,"10":2,"12":1,"13":1,"14":2,"15":1},"branchMap":{"0":{"type":"branch","line":7,"loc":{"start":{"line":7,"column":4},"end":{"line":7,"column":44}},"locations":[{"start":{"line":7,"column":4},"end":{"line":7,"column":44}}]},"1":{"type":"branch","line":9,"loc":{"start":{"line":9,"column":4},"end":{"line":15,"column":5}},"locations":[{"start":{"line":9,"column":4},"end":{"line":15,"column":5}}]},"2":{"type":"branch","line":11,"loc":{"start":{"line":11,"column":19},"end":{"line":14,"column":27}},"locations":[{"start":{"line":11,"column":19},"end":{"line":14,"column":27}}]}},"b":{"0":[3],"1":[2],"2":[1]},"fnMap":{"0":{"name":"ListFavorites","decl":{"start":{"line":7,"column":4},"end":{"line":7,"column":44}},"loc":{"start":{"line":7,"column":4},"end":{"line":7,"column":44}},"line":7},"1":{"name":"execute","decl":{"start":{"line":9,"column":4},"end":{"line":15,"column":5}},"loc":{"start":{"line":9,"column":4},"end":{"line":15,"column":5}},"line":9}},"f":{"0":3,"1":2}}
,"/home/damian/dev/keuzekompas/api/src/application/usecases/user/user.login.ts": {"path":"/home/damian/dev/keuzekompas/api/src/application/usecases/user/user.login.ts","all":false,"statementMap":{"2":{"start":{"line":3,"column":0},"end":{"line":3,"column":66}},"3":{"start":{"line":4,"column":0},"end":{"line":4,"column":57}},"6":{"start":{"line":7,"column":0},"end":{"line":7,"column":24}},"7":{"start":{"line":8,"column":0},"end":{"line":8,"column":85}},"9":{"start":{"line":10,"column":0},"end":{"line":10,"column":96}},"10":{"start":{"line":11,"column":0},"end":{"line":11,"column":75}},"11":{"start":{"line":12,"column":0},"end":{"line":12,"column":72}},"13":{"start":{"line":14,"column":0},"end":{"line":14,"column":90}},"14":{"start":{"line":15,"column":0},"end":{"line":15,"column":75}},"16":{"start":{"line":17,"column":0},"end":{"line":17,"column":35}},"17":{"start":{"line":18,"column":0},"end":{"line":18,"column":5}},"18":{"start":{"line":19,"column":0},"end":{"line":19,"column":1}}},"s":{"2":1,"3":1,"6":1,"7":1,"9":1,"10":3,"11":3,"13":2,"14":3,"16":1,"17":3,"18":1},"branchMap":{"0":{"type":"branch","line":8,"loc":{"start":{"line":8,"column":4},"end":{"line":8,"column":85}},"locations":[{"start":{"line":8,"column":4},"end":{"line":8,"column":85}}]},"1":{"type":"branch","line":10,"loc":{"start":{"line":10,"column":4},"end":{"line":18,"column":5}},"locations":[{"start":{"line":10,"column":4},"end":{"line":18,"column":5}}]},"2":{"type":"branch","line":12,"loc":{"start":{"line":12,"column":19},"end":{"line":12,"column":72}},"locations":[{"start":{"line":12,"column":19},"end":{"line":12,"column":72}}]},"3":{"type":"branch","line":12,"loc":{"start":{"line":12,"column":70},"end":{"line":15,"column":27}},"locations":[{"start":{"line":12,"column":70},"end":{"line":15,"column":27}}]},"4":{"type":"branch","line":15,"loc":{"start":{"line":15,"column":20},"end":{"line":17,"column":35}},"locations":[{"start":{"line":15,"column":20},"end":{"line":17,"column":35}}]}},"b":{"0":[4],"1":[3],"2":[1],"3":[2],"4":[1]},"fnMap":{"0":{"name":"LoginUser","decl":{"start":{"line":8,"column":4},"end":{"line":8,"column":85}},"loc":{"start":{"line":8,"column":4},"end":{"line":8,"column":85}},"line":8},"1":{"name":"execute","decl":{"start":{"line":10,"column":4},"end":{"line":18,"column":5}},"loc":{"start":{"line":10,"column":4},"end":{"line":18,"column":5}},"line":10}},"f":{"0":4,"1":3}}
,"/home/damian/dev/keuzekompas/api/src/application/usecases/user/user.register.ts": {"path":"/home/damian/dev/keuzekompas/api/src/application/usecases/user/user.register.ts","all":false,"statementMap":{"1":{"start":{"line":2,"column":0},"end":{"line":2,"column":57}},"2":{"start":{"line":3,"column":0},"end":{"line":3,"column":51}},"6":{"start":{"line":7,"column":0},"end":{"line":7,"column":27}},"7":{"start":{"line":8,"column":0},"end":{"line":8,"column":85}},"9":{"start":{"line":10,"column":0},"end":{"line":10,"column":140}},"10":{"start":{"line":11,"column":0},"end":{"line":11,"column":64}},"11":{"start":{"line":12,"column":0},"end":{"line":12,"column":80}},"13":{"start":{"line":14,"column":0},"end":{"line":14,"column":84}},"15":{"start":{"line":16,"column":0},"end":{"line":16,"column":28}},"16":{"start":{"line":17,"column":0},"end":{"line":17,"column":31}},"17":{"start":{"line":18,"column":0},"end":{"line":18,"column":29}},"18":{"start":{"line":19,"column":0},"end":{"line":19,"column":31}},"19":{"start":{"line":20,"column":0},"end":{"line":20,"column":39}},"20":{"start":{"line":21,"column":0},"end":{"line":21,"column":34}},"21":{"start":{"line":22,"column":0},"end":{"line":22,"column":26}},"22":{"start":{"line":23,"column":0},"end":{"line":23,"column":33}},"23":{"start":{"line":24,"column":0},"end":{"line":24,"column":9}},"25":{"start":{"line":26,"column":0},"end":{"line":26,"column":56}},"26":{"start":{"line":27,"column":0},"end":{"line":27,"column":29}},"27":{"start":{"line":28,"column":0},"end":{"line":28,"column":5}},"28":{"start":{"line":29,"column":0},"end":{"line":29,"column":1}}},"s":{"1":1,"2":1,"6":1,"7":1,"9":1,"10":4,"11":4,"13":3,"15":3,"16":3,"17":3,"18":3,"19":3,"20":4,"21":4,"22":4,"23":4,"25":4,"26":3,"27":4,"28":1},"branchMap":{"0":{"type":"branch","line":8,"loc":{"start":{"line":8,"column":4},"end":{"line":8,"column":85}},"locations":[{"start":{"line":8,"column":4},"end":{"line":8,"column":85}}]},"1":{"type":"branch","line":10,"loc":{"start":{"line":10,"column":4},"end":{"line":28,"column":5}},"locations":[{"start":{"line":10,"column":4},"end":{"line":28,"column":5}}]},"2":{"type":"branch","line":12,"loc":{"start":{"line":12,"column":20},"end":{"line":12,"column":80}},"locations":[{"start":{"line":12,"column":20},"end":{"line":12,"column":80}}]},"3":{"type":"branch","line":12,"loc":{"start":{"line":12,"column":78},"end":{"line":21,"column":32}},"locations":[{"start":{"line":12,"column":78},"end":{"line":21,"column":32}}]},"4":{"type":"branch","line":21,"loc":{"start":{"line":21,"column":24},"end":{"line":21,"column":34}},"locations":[{"start":{"line":21,"column":24},"end":{"line":21,"column":34}}]},"5":{"type":"branch","line":26,"loc":{"start":{"line":26,"column":54},"end":{"line":27,"column":29}},"locations":[{"start":{"line":26,"column":54},"end":{"line":27,"column":29}}]}},"b":{"0":[5],"1":[4],"2":[1],"3":[3],"4":[2],"5":[3]},"fnMap":{"0":{"name":"RegisterUser","decl":{"start":{"line":8,"column":4},"end":{"line":8,"column":85}},"loc":{"start":{"line":8,"column":4},"end":{"line":8,"column":85}},"line":8},"1":{"name":"execute","decl":{"start":{"line":10,"column":4},"end":{"line":28,"column":5}},"loc":{"start":{"line":10,"column":4},"end":{"line":28,"column":5}},"line":10}},"f":{"0":5,"1":4}}
,"/home/damian/dev/keuzekompas/api/src/application/usecases/user/user.removeFavorite.ts": {"path":"/home/damian/dev/keuzekompas/api/src/application/usecases/user/user.removeFavorite.ts","all":false,"statementMap":{"2":{"start":{"line":3,"column":0},"end":{"line":3,"column":57}},"3":{"start":{"line":4,"column":0},"end":{"line":4,"column":49}},"5":{"start":{"line":6,"column":0},"end":{"line":6,"column":29}},"6":{"start":{"line":7,"column":0},"end":{"line":7,"column":81}},"8":{"start":{"line":9,"column":0},"end":{"line":9,"column":91}},"9":{"start":{"line":10,"column":0},"end":{"line":10,"column":58}},"10":{"start":{"line":11,"column":0},"end":{"line":11,"column":67}},"12":{"start":{"line":13,"column":0},"end":{"line":13,"column":64}},"13":{"start":{"line":14,"column":0},"end":{"line":14,"column":71}},"15":{"start":{"line":16,"column":0},"end":{"line":16,"column":61}},"16":{"start":{"line":17,"column":0},"end":{"line":17,"column":64}},"17":{"start":{"line":18,"column":0},"end":{"line":18,"column":5}},"18":{"start":{"line":19,"column":0},"end":{"line":19,"column":1}}},"s":{"2":1,"3":1,"5":1,"6":1,"8":1,"9":3,"10":3,"12":2,"13":3,"15":1,"16":1,"17":3,"18":1},"branchMap":{"0":{"type":"branch","line":7,"loc":{"start":{"line":7,"column":4},"end":{"line":7,"column":81}},"locations":[{"start":{"line":7,"column":4},"end":{"line":7,"column":81}}]},"1":{"type":"branch","line":9,"loc":{"start":{"line":9,"column":4},"end":{"line":18,"column":5}},"locations":[{"start":{"line":9,"column":4},"end":{"line":18,"column":5}}]},"2":{"type":"branch","line":11,"loc":{"start":{"line":11,"column":19},"end":{"line":11,"column":67}},"locations":[{"start":{"line":11,"column":19},"end":{"line":11,"column":67}}]},"3":{"type":"branch","line":11,"loc":{"start":{"line":11,"column":65},"end":{"line":14,"column":28}},"locations":[{"start":{"line":11,"column":65},"end":{"line":14,"column":28}}]},"4":{"type":"branch","line":14,"loc":{"start":{"line":14,"column":21},"end":{"line":17,"column":64}},"locations":[{"start":{"line":14,"column":21},"end":{"line":17,"column":64}}]}},"b":{"0":[4],"1":[3],"2":[1],"3":[2],"4":[1]},"fnMap":{"0":{"name":"RemoveFavorite","decl":{"start":{"line":7,"column":4},"end":{"line":7,"column":81}},"loc":{"start":{"line":7,"column":4},"end":{"line":7,"column":81}},"line":7},"1":{"name":"execute","decl":{"start":{"line":9,"column":4},"end":{"line":18,"column":5}},"loc":{"start":{"line":9,"column":4},"end":{"line":18,"column":5}},"line":9}},"f":{"0":4,"1":3}}
,"/home/damian/dev/keuzekompas/api/src/application/usecases/user/user.update.ts": {"path":"/home/damian/dev/keuzekompas/api/src/application/usecases/user/user.update.ts","all":false,"statementMap":{"2":{"start":{"line":3,"column":0},"end":{"line":3,"column":49}},"3":{"start":{"line":4,"column":0},"end":{"line":4,"column":57}},"5":{"start":{"line":6,"column":0},"end":{"line":6,"column":25}},"6":{"start":{"line":7,"column":0},"end":{"line":7,"column":44}},"8":{"start":{"line":9,"column":0},"end":{"line":9,"column":64}},"9":{"start":{"line":10,"column":0},"end":{"line":10,"column":69}},"10":{"start":{"line":11,"column":0},"end":{"line":11,"column":65}},"12":{"start":{"line":13,"column":0},"end":{"line":13,"column":63}},"13":{"start":{"line":14,"column":0},"end":{"line":14,"column":31}},"14":{"start":{"line":15,"column":0},"end":{"line":15,"column":5}},"15":{"start":{"line":16,"column":0},"end":{"line":16,"column":1}}},"s":{"2":1,"3":1,"5":1,"6":1,"8":1,"9":2,"10":2,"12":1,"13":1,"14":2,"15":1},"branchMap":{"0":{"type":"branch","line":7,"loc":{"start":{"line":7,"column":4},"end":{"line":7,"column":44}},"locations":[{"start":{"line":7,"column":4},"end":{"line":7,"column":44}}]},"1":{"type":"branch","line":9,"loc":{"start":{"line":9,"column":4},"end":{"line":15,"column":5}},"locations":[{"start":{"line":9,"column":4},"end":{"line":15,"column":5}}]},"2":{"type":"branch","line":11,"loc":{"start":{"line":11,"column":19},"end":{"line":14,"column":31}},"locations":[{"start":{"line":11,"column":19},"end":{"line":14,"column":31}}]}},"b":{"0":[3],"1":[2],"2":[1]},"fnMap":{"0":{"name":"UpdateUser","decl":{"start":{"line":7,"column":4},"end":{"line":7,"column":44}},"loc":{"start":{"line":7,"column":4},"end":{"line":7,"column":44}},"line":7},"1":{"name":"execute","decl":{"start":{"line":9,"column":4},"end":{"line":15,"column":5}},"loc":{"start":{"line":9,"column":4},"end":{"line":15,"column":5}},"line":9}},"f":{"0":3,"1":2}}
,"/home/damian/dev/keuzekompas/api/src/infra/mappers/module.mapper.ts": {"path":"/home/damian/dev/keuzekompas/api/src/infra/mappers/module.mapper.ts","all":false,"statementMap":{"3":{"start":{"line":4,"column":0},"end":{"line":4,"column":59}},"4":{"start":{"line":5,"column":0},"end":{"line":5,"column":12}},"5":{"start":{"line":6,"column":0},"end":{"line":6,"column":31}},"6":{"start":{"line":7,"column":0},"end":{"line":7,"column":24}},"7":{"start":{"line":8,"column":0},"end":{"line":8,"column":32}},"8":{"start":{"line":9,"column":0},"end":{"line":9,"column":28}},"9":{"start":{"line":10,"column":0},"end":{"line":10,"column":32}},"10":{"start":{"line":11,"column":0},"end":{"line":11,"column":32}},"11":{"start":{"line":12,"column":0},"end":{"line":12,"column":32}},"12":{"start":{"line":13,"column":0},"end":{"line":13,"column":26}},"13":{"start":{"line":14,"column":0},"end":{"line":14,"column":38}},"14":{"start":{"line":15,"column":0},"end":{"line":15,"column":38}},"15":{"start":{"line":16,"column":0},"end":{"line":16,"column":34}},"16":{"start":{"line":17,"column":0},"end":{"line":17,"column":6}},"17":{"start":{"line":18,"column":0},"end":{"line":18,"column":1}},"19":{"start":{"line":20,"column":0},"end":{"line":20,"column":71}},"20":{"start":{"line":21,"column":0},"end":{"line":21,"column":12}},"21":{"start":{"line":22,"column":0},"end":{"line":22,"column":26}},"22":{"start":{"line":23,"column":0},"end":{"line":23,"column":34}},"23":{"start":{"line":24,"column":0},"end":{"line":24,"column":30}},"24":{"start":{"line":25,"column":0},"end":{"line":25,"column":34}},"25":{"start":{"line":26,"column":0},"end":{"line":26,"column":34}},"26":{"start":{"line":27,"column":0},"end":{"line":27,"column":34}},"27":{"start":{"line":28,"column":0},"end":{"line":28,"column":28}},"28":{"start":{"line":29,"column":0},"end":{"line":29,"column":40}},"29":{"start":{"line":30,"column":0},"end":{"line":30,"column":40}},"30":{"start":{"line":31,"column":0},"end":{"line":31,"column":36}},"31":{"start":{"line":32,"column":0},"end":{"line":32,"column":6}},"32":{"start":{"line":33,"column":0},"end":{"line":33,"column":1}}},"s":{"3":1,"4":5,"5":5,"6":5,"7":5,"8":5,"9":5,"10":5,"11":5,"12":5,"13":5,"14":5,"15":5,"16":5,"17":5,"19":1,"20":8,"21":8,"22":8,"23":8,"24":8,"25":8,"26":8,"27":8,"28":8,"29":8,"30":8,"31":8,"32":8},"branchMap":{"0":{"type":"branch","line":4,"loc":{"start":{"line":4,"column":7},"end":{"line":18,"column":1}},"locations":[{"start":{"line":4,"column":7},"end":{"line":18,"column":1}}]},"1":{"type":"branch","line":20,"loc":{"start":{"line":20,"column":7},"end":{"line":33,"column":1}},"locations":[{"start":{"line":20,"column":7},"end":{"line":33,"column":1}}]}},"b":{"0":[5],"1":[8]},"fnMap":{"0":{"name":"moduleDocToModule","decl":{"start":{"line":4,"column":7},"end":{"line":18,"column":1}},"loc":{"start":{"line":4,"column":7},"end":{"line":18,"column":1}},"line":4},"1":{"name":"moduleToModuleDoc","decl":{"start":{"line":20,"column":7},"end":{"line":33,"column":1}},"loc":{"start":{"line":20,"column":7},"end":{"line":33,"column":1}},"line":20}},"f":{"0":5,"1":8}}
,"/home/damian/dev/keuzekompas/api/src/infra/mappers/user.mapper.ts": {"path":"/home/damian/dev/keuzekompas/api/src/infra/mappers/user.mapper.ts","all":false,"statementMap":{"5":{"start":{"line":6,"column":0},"end":{"line":6,"column":51}},"6":{"start":{"line":7,"column":0},"end":{"line":7,"column":12}},"7":{"start":{"line":8,"column":0},"end":{"line":8,"column":31}},"8":{"start":{"line":9,"column":0},"end":{"line":9,"column":26}},"9":{"start":{"line":10,"column":0},"end":{"line":10,"column":24}},"10":{"start":{"line":11,"column":0},"end":{"line":11,"column":26}},"11":{"start":{"line":12,"column":0},"end":{"line":12,"column":40}},"12":{"start":{"line":13,"column":0},"end":{"line":13,"column":24}},"13":{"start":{"line":14,"column":0},"end":{"line":14,"column":22}},"14":{"start":{"line":15,"column":0},"end":{"line":15,"column":34}},"15":{"start":{"line":16,"column":0},"end":{"line":16,"column":6}},"16":{"start":{"line":17,"column":0},"end":{"line":17,"column":1}},"18":{"start":{"line":19,"column":0},"end":{"line":19,"column":61}},"19":{"start":{"line":20,"column":0},"end":{"line":20,"column":22}},"20":{"start":{"line":21,"column":0},"end":{"line":21,"column":26}},"21":{"start":{"line":22,"column":0},"end":{"line":22,"column":24}},"22":{"start":{"line":23,"column":0},"end":{"line":23,"column":26}},"23":{"start":{"line":24,"column":0},"end":{"line":24,"column":40}},"24":{"start":{"line":25,"column":0},"end":{"line":25,"column":24}},"25":{"start":{"line":26,"column":0},"end":{"line":26,"column":34}},"26":{"start":{"line":27,"column":0},"end":{"line":27,"column":6}},"28":{"start":{"line":29,"column":0},"end":{"line":29,"column":54}},"29":{"start":{"line":30,"column":0},"end":{"line":30,"column":58}},"30":{"start":{"line":31,"column":0},"end":{"line":31,"column":5}},"32":{"start":{"line":33,"column":0},"end":{"line":33,"column":15}},"33":{"start":{"line":34,"column":0},"end":{"line":34,"column":1}},"35":{"start":{"line":36,"column":0},"end":{"line":36,"column":59}},"36":{"start":{"line":37,"column":0},"end":{"line":37,"column":12}},"37":{"start":{"line":38,"column":0},"end":{"line":38,"column":31}},"38":{"start":{"line":39,"column":0},"end":{"line":39,"column":24}},"39":{"start":{"line":40,"column":0},"end":{"line":40,"column":32}},"40":{"start":{"line":41,"column":0},"end":{"line":41,"column":28}},"41":{"start":{"line":42,"column":0},"end":{"line":42,"column":32}},"42":{"start":{"line":43,"column":0},"end":{"line":43,"column":32}},"43":{"start":{"line":44,"column":0},"end":{"line":44,"column":32}},"44":{"start":{"line":45,"column":0},"end":{"line":45,"column":26}},"45":{"start":{"line":46,"column":0},"end":{"line":46,"column":38}},"46":{"start":{"line":47,"column":0},"end":{"line":47,"column":38}},"47":{"start":{"line":48,"column":0},"end":{"line":48,"column":34}},"48":{"start":{"line":49,"column":0},"end":{"line":49,"column":6}},"49":{"start":{"line":50,"column":0},"end":{"line":50,"column":1}}},"s":{"5":1,"6":3,"7":3,"8":3,"9":3,"10":3,"11":3,"12":3,"13":3,"14":3,"15":3,"16":3,"18":1,"19":8,"20":8,"21":8,"22":8,"23":8,"24":8,"25":8,"26":8,"28":8,"29":0,"30":0,"32":8,"33":8,"35":1,"36":0,"37":0,"38":0,"39":0,"40":0,"41":0,"42":0,"43":0,"44":0,"45":0,"46":0,"47":0,"48":0,"49":0},"branchMap":{"0":{"type":"branch","line":6,"loc":{"start":{"line":6,"column":7},"end":{"line":17,"column":1}},"locations":[{"start":{"line":6,"column":7},"end":{"line":17,"column":1}}]},"1":{"type":"branch","line":19,"loc":{"start":{"line":19,"column":7},"end":{"line":34,"column":1}},"locations":[{"start":{"line":19,"column":7},"end":{"line":34,"column":1}}]},"2":{"type":"branch","line":29,"loc":{"start":{"line":29,"column":53},"end":{"line":31,"column":5}},"locations":[{"start":{"line":29,"column":53},"end":{"line":31,"column":5}}]}},"b":{"0":[3],"1":[8],"2":[0]},"fnMap":{"0":{"name":"userDocToUser","decl":{"start":{"line":6,"column":7},"end":{"line":17,"column":1}},"loc":{"start":{"line":6,"column":7},"end":{"line":17,"column":1}},"line":6},"1":{"name":"userToUserDoc","decl":{"start":{"line":19,"column":7},"end":{"line":34,"column":1}},"loc":{"start":{"line":19,"column":7},"end":{"line":34,"column":1}},"line":19},"2":{"name":"moduleDocToModule","decl":{"start":{"line":36,"column":7},"end":{"line":50,"column":1}},"loc":{"start":{"line":36,"column":7},"end":{"line":50,"column":1}},"line":36}},"f":{"0":3,"1":8,"2":0}}
,"/home/damian/dev/keuzekompas/api/src/infra/models/module.model.ts": {"path":"/home/damian/dev/keuzekompas/api/src/infra/models/module.model.ts","all":false,"statementMap":{"0":{"start":{"line":1,"column":0},"end":{"line":1,"column":80}},"2":{"start":{"line":3,"column":0},"end":{"line":3,"column":33}},"3":{"start":{"line":4,"column":0},"end":{"line":4,"column":69}},"4":{"start":{"line":5,"column":0},"end":{"line":5,"column":54}},"5":{"start":{"line":6,"column":0},"end":{"line":6,"column":45}},"6":{"start":{"line":7,"column":0},"end":{"line":7,"column":73}},"7":{"start":{"line":8,"column":0},"end":{"line":8,"column":26}},"9":{"start":{"line":10,"column":0},"end":{"line":10,"column":79}},"13":{"start":{"line":14,"column":0},"end":{"line":14,"column":77}},"14":{"start":{"line":15,"column":0},"end":{"line":15,"column":68}},"15":{"start":{"line":16,"column":0},"end":{"line":16,"column":1}}},"s":{"0":1,"2":1,"3":1,"4":1,"5":1,"6":1,"7":1,"9":1,"13":1,"14":2,"15":2},"branchMap":{"0":{"type":"branch","line":7,"loc":{"start":{"line":7,"column":38},"end":{"line":7,"column":56}},"locations":[{"start":{"line":7,"column":38},"end":{"line":7,"column":56}}]},"1":{"type":"branch","line":14,"loc":{"start":{"line":14,"column":7},"end":{"line":16,"column":1}},"locations":[{"start":{"line":14,"column":7},"end":{"line":16,"column":1}}]}},"b":{"0":[1],"1":[2]},"fnMap":{"0":{"name":"default","decl":{"start":{"line":7,"column":38},"end":{"line":7,"column":56}},"loc":{"start":{"line":7,"column":38},"end":{"line":7,"column":56}},"line":7},"1":{"name":"getModuleModel","decl":{"start":{"line":14,"column":7},"end":{"line":16,"column":1}},"loc":{"start":{"line":14,"column":7},"end":{"line":16,"column":1}},"line":14}},"f":{"0":1,"1":2}}
,"/home/damian/dev/keuzekompas/api/src/infra/models/user.model.ts": {"path":"/home/damian/dev/keuzekompas/api/src/infra/models/user.model.ts","all":false,"statementMap":{"0":{"start":{"line":1,"column":0},"end":{"line":1,"column":80}},"2":{"start":{"line":3,"column":0},"end":{"line":3,"column":31}},"3":{"start":{"line":4,"column":0},"end":{"line":4,"column":71}},"4":{"start":{"line":5,"column":0},"end":{"line":5,"column":43}},"5":{"start":{"line":6,"column":0},"end":{"line":6,"column":44}},"6":{"start":{"line":7,"column":0},"end":{"line":7,"column":51}},"7":{"start":{"line":8,"column":0},"end":{"line":8,"column":55}},"8":{"start":{"line":9,"column":0},"end":{"line":9,"column":77}},"9":{"start":{"line":10,"column":0},"end":{"line":10,"column":73}},"10":{"start":{"line":11,"column":0},"end":{"line":11,"column":26}},"14":{"start":{"line":15,"column":0},"end":{"line":15,"column":73}},"15":{"start":{"line":16,"column":0},"end":{"line":16,"column":60}},"16":{"start":{"line":17,"column":0},"end":{"line":17,"column":1}}},"s":{"0":1,"2":1,"3":1,"4":1,"5":1,"6":1,"7":1,"8":1,"9":1,"10":1,"14":1,"15":1,"16":1},"branchMap":{"0":{"type":"branch","line":10,"loc":{"start":{"line":10,"column":54},"end":{"line":10,"column":71}},"locations":[{"start":{"line":10,"column":54},"end":{"line":10,"column":71}}]},"1":{"type":"branch","line":15,"loc":{"start":{"line":15,"column":7},"end":{"line":17,"column":1}},"locations":[{"start":{"line":15,"column":7},"end":{"line":17,"column":1}}]}},"b":{"0":[1],"1":[1]},"fnMap":{"0":{"name":"default","decl":{"start":{"line":10,"column":54},"end":{"line":10,"column":71}},"loc":{"start":{"line":10,"column":54},"end":{"line":10,"column":71}},"line":10},"1":{"name":"getUserModel","decl":{"start":{"line":15,"column":7},"end":{"line":17,"column":1}},"loc":{"start":{"line":15,"column":7},"end":{"line":17,"column":1}},"line":15}},"f":{"0":1,"1":1}}
,"/home/damian/dev/keuzekompas/api/src/infra/repos/module.repo.ts": {"path":"/home/damian/dev/keuzekompas/api/src/infra/repos/module.repo.ts","all":false,"statementMap":{"0":{"start":{"line":1,"column":0},"end":{"line":1,"column":32}},"3":{"start":{"line":4,"column":0},"end":{"line":4,"column":59}},"4":{"start":{"line":5,"column":0},"end":{"line":5,"column":83}},"6":{"start":{"line":7,"column":0},"end":{"line":7,"column":48}},"7":{"start":{"line":8,"column":0},"end":{"line":8,"column":24}},"9":{"start":{"line":10,"column":0},"end":{"line":10,"column":50}},"10":{"start":{"line":11,"column":0},"end":{"line":11,"column":54}},"11":{"start":{"line":12,"column":0},"end":{"line":12,"column":5}},"13":{"start":{"line":14,"column":0},"end":{"line":14,"column":51}},"14":{"start":{"line":15,"column":0},"end":{"line":15,"column":52}},"16":{"start":{"line":17,"column":0},"end":{"line":17,"column":24}},"17":{"start":{"line":18,"column":0},"end":{"line":18,"column":69}},"18":{"start":{"line":19,"column":0},"end":{"line":19,"column":26}},"19":{"start":{"line":20,"column":0},"end":{"line":20,"column":26}},"20":{"start":{"line":21,"column":0},"end":{"line":21,"column":43}},"21":{"start":{"line":22,"column":0},"end":{"line":22,"column":14}},"22":{"start":{"line":23,"column":0},"end":{"line":23,"column":42}},"23":{"start":{"line":24,"column":0},"end":{"line":24,"column":16}},"24":{"start":{"line":25,"column":0},"end":{"line":25,"column":69}},"25":{"start":{"line":26,"column":0},"end":{"line":26,"column":42}},"26":{"start":{"line":27,"column":0},"end":{"line":27,"column":9}},"27":{"start":{"line":28,"column":0},"end":{"line":28,"column":5}},"29":{"start":{"line":30,"column":0},"end":{"line":30,"column":56}},"30":{"start":{"line":31,"column":0},"end":{"line":31,"column":56}},"31":{"start":{"line":32,"column":0},"end":{"line":32,"column":51}},"32":{"start":{"line":33,"column":0},"end":{"line":33,"column":5}},"34":{"start":{"line":35,"column":0},"end":{"line":35,"column":48}},"35":{"start":{"line":36,"column":0},"end":{"line":36,"column":56}},"36":{"start":{"line":37,"column":0},"end":{"line":37,"column":19}},"37":{"start":{"line":38,"column":0},"end":{"line":38,"column":62}},"38":{"start":{"line":39,"column":0},"end":{"line":39,"column":9}},"39":{"start":{"line":40,"column":0},"end":{"line":40,"column":38}},"40":{"start":{"line":41,"column":0},"end":{"line":41,"column":5}},"42":{"start":{"line":43,"column":0},"end":{"line":43,"column":37}},"43":{"start":{"line":44,"column":0},"end":{"line":44,"column":53}},"44":{"start":{"line":45,"column":0},"end":{"line":45,"column":43}},"45":{"start":{"line":46,"column":0},"end":{"line":46,"column":5}},"47":{"start":{"line":48,"column":0},"end":{"line":48,"column":45}},"48":{"start":{"line":49,"column":0},"end":{"line":49,"column":53}},"49":{"start":{"line":50,"column":0},"end":{"line":50,"column":5}},"50":{"start":{"line":51,"column":0},"end":{"line":51,"column":1}}},"s":{"0":1,"3":1,"4":1,"6":1,"7":1,"9":1,"10":1,"11":1,"13":1,"14":8,"16":8,"17":1,"18":1,"19":1,"20":1,"21":1,"22":1,"23":8,"24":7,"25":7,"26":7,"27":8,"29":1,"30":4,"31":4,"32":4,"34":1,"35":2,"36":2,"37":1,"38":1,"39":1,"40":2,"42":1,"43":1,"44":1,"45":1,"47":1,"48":1,"49":1,"50":1},"branchMap":{"0":{"type":"branch","line":8,"loc":{"start":{"line":8,"column":12},"end":{"line":8,"column":24}},"locations":[{"start":{"line":8,"column":12},"end":{"line":8,"column":24}}]},"1":{"type":"branch"
[...]
32,"column":5}}]},"3":{"type":"branch","line":21,"loc":{"start":{"line":21,"column":21},"end":{"line":28,"column":15}},"locations":[{"start":{"line":21,"column":21},"end":{"line":28,"column":15}}]},"4":{"type":"branch","line":28,"loc":{"start":{"line":28,"column":8},"end":{"line":31,"column":9}},"locations":[{"start":{"line":28,"column":8},"end":{"line":31,"column":9}}]},"5":{"type":"branch","line":34,"loc":{"start":{"line":34,"column":4},"end":{"line":37,"column":5}},"locations":[{"start":{"line":34,"column":4},"end":{"line":37,"column":5}}]},"6":{"type":"branch","line":36,"loc":{"start":{"line":36,"column":15},"end":{"line":36,"column":42}},"locations":[{"start":{"line":36,"column":15},"end":{"line":36,"column":42}}]},"7":{"type":"branch","line":36,"loc":{"start":{"line":36,"column":38},"end":{"line":36,"column":47}},"locations":[{"start":{"line":36,"column":38},"end":{"line":36,"column":47}}]},"8":{"type":"branch","line":39,"loc":{"start":{"line":39,"column":4},"end":{"line":42,"column":5}},"locations":[{"start":{"line":39,"column":4},"end":{"line":42,"column":5}}]},"9":{"type":"branch","line":41,"loc":{"start":{"line":41,"column":15},"end":{"line":41,"column":42}},"locations":[{"start":{"line":41,"column":15},"end":{"line":41,"column":42}}]},"10":{"type":"branch","line":41,"loc":{"start":{"line":41,"column":38},"end":{"line":41,"column":47}},"locations":[{"start":{"line":41,"column":38},"end":{"line":41,"column":47}}]},"11":{"type":"branch","line":44,"loc":{"start":{"line":44,"column":4},"end":{"line":52,"column":5}},"locations":[{"start":{"line":44,"column":4},"end":{"line":52,"column":5}}]},"12":{"type":"branch","line":46,"loc":{"start":{"line":46,"column":19},"end":{"line":48,"column":9}},"locations":[{"start":{"line":46,"column":19},"end":{"line":48,"column":9}}]},"13":{"type":"branch","line":54,"loc":{"start":{"line":54,"column":4},"end":{"line":59,"column":5}},"locations":[{"start":{"line":54,"column":4},"end":{"line":59,"column":5}}]},"14":{"type":"branch","line":61,"loc":{"start":{"line":61,"column":4},"end":{"line":66,"column":5}},"locations":[{"start":{"line":61,"column":4},"end":{"line":66,"column":5}}]},"15":{"type":"branch","line":68,"loc":{"start":{"line":68,"column":4},"end":{"line":70,"column":5}},"locations":[{"start":{"line":68,"column":4},"end":{"line":70,"column":5}}]}},"b":{"0":[1],"1":[1],"2":[8],"3":[1],"4":[7],"5":[4],"6":[2],"7":[2],"8":[2],"9":[1],"10":[1],"11":[2],"12":[0],"13":[2],"14":[1],"15":[1]},"fnMap":{"0":{"name":"<instance_members_initializer>","decl":{"start":{"line":10,"column":12},"end":{"line":11,"column":24}},"loc":{"start":{"line":10,"column":12},"end":{"line":11,"column":24}},"line":10},"1":{"name":"UserRepo","decl":{"start":{"line":13,"column":4},"end":{"line":16,"column":5}},"loc":{"start":{"line":13,"column":4},"end":{"line":16,"column":5}},"line":13},"2":{"name":"upsert","decl":{"start":{"line":18,"column":4},"end":{"line":32,"column":5}},"loc":{"start":{"line":18,"column":4},"end":{"line":32,"column":5}},"line":18},"3":{"name":"findById","decl":{"start":{"line":34,"column":4},"end":{"line":37,"column":5}},"loc":{"start":{"line":34,"column":4},"end":{"line":37,"column":5}},"line":34},"4":{"name":"findByEmail","decl":{"start":{"line":39,"column":4},"end":{"line":42,"column":5}},"loc":{"start":{"line":39,"column":4},"end":{"line":42,"column":5}},"line":39},"5":{"name":"listFavorites","decl":{"start":{"line":44,"column":4},"end":{"line":52,"column":5}},"loc":{"start":{"line":44,"column":4},"end":{"line":52,"column":5}},"line":44},"6":{"name":"addFavorite","decl":{"start":{"line":54,"column":4},"end":{"line":59,"column":5}},"loc":{"start":{"line":54,"column":4},"end":{"line":59,"column":5}},"line":54},"7":{"name":"removeFavorite","decl":{"start":{"line":61,"column":4},"end":{"line":66,"column":5}},"loc":{"start":{"line":61,"column":4},"end":{"line":66,"column":5}},"line":61},"8":{"name":"delete","decl":{"start":{"line":68,"column":4},"end":{"line":70,"column":5}},"loc":{"start":{"line":68,"column":4},"end":{"line":70,"column":5}},"line":68}},"f":{"0":1,"1":1,"2":8,"3":4,"4":2,"5":2,"6":2,"7":1,"8":1}}
,"/home/damian/dev/keuzekompas/api/src/infra/services/AiService.ts": {"path":"/home/damian/dev/keuzekompas/api/src/infra/services/AiService.ts","all":true,"statementMap":{"2":{"start":{"line":3,"column":0},"end":{"line":3,"column":46}},"3":{"start":{"line":4,"column":0},"end":{"line":4,"column":27}},"5":{"start":{"line":6,"column":0},"end":{"line":6,"column":33}},"6":{"start":{"line":7,"column":0},"end":{"line":7,"column":29}},"7":{"start":{"line":8,"column":0},"end":{"line":8,"column":5}},"9":{"start":{"line":10,"column":0},"end":{"line":10,"column":86}},"10":{"start":{"line":11,"column":0},"end":{"line":11,"column":13}},"11":{"start":{"line":12,"column":0},"end":{"line":12,"column":55}},"12":{"start":{"line":13,"column":0},"end":{"line":13,"column":31}},"13":{"start":{"line":14,"column":0},"end":{"line":14,"column":26}},"14":{"start":{"line":15,"column":0},"end":{"line":15,"column":55}},"15":{"start":{"line":16,"column":0},"end":{"line":16,"column":18}},"16":{"start":{"line":17,"column":0},"end":{"line":17,"column":38}},"17":{"start":{"line":18,"column":0},"end":{"line":18,"column":27}},"18":{"start":{"line":19,"column":0},"end":{"line":19,"column":41}},"19":{"start":{"line":20,"column":0},"end":{"line":20,"column":19}},"20":{"start":{"line":21,"column":0},"end":{"line":21,"column":15}},"22":{"start":{"line":23,"column":0},"end":{"line":23,"column":31}},"23":{"start":{"line":24,"column":0},"end":{"line":24,"column":72}},"24":{"start":{"line":25,"column":0},"end":{"line":25,"column":13}},"26":{"start":{"line":27,"column":0},"end":{"line":27,"column":47}},"30":{"start":{"line":31,"column":0},"end":{"line":31,"column":80}},"31":{"start":{"line":32,"column":0},"end":{"line":32,"column":25}},"32":{"start":{"line":33,"column":0},"end":{"line":33,"column":54}},"33":{"start":{"line":34,"column":0},"end":{"line":34,"column":62}},"34":{"start":{"line":35,"column":0},"end":{"line":35,"column":9}},"35":{"start":{"line":36,"column":0},"end":{"line":36,"column":5}},"36":{"start":{"line":37,"column":0},"end":{"line":37,"column":1}}},"s":{"2":0,"3":0,"5":0,"6":0,"7":0,"9":0,"10":0,"11":0,"12":0,"13":0,"14":0,"15":0,"16":0,"17":0,"18":0,"19":0,"20":0,"22":0,"23":0,"24":0,"26":0,"30":0,"31":0,"32":0,"33":0,"34":0,"35":0,"36":0},"branchMap":{"0":{"type":"branch","line":1,"loc":{"start":{"line":1,"column":1189},"end":{"line":37,"column":1}},"locations":[{"start":{"line":1,"column":1189},"end":{"line":37,"column":1}}]}},"b":{"0":[1]},"fnMap":{"0":{"name":"(empty-report)","decl":{"start":{"line":1,"column":1189},"end":{"line":37,"column":1}},"loc":{"start":{"line":1,"column":1189},"end":{"line":37,"column":1}},"line":1}},"f":{"0":1}}
,"/home/damian/dev/keuzekompas/api/src/infra/services/JwtService.ts": {"path":"/home/damian/dev/keuzekompas/api/src/infra/services/JwtService.ts","all":false,"statementMap":{"0":{"start":{"line":1,"column":0},"end":{"line":1,"column":31}},"3":{"start":{"line":4,"column":0},"end":{"line":4,"column":48}},"4":{"start":{"line":5,"column":0},"end":{"line":5,"column":39}},"6":{"start":{"line":7,"column":0},"end":{"line":7,"column":36}},"7":{"start":{"line":8,"column":0},"end":{"line":8,"column":25}},"8":{"start":{"line":9,"column":0},"end":{"line":9,"column":58}},"9":{"start":{"line":10,"column":0},"end":{"line":10,"column":9}},"10":{"start":{"line":11,"column":0},"end":{"line":11,"column":35}},"11":{"start":{"line":12,"column":0},"end":{"line":12,"column":5}},"13":{"start":{"line":14,"column":0},"end":{"line":14,"column":93}},"14":{"start":{"line":15,"column":0},"end":{"line":15,"column":49}},"15":{"start":{"line":16,"column":0},"end":{"line":16,"column":40}},"17":{"start":{"line":18,"column":0},"end":{"line":18,"column":37}},"18":{"start":{"line":19,"column":0},"end":{"line":19,"column":58}},"19":{"start":{"line":20,"column":0},"end":{"line":20,"column":13}},"21":{"start":{"line":22,"column":0},"end":{"line":22,"column":76}},"22":{"start":{"line":23,"column":0},"end":{"line":23,"column":26}},"23":{"start":{"line":24,"column":0},"end":{"line":24,"column":32}},"24":{"start":{"line":25,"column":0},"end":{"line":25,"column":24}},"25":{"start":{"line":26,"column":0},"end":{"line":26,"column":36}},"26":{"start":{"line":27,"column":0},"end":{"line":27,"column":17}},"27":{"start":{"line":28,"column":0},"end":{"line":28,"column":15}},"28":{"start":{"line":29,"column":0},"end":{"line":29,"column":11}},"29":{"start":{"line":30,"column":0},"end":{"line":30,"column":5}},"31":{"start":{"line":32,"column":0},"end":{"line":32,"column":54}},"32":{"start":{"line":33,"column":0},"end":{"line":33,"column":49}},"33":{"start":{"line":34,"column":0},"end":{"line":34,"column":65}},"34":{"start":{"line":35,"column":0},"end":{"line":35,"column":26}},"35":{"start":{"line":36,"column":0},"end":{"line":36,"column":32}},"36":{"start":{"line":37,"column":0},"end":{"line":37,"column":24}},"37":{"start":{"line":38,"column":0},"end":{"line":38,"column":42}},"38":{"start":{"line":39,"column":0},"end":{"line":39,"column":17}},"39":{"start":{"line":40,"column":0},"end":{"line":40,"column":15}},"40":{"start":{"line":41,"column":0},"end":{"line":41,"column":11}},"41":{"start":{"line":42,"column":0},"end":{"line":42,"column":5}},"42":{"start":{"line":43,"column":0},"end":{"line":43,"column":1}}},"s":{"0":1,"3":1,"4":1,"6":1,"7":6,"8":1,"9":1,"10":5,"11":6,"13":1,"14":3,"15":3,"17":3,"18":1,"19":1,"21":3,"22":3,"23":0,"24":3,"25":3,"26":3,"27":3,"28":3,"29":3,"31":1,"32":4,"33":4,"34":4,"35":2,"36":2,"37":2,"38":2,"39":4,"40":4,"41":4,"42":1},"branchMap":{"0":{"type":"branch","line":5,"loc":{"start":{"line":5,"column":21},"end":{"line":5,"column":39}},"locations":[{"start":{"line":5,"column":21},"end":{"line":5,"column":39}}]},"1":{"type":"branch","line":7,"loc":{"start":{"line":7,"column":4},"end":{"line":12,"column":5}},"locations":[{"start":{"line":7,"column":4},"end":{"line":12,"column":5}}]},"2":{"type":"branch","line":8,"loc":{"start":{"line":8,"column":24},"end":{"line":10,"column":9}},"locations":[{"start":{"line":8,"column":24},"end":{"line":10,"column":9}}]},"3":{"type":"branch","line":10,"loc":{"start":{"line":10,"column":8},"end":{"line":11,"column":35}},"locations":[{"start":{"line":10,"column":8},"end":{"line":11,"column":35}}]},"4":{"type":"branch","line":14,"loc":{"start":{"line":14,"column":4},"end":{"line":30,"column":5}},"locations":[{"start":{"line":14,"column":4},"end":{"line":30,"column":5}}]},"5":{"type":"branch","line":15,"loc":{"start":{"line":15,"column":27},"end":{"line":29,"column":9}},"locations":[{"start":{"line":15,"column":27},"end":{"line":29,"column":9}}]},"6":{"type":"branch","line":18,"loc":{"start":{"line":18,"column":16},"end":{"line":18,"column":36}},"locations":[{"start":{"line":18,"column":16},"end":{"line":18,"column":36}}]},"7":{"type":"branch","line":18,"loc":{"start":{"line":18,"column":36},"end":{"line":20,"column":13}},"locations":[{"start":{"line":18,"column":36},"end":{"line":20,"column":13}}]},"8":{"type":"branch","line":22,"loc":{"start":{"line":22,"column":59},"end":{"line":28,"column":13}},"locations":[{"start":{"line":22,"column":59},"end":{"line":28,"column":13}}]},"9":{"type":"branch","line":23,"loc":{"start":{"line":23,"column":25},"end":{"line":25,"column":23}},"locations":[{"start":{"line":23,"column":25},"end":{"line":25,"column":23}}]},"10":{"type":"branch","line":32,"loc":{"start":{"line":32,"column":4},"end":{"line":42,"column":5}},"locations":[{"start":{"line":32,"column":4},"end":{"line":42,"column":5}}]},"11":{"type":"branch","line":33,"loc":{"start":{"line":33,"column":27},"end":{"line":41,"column":9}},"locations":[{"start":{"line":33,"column":27},"end":{"line":41,"column":9}}]},"12":{"type":"branch","line":34,"loc":{"start":{"line":34,"column":46},"end":{"line":40,"column":13}},"locations":[{"start":{"line":34,"column":46},"end":{"line":40,"column":13}}]},"13":{"type":"branch","line":35,"loc":{"start":{"line":35,"column":25},"end":{"line":39,"column":17}},"locations":[{"start":{"line":35,"column":25},"end":{"line":39,"column":17}}]}},"b":{"0":[6],"1":[6],"2":[1],"3":[5],"4":[3],"5":[3],"6":[1],"7":[1],"8":[3],"9":[0],"10":[4],"11":[4],"12":[4],"13":[2]},"fnMap":{"0":{"name":"<instance_members_initializer>","decl":{"start":{"line":5,"column":21},"end":{"line":5,"column":39}},"loc":{"start":{"line":5,"column":21},"end":{"line":5,"column":39}},"line":5},"1":{"name":"JwtService","decl":{"start":{"line":7,"column":4},"end":{"line":12,"column":5}},"loc":{"start":{"line":7,"column":4},"end":{"line":12,"column":5}},"line":7},"2":{"name":"sign","decl":{"start":{"line":14,"column":4},"end":{"line":30,"column":5}},"loc":{"start":{"line":14,"column":4},"end":{"line":30,"column":5}},"line":14},"3":{"name":"verify","decl":{"start":{"line":32,"column":4},"end":{"line":42,"column":5}},"loc":{"start":{"line":32,"column":4},"end":{"line":42,"column":5}},"line":32}},"f":{"0":6,"1":6,"2":3,"3":4}}
,"/home/damian/dev/keuzekompas/api/src/infra/services/PasswordHasher.ts": {"path":"/home/damian/dev/keuzekompas/api/src/infra/services/PasswordHasher.ts","all":false,"statementMap":{"0":{"start":{"line":1,"column":0},"end":{"line":1,"column":28}},"3":{"start":{"line":4,"column":0},"end":{"line":4,"column":56}},"4":{"start":{"line":5,"column":0},"end":{"line":5,"column":40}},"6":{"start":{"line":7,"column":0},"end":{"line":7,"column":42}},"7":{"start":{"line":8,"column":0},"end":{"line":8,"column":37}},"8":{"start":{"line":9,"column":0},"end":{"line":9,"column":5}},"10":{"start":{"line":11,"column":0},"end":{"line":11,"column":51}},"11":{"start":{"line":12,"column":0},"end":{"line":12,"column":54}},"12":{"start":{"line":13,"column":0},"end":{"line":13,"column":5}},"14":{"start":{"line":15,"column":0},"end":{"line":15,"column":68}},"15":{"start":{"line":16,"column":0},"end":{"line":16,"column":46}},"16":{"start":{"line":17,"column":0},"end":{"line":17,"column":5}},"17":{"start":{"line":18,"column":0},"end":{"line":18,"column":1}}},"s":{"0":1,"3":1,"4":1,"6":1,"7":5,"8":5,"10":1,"11":6,"12":6,"14":1,"15":5,"16":5,"17":1},"branchMap":{"0":{"type":"branch","line":5,"loc":{"start":{"line":5,"column":21},"end":{"line":5,"column":40}},"locations":[{"start":{"line":5,"column":21},"end":{"line":5,"column":40}}]},"1":{"type":"branch","line":7,"loc":{"start":{"line":7,"column":4},"end":{"line":9,"column":5}},"locations":[{"start":{"line":7,"column":4},"end":{"line":9,"column":5}}]},"2":{"type":"branch","line":11,"loc":{"start":{"line":11,"column":4},"end":{"line":13,"column":5}},"locations":[{"start":{"line":11,"column":4},"end":{"line":13,"column":5}}]},"3":{"type":"branch","line":15,"loc":{"start":{"line":15,"column":4},"end":{"line":17,"column":5}},"locations":[{"start":{"line":15,"column":4},"end":{"line":17,"column":5}}]}},"b":{"0":[5],"1":[5],"2":[6],"3":[5]},"fnMap":{"0":{"name":"<instance_members_initializer>","decl":{"start":{"line":5,"column":21},"end":{"line":5,"column":40}},"loc":{"start":{"line":5,"column":21},"end":{"line":5,"column":40}},"line":5},"1":{"name":"PasswordHasher","decl":{"start":{"line":7,"column":4},"end":{"line":9,"column":5}},"loc":{"start":{"line":7,"column":4},"end":{"line":9,"column":5}},"line":7},"2":{"name":"hash","decl":{"start":{"line":11,"column":4},"end":{"line":13,"column":5}},"loc":{"start":{"line":11,"column":4},"end":{"line":13,"column":5}},"line":11},"3":{"name":"verify","decl":{"start":{"line":15,"column":4},"end":{"line":17,"column":5}},"loc":{"start":{"line":15,"column":4},"end":{"line":17,"column":5}},"line":15}},"f":{"0":5,"1":5,"2":6,"3":5}}
,"/home/damian/dev/keuzekompas/api/src/shared/error.ts": {"path":"/home/damian/dev/keuzekompas/api/src/shared/error.ts","all":false,"statementMap":{"0":{"start":{"line":1,"column":0},"end":{"line":1,"column":42}},"1":{"start":{"line":2,"column":0},"end":{"line":2,"column":52}},"2":{"start":{"line":3,"column":0},"end":{"line":3,"column":50}}},"s":{"0":1,"1":1,"2":1},"branchMap":{},"b":{},"fnMap":{},"f":{}}
,"/home/damian/dev/keuzekompas/api/src/shared/result.ts": {"path":"/home/damian/dev/keuzekompas/api/src/shared/result.ts","all":false,"statementMap":{"3":{"start":{"line":4,"column":0},"end":{"line":4,"column":64}},"4":{"start":{"line":5,"column":0},"end":{"line":5,"column":67}}},"s":{"3":1,"4":1},"branchMap":{"0":{"type":"branch","line":4,"loc":{"start":{"line":4,"column":18},"end":{"line":4,"column":64}},"locations":[{"start":{"line":4,"column":18},"end":{"line":4,"column":64}}]},"1":{"type":"branch","line":5,"loc":{"start":{"line":5,"column":19},"end":{"line":5,"column":67}},"locations":[{"start":{"line":5,"column":19},"end":{"line":5,"column":67}}]}},"b":{"0":[25],"1":[17]},"fnMap":{"0":{"name":"ok","decl":{"start":{"line":4,"column":18},"end":{"line":4,"column":64}},"loc":{"start":{"line":4,"column":18},"end":{"line":4,"column":64}},"line":4},"1":{"name":"err","decl":{"start":{"line":5,"column":19},"end":{"line":5,"column":67}},"loc":{"start":{"line":5,"column":19},"end":{"line":5,"column":67}},"line":5}},"f":{"0":25,"1":17}}
,"/home/damian/dev/keuzekompas/api/src/utils/response.ts": {"path":"/home/damian/dev/keuzekompas/api/src/utils/response.ts","all":false,"statementMap":{"13":{"start":{"line":14,"column":0},"end":{"line":14,"column":88}},"14":{"start":{"line":15,"column":0},"end":{"line":15,"column":38}},"15":{"start":{"line":16,"column":0},"end":{"line":16,"column":22}},"16":{"start":{"line":17,"column":0},"end":{"line":17,"column":12}},"17":{"start":{"line":18,"column":0},"end":{"line":18,"column":6}},"19":{"start":{"line":20,"column":0},"end":{"line":20,"column":64}},"20":{"start":{"line":21,"column":0},"end":{"line":21,"column":1}},"22":{"start":{"line":23,"column":0},"end":{"line":23,"column":25}},"23":{"start":{"line":24,"column":0},"end":{"line":24,"column":15}},"24":{"start":{"line":25,"column":0},"end":{"line":25,"column":17}},"25":{"start":{"line":26,"column":0},"end":{"line":26,"column":20}},"26":{"start":{"line":27,"column":0},"end":{"line":27,"column":29}},"27":{"start":{"line":28,"column":0},"end":{"line":28,"column":22}},"28":{"start":{"line":29,"column":0},"end":{"line":29,"column":13}},"29":{"start":{"line":30,"column":0},"end":{"line":30,"column":35}},"30":{"start":{"line":31,"column":0},"end":{"line":31,"column":23}},"31":{"start":{"line":32,"column":0},"end":{"line":32,"column":16}},"32":{"start":{"line":33,"column":0},"end":{"line":33,"column":17}},"33":{"start":{"line":34,"column":0},"end":{"line":34,"column":20}},"34":{"start":{"line":35,"column":0},"end":{"line":35,"column":39}},"35":{"start":{"line":36,"column":0},"end":{"line":36,"column":9}},"36":{"start":{"line":37,"column":0},"end":{"line":37,"column":6}},"38":{"start":{"line":39,"column":0},"end":{"line":39,"column":64}},"39":{"start":{"line":40,"column":0},"end":{"line":40,"column":1}}},"s":{"13":1,"14":13,"15":13,"16":13,"17":13,"19":13,"20":13,"22":1,"23":5,"24":5,"25":5,"26":5,"27":5,"28":5,"29":5,"30":5,"31":5,"32":5,"33":5,"34":5,"35":5,"36":5,"38":5,"39":5},"branchMap":{"0":{"type":"branch","line":14,"loc":{"start":{"line":14,"column":7},"end":{"line":21,"column":1}},"locations":[{"start":{"line":14,"column":7},"end":{"line":21,"column":1}}]},"1":{"type":"branch","line":23,"loc":{"start":{"line":23,"column":7},"end":{"line":40,"column":1}},"locations":[{"start":{"line":23,"column":7},"end":{"line":40,"column":1}}]},"2":{"type":"branch","line":35,"loc":{"start":{"line":35,"column":16},"end":{"line":35,"column":39}},"locations":[{"start":{"line":35,"column":16},"end":{"line":35,"column":39}}]}},"b":{"0":[13],"1":[5],"2":[0]},"fnMap":{"0":{"name":"ResSuccess","decl":{"start":{"line":14,"column":7},"end":{"line":21,"column":1}},"loc":{"start":{"line":14,"column":7},"end":{"line":21,"column":1}},"line":14},"1":{"name":"ResError","decl":{"start":{"line":23,"column":7},"end":{"line":40,"column":1}},"loc":{"start":{"line":23,"column":7},"end":{"line":40,"column":1}},"line":23}},"f":{"0":13,"1":5}}
}
