{"/home/damian/dev/keuzekompas/web/src/components/AdminRoute.tsx": {"path":"/home/damian/dev/keuzekompas/web/src/components/AdminRoute.tsx","all":false,"statementMap":{"0":{"start":{"line":1,"column":0},"end":{"line":1,"column":44}},"1":{"start":{"line":2,"column":0},"end":{"line":2,"column":49}},"7":{"start":{"line":8,"column":0},"end":{"line":8,"column":59}},"8":{"start":{"line":9,"column":0},"end":{"line":9,"column":55}},"10":{"start":{"line":11,"column":0},"end":{"line":11,"column":16}},"11":{"start":{"line":12,"column":0},"end":{"line":12,"column":33}},"12":{"start":{"line":13,"column":0},"end":{"line":13,"column":3}},"14":{"start":{"line":15,"column":0},"end":{"line":15,"column":25}},"15":{"start":{"line":16,"column":0},"end":{"line":16,"column":44}},"16":{"start":{"line":17,"column":0},"end":{"line":17,"column":3}},"18":{"start":{"line":19,"column":0},"end":{"line":19,"column":25}},"19":{"start":{"line":20,"column":0},"end":{"line":20,"column":46}},"20":{"start":{"line":21,"column":0},"end":{"line":21,"column":3}},"22":{"start":{"line":23,"column":0},"end":{"line":23,"column":25}},"23":{"start":{"line":24,"column":0},"end":{"line":24,"column":1}}},"s":{"0":1,"1":1,"7":1,"8":6,"10":6,"11":3,"12":3,"14":6,"15":1,"16":1,"18":6,"19":1,"20":1,"22":1,"23":1},"branchMap":{"0":{"type":"branch","line":8,"loc":{"start":{"line":8,"column":7},"end":{"line":24,"column":1}},"locations":[{"start":{"line":8,"column":7},"end":{"line":24,"column":1}}]},"1":{"type":"branch","line":11,"loc":{"start":{"line":11,"column":15},"end":{"line":15,"column":24}},"locations":[{"start":{"line":11,"column":15},"end":{"line":15,"column":24}}]},"2":{"type":"branch","line":15,"loc":{"start":{"line":15,"column":24},"end":{"line":17,"column":3}},"locations":[{"start":{"line":15,"column":24},"end":{"line":17,"column":3}}]},"3":{"type":"branch","line":17,"loc":{"start":{"line":17,"column":2},"end":{"line":19,"column":21}},"locations":[{"start":{"line":17,"column":2},"end":{"line":19,"column":21}}]},"4":{"type":"branch","line":19,"loc":{"start":{"line":19,"column":24},"end":{"line":24,"column":1}},"locations":[{"start":{"line":19,"column":24},"end":{"line":24,"column":1}}]}},"b":{"0":[6],"1":[3],"2":[1],"3":[2],"4":[1]},"fnMap":{"0":{"name":"AdminRoute","decl":{"start":{"line":8,"column":7},"end":{"line":24,"column":1}},"loc":{"start":{"line":8,"column":7},"end":{"line":24,"column":1}},"line":8}},"f":{"0":6}}
,"/home/damian/dev/keuzekompas/web/src/components/ProtectedRoute.tsx": {"path":"/home/damian/dev/keuzekompas/web/src/components/ProtectedRoute.tsx","all":false,"statementMap":{"0":{"start":{"line":1,"column":0},"end":{"line":1,"column":44}},"1":{"start":{"line":2,"column":0},"end":{"line":2,"column":49}},"7":{"start":{"line":8,"column":0},"end":{"line":8,"column":67}},"8":{"start":{"line":9,"column":0},"end":{"line":9,"column":49}},"10":{"start":{"line":11,"column":0},"end":{"line":11,"column":16}},"11":{"start":{"line":12,"column":0},"end":{"line":12,"column":33}},"12":{"start":{"line":13,"column":0},"end":{"line":13,"column":3}},"14":{"start":{"line":15,"column":0},"end":{"line":15,"column":25}},"15":{"start":{"line":16,"column":0},"end":{"line":16,"column":44}},"16":{"start":{"line":17,"column":0},"end":{"line":17,"column":3}},"18":{"start":{"line":19,"column":0},"end":{"line":19,"column":25}},"19":{"start":{"line":20,"column":0},"end":{"line":20,"column":1}}},"s":{"0":1,"1":1,"7":1,"8":5,"10":5,"11":3,"12":3,"14":5,"15":1,"16":1,"18":1,"19":1},"branchMap":{"0":{"type":"branch","line":8,"loc":{"start":{"line":8,"column":7},"end":{"line":20,"column":1}},"locations":[{"start":{"line":8,"column":7},"end":{"line":20,"column":1}}]},"1":{"type":"branch","line":11,"loc":{"start":{"line":11,"column":15},"end":{"line":13,"column":3}},"locations":[{"start":{"line":11,"column":15},"end":{"line":13,"column":3}}]},"2":{"type":"branch","line":13,"loc":{"start":{"line":13,"column":2},"end":{"line":15,"column":24}},"locations":[{"start":{"line":13,"column":2},"end":{"line":15,"column":24}}]},"3":{"type":"branch","line":15,"loc":{"start":{"line":15,"column":24},"end":{"line":20,"column":1}},"locations":[{"start":{"line":15,"column":24},"end":{"line":20,"column":1}}]}},"b":{"0":[5],"1":[3],"2":[2],"3":[1]},"fnMap":{"0":{"name":"ProtectedRoute","decl":{"start":{"line":8,"column":7},"end":{"line":20,"column":1}},"loc":{"start":{"line":8,"column":7},"end":{"line":20,"column":1}},"line":8}},"f":{"0":5}}
,"/home/damian/dev/keuzekompas/web/src/contexts/AuthContext.tsx": {"path":"/home/damian/dev/keuzekompas/web/src/contexts/AuthContext.tsx","all":false,"statementMap":{"0":{"start":{"line":1,"column":0},"end":{"line":1,"column":87}},"1":{"start":{"line":2,"column":0},"end":{"line":2,"column":37}},"13":{"start":{"line":14,"column":0},"end":{"line":14,"column":74}},"15":{"start":{"line":16,"column":0},"end":{"line":16,"column":69}},"16":{"start":{"line":17,"column":0},"end":{"line":17,"column":54}},"17":{"start":{"line":18,"column":0},"end":{"line":18,"column":47}},"19":{"start":{"line":20,"column":0},"end":{"line":20,"column":19}},"21":{"start":{"line":22,"column":0},"end":{"line":22,"column":33}},"22":{"start":{"line":23,"column":0},"end":{"line":23,"column":16}},"24":{"start":{"line":25,"column":0},"end":{"line":25,"column":53}},"25":{"start":{"line":26,"column":0},"end":{"line":26,"column":19}},"26":{"start":{"line":27,"column":0},"end":{"line":27,"column":27}},"27":{"start":{"line":28,"column":0},"end":{"line":28,"column":53}},"28":{"start":{"line":29,"column":0},"end":{"line":29,"column":24}},"29":{"start":{"line":30,"column":0},"end":{"line":30,"column":25}},"30":{"start":{"line":31,"column":0},"end":{"line":31,"column":47}},"31":{"start":{"line":32,"column":0},"end":{"line":32,"column":12}},"32":{"start":{"line":33,"column":0},"end":{"line":33,"column":44}},"33":{"start":{"line":34,"column":0},"end":{"line":34,"column":14}},"34":{"start":{"line":35,"column":0},"end":{"line":35,"column":26}},"35":{"start":{"line":36,"column":0},"end":{"line":36,"column":7}},"36":{"start":{"line":37,"column":0},"end":{"line":37,"column":12}},"37":{"start":{"line":38,"column":0},"end":{"line":38,"column":24}},"38":{"start":{"line":39,"column":0},"end":{"line":39,"column":5}},"39":{"start":{"line":40,"column":0},"end":{"line":40,"column":9}},"41":{"start":{"line":42,"column":0},"end":{"line":42,"column":54}},"42":{"start":{"line":43,"column":0},"end":{"line":43,"column":50}},"43":{"start":{"line":44,"column":0},"end":{"line":44,"column":36}},"44":{"start":{"line":45,"column":0},"end":{"line":45,"column":44}},"47":{"start":{"line":48,"column":0},"end":{"line":48,"column":51}},"48":{"start":{"line":49,"column":0},"end":{"line":49,"column":31}},"49":{"start":{"line":50,"column":0},"end":{"line":50,"column":4}},"51":{"start":{"line":52,"column":0},"end":{"line":52,"column":53}},"52":{"start":{"line":53,"column":0},"end":{"line":53,"column":46}},"53":{"start":{"line":54,"column":0},"end":{"line":54,"column":36}},"55":{"start":{"line":56,"column":0},"end":{"line":56,"column":30}},"56":{"start":{"line":57,"column":0},"end":{"line":57,"column":46}},"58":{"start":{"line":59,"column":0},"end":{"line":59,"column":53}},"59":{"start":{"line":60,"column":0},"end":{"line":60,"column":33}},"60":{"start":{"line":61,"column":0},"end":{"line":61,"column":5}},"61":{"start":{"line":62,"column":0},"end":{"line":62,"column":4}},"63":{"start":{"line":64,"column":0},"end":{"line":64,"column":24}},"64":{"start":{"line":65,"column":0},"end":{"line":65,"column":17}},"65":{"start":{"line":66,"column":0},"end":{"line":66,"column":39}},"66":{"start":{"line":67,"column":0},"end":{"line":67,"column":18}},"67":{"start":{"line":68,"column":0},"end":{"line":68,"column":4}},"69":{"start":{"line":70,"column":0},"end":{"line":70,"column":10}},"70":{"start":{"line":71,"column":0},"end":{"line":71,"column":25}},"71":{"start":{"line":72,"column":0},"end":{"line":72,"column":14}},"72":{"start":{"line":73,"column":0},"end":{"line":73,"column":13}},"73":{"start":{"line":74,"column":0},"end":{"line":74,"column":16}},"74":{"start":{"line":75,"column":0},"end":{"line":75,"column":14}},"75":{"start":{"line":76,"column":0},"end":{"line":76,"column":17}},"76":{"start":{"line":77,"column":0},"end":{"line":77,"column":15}},"77":{"start":{"line":78,"column":0},"end":{"line":78,"column":32}},"78":{"start":{"line":79,"column":0},"end":{"line":79,"column":8}},"80":{"start":{"line":81,"column":0},"end":{"line":81,"column":16}},"81":{"start":{"line":82,"column":0},"end":{"line":82,"column":27}},"83":{"start":{"line":84,"column":0},"end":{"line":84,"column":1}},"86":{"start":{"line":87,"column":0},"end":{"line":87,"column":27}},"87":{"start":{"line":88,"column":0},"end":{"line":88,"column":42}},"88":{"start":{"line":89,"column":0},"end":{"line":89,"column":30}},"89":{"start":{"line":90,"column":0},"end":{"line":90,"column":67}},"90":{"start":{"line":91,"column":0},"end":{"line":91,"column":3}},"91":{"start":{"line":92,"column":0},"end":{"line":92,"column":17}},"92":{"start":{"line":93,"column":0},"end":{"line":93,"column":1}}},"s":{"0":1,"1":1,"13":1,"15":1,"16":63,"17":63,"19":63,"21":30,"22":30,"24":12,"25":12,"26":12,"27":12,"28":12,"29":0,"30":0,"31":12,"32":12,"33":12,"34":0,"35":0,"36":28,"37":18,"38":18,"39":63,"41":63,"42":3,"43":2,"44":2,"47":2,"48":2,"49":3,"51":63,"52":2,"53":1,"55":1,"56":1,"58":1,"59":1,"60":1,"61":2,"63":63,"64":1,"65":1,"66":1,"67":1,"69":63,"70":63,"71":63,"72":63,"73":63,"74":63,"75":63,"76":63,"77":63,"78":63,"80":63,"81":63,"83":63,"86":1,"87":322,"88":322,"89":2,"90":2,"91":319,"92":319},"branchMap":{"0":{"type":"branch","line":16,"loc":{"start":{"line":16,"column":7},"end":{"line":84,"column":1}},"locations":[{"start":{"line":16,"column":7},"end":{"line":84,"column":1}}]},"1":{"type":"branch","line":20,"loc":{"start":{"line":20,"column":12},"end":{"line":40,"column":5}},"locations":[{"start":{"line":20,"column":12},"end":{"line":40,"column":5}}]},"2":{"type":"branch","line":23,"loc":{"start":{"line":23,"column":15},"end":{"line":39,"column":5}},"locations":[{"start":{"line":23,"column":15},"end":{"line":39,"column":5}}]},"3":{"type":"branch","line":23,"loc":{"start":{"line":23,"column":15},"end":{"line":37,"column":11}},"locations":[{"start":{"line":23,"column":15},"end":{"line":37,"column":11}}]},"4":{"type":"branch","line":34,"loc":{"start":{"line":34,"column":6},"end":{"line":36,"column":7}},"locations":[{"start":{"line":34,"column":6},"end":{"line":36,"column":7}}]},"5":{"type":"branch","line":37,"loc":{"start":{"line":37,"column":4},"end":{"line":39,"column":5}},"locations":[{"start":{"line":37,"column":4},"end":{"line":39,"column":5}}]},"6":{"type":"branch","line":28,"loc":{"start":{"line":28,"column":16},"end":{"line":28,"column":52}},"locations":[{"start":{"line":28,"column":16},"end":{"line":28,"column":52}}]},"7":{"type":"branch","line":33,"loc":{"start":{"line":33,"column":19},"end":{"line":33,"column":42}},"locations":[{"start":{"line":33,"column":19},"end":{"line":33,"column":42}}]},"8":{"type":"branch","line":42,"loc":{"start":{"line":42,"column":16},"end":{"line":50,"column":4}},"locations":[{"start":{"line":42,"column":16},"end":{"line":50,"column":4}}]},"9":{"type":"branch","line":43,"loc":{"start":{"line":43,"column":48},"end":{"line":49,"column":31}},"locations":[{"start":{"line":43,"column":48},"end":{"line":49,"column":31}}]},"10":{"type":"branch","line":52,"loc":{"start":{"line":52,"column":19},"end":{"line":62,"column":4}},"locations":[{"start":{"line":52,"column":19},"end":{"line":62,"column":4}}]},"11":{"type":"branch","line":53,"loc":{"start":{"line":53,"column":44},"end":{"line":61,"column":5}},"locations":[{"start":{"line":53,"column":44},"end":{"line":61,"column":5}}]},"12":{"type":"branch","line":64,"loc":{"start":{"line":64,"column":17},"end":{"line":68,"column":4}},"locations":[{"start":{"line":64,"column":17},"end":{"line":68,"column":4}}]},"13":{"type":"branch","line":87,"loc":{"start":{"line":87,"column":7},"end":{"line":93,"column":1}},"locations":[{"start":{"line":87,"column":7},"end":{"line":93,"column":1}}]},"14":{"type":"branch","line":89,"loc":{"start":{"line":89,"column":29},"end":{"line":91,"column":3}},"locations":[{"start":{"line":89,"column":29},"end":{"line":91,"column":3}}]},"15":{"type":"branch","line":91,"loc":{"start":{"line":91,"column":2},"end":{"line":93,"column":1}},"locations":[{"start":{"line":91,"column":2},"end":{"line":93,"column":1}}]}},"b":{"0":[63],"1":[30],"2":[28],"3":[12],"4":[0],"5":[18],"6":[11],"7":[11],"8":[3],"9":[2],"10":[2],"11":[1],"12":[1],"13":[322],"14":[2],"15":[319]},"fnMap":{"0":{"name":"AuthProvider","decl":{"start":{"line":16,"column":7},"end":{"line":84,"column":1}},"loc":{"start":{"line":16,"column":7},"end":{"line":84,"column":1}},"line":16},"1":{"name":"login","decl":{"start":{"line":42,"column":16},"end":{"line":50,"column":4}},"loc":{"start":{"line":42,"column":16},"end":{"line":50,"column":4}},"line":42},"2":{"name":"register","decl":{"start":{"line":52,"column":19},"end":{"line":62,"column":4}},"loc":{"start":{"line":52,"column":19},"end":{"line":62,"column":4}},"line":52},"3":{"name":"logout","decl":{"start":{"line":64,"column":17},"end":{"line":68,"column":4}},"loc":{"start":{"line":64,"column":17},"end":{"line":68,"column":4}},"line":64},"4":{"name":"useAuth","decl":{"start":{"line":87,"column":7},"end":{"line":93,"column":1}},"loc":{"start":{"line":87,"column":7},"end":{"line":93,"column":1}},"line":87}},"f":{"0":63,"1":3,"2":2,"3":1,"4":322}}
,"/home/damian/dev/keuzekompas/web/src/lib/utils.ts": {"path":"/home/damian/dev/keuzekompas/web/src/lib/utils.ts","all":false,"statementMap":{"0":{"start":{"line":1,"column":0},"end":{"line":1,"column":44}},"1":{"start":{"line":2,"column":0},"end":{"line":2,"column":40}},"3":{"start":{"line":4,"column":0},"end":{"line":4,"column":45}},"4":{"start":{"line":5,"column":0},"end":{"line":5,"column":30}},"5":{"start":{"line":6,"column":0},"end":{"line":6,"column":1}}},"s":{"0":1,"1":1,"3":1,"4":5281,"5":5281},"branchMap":{"0":{"type":"branch","line":4,"loc":{"start":{"line":4,"column":7},"end":{"line":6,"column":1}},"locations":[{"start":{"line":4,"column":7},"end":{"line":6,"column":1}}]}},"b":{"0":[5281]},"fnMap":{"0":{"name":"cn","decl":{"start":{"line":4,"column":7},"end":{"line":6,"column":1}},"loc":{"start":{"line":4,"column":7},"end":{"line":6,"column":1}},"line":4}},"f":{"0":5281}}
,"/home/damian/dev/keuzekompas/web/src/pages/LoginPage.tsx": {"path":"/home/damian/dev/keuzekompas/web/src/pages/LoginPage.tsx","all":false,"statementMap":{"0":{"start":{"line":1,"column":0},"end":{"line":1,"column":33}},"1":{"start":{"line":2,"column":0},"end":{"line":2,"column":53}},"2":{"start":{"line":3,"column":0},"end":{"line":3,"column":49}},"3":{"start":{"line":4,"column":0},"end":{"line":4,"column":48}},"4":{"start":{"line":5,"column":0},"end":{"line":5,"column":109}},"5":{"start":{"line":6,"column":0},"end":{"line":6,"column":46}},"6":{"start":{"line":7,"column":0},"end":{"line":7,"column":46}},"8":{"start":{"line":9,"column":0},"end":{"line":9,"column":29}},"9":{"start":{"line":10,"column":0},"end":{"line":10,"column":35}},"10":{"start":{"line":11,"column":0},"end":{"line":11,"column":32}},"11":{"start":{"line":12,"column":0},"end":{"line":12,"column":43}},"12":{"start":{"line":13,"column":0},"end":{"line":13,"column":49}},"13":{"start":{"line":14,"column":0},"end":{"line":14,"column":43}},"14":{"start":{"line":15,"column":0},"end":{"line":15,"column":50}},"16":{"start":{"line":17,"column":0},"end":{"line":17,"column":56}},"17":{"start":{"line":18,"column":0},"end":{"line":18,"column":27}},"18":{"start":{"line":19,"column":0},"end":{"line":19,"column":21}},"19":{"start":{"line":20,"column":0},"end":{"line":20,"column":25}},"21":{"start":{"line":22,"column":0},"end":{"line":22,"column":13}},"22":{"start":{"line":23,"column":0},"end":{"line":23,"column":45}},"23":{"start":{"line":24,"column":0},"end":{"line":24,"column":33}},"24":{"start":{"line":25,"column":0},"end":{"line":25,"column":23}},"25":{"start":{"line":26,"column":0},"end":{"line":26,"column":74}},"26":{"start":{"line":27,"column":0},"end":{"line":27,"column":19}},"27":{"start":{"line":28,"column":0},"end":{"line":28,"column":30}},"28":{"start":{"line":29,"column":0},"end":{"line":29,"column":9}},"29":{"start":{"line":30,"column":0},"end":{"line":30,"column":6}},"31":{"start":{"line":32,"column":0},"end":{"line":32,"column":12}},"32":{"start":{"line":33,"column":0},"end":{"line":33,"column":60}},"33":{"start":{"line":34,"column":0},"end":{"line":34,"column":46}},"34":{"start":{"line":35,"column":0},"end":{"line":35,"column":22}},"35":{"start":{"line":36,"column":0},"end":{"line":36,"column":32}},"36":{"start":{"line":37,"column":0},"end":{"line":37,"column":52}},"37":{"start":{"line":38,"column":0},"end":{"line":38,"column":41}},"39":{"start":{"line":40,"column":0},"end":{"line":40,"column":42}},"40":{"start":{"line":41,"column":0},"end":{"line":41,"column":33}},"41":{"start":{"line":42,"column":0},"end":{"line":42,"column":50}},"42":{"start":{"line":43,"column":0},"end":{"line":43,"column":59}},"43":{"start":{"line":44,"column":0},"end":{"line":44,"column":55}},"44":{"start":{"line":45,"column":0},"end":{"line":45,"column":68}},"45":{"start":{"line":46,"column":0},"end":{"line":46,"column":38}},"46":{"start":{"line":47,"column":0},"end":{"line":47,"column":46}},"47":{"start":{"line":48,"column":0},"end":{"line":48,"column":48}},"48":{"start":{"line":49,"column":0},"end":{"line":49,"column":66}},"49":{"start":{"line":50,"column":0},"end":{"line":50,"column":49}},"50":{"start":{"line":51,"column":0},"end":{"line":51,"column":78}},"51":{"start":{"line":52,"column":0},"end":{"line":52,"column":44}},"52":{"start":{"line":53,"column":0},"end":{"line":53,"column":34}},"53":{"start":{"line":54,"column":0},"end":{"line":54,"column":34}},"54":{"start":{"line":55,"column":0},"end":{"line":55,"column":60}},"55":{"start":{"line":56,"column":0},"end":{"line":56,"column":74}},"56":{"start":{"line":57,"column":0},"end":{"line":57,"column":38}},"57":{"start":{"line":58,"column":0},"end":{"line":58,"column":49}},"58":{"start":{"line":59,"column":0},"end":{"line":59,"column":51}},"59":{"start":{"line":60,"column":0},"end":{"line":60,"column":69}},"60":{"start":{"line":61,"column":0},"end":{"line":61,"column":52}},"61":{"start":{"line":62,"column":0},"end":{"line":62,"column":81}},"62":{"start":{"line":63,"column":0},"end":{"line":63,"column":44}},"63":{"start":{"line":64,"column":0},"end":{"line":64,"column":34}},"64":{"start":{"line":65,"column":0},"end":{"line":65,"column":34}},"65":{"start":{"line":66,"column":0},"end":{"line":66,"column":86}},"66":{"start":{"line":67,"column":0},"end":{"line":67,"column":38}},"67":{"start":{"line":68,"column":0},"end":{"line":68,"column":68}},"68":{"start":{"line":69,"column":0},"end":{"line":69,"column":88}},"69":{"start":{"line":70,"column":0},"end":{"line":70,"column":69}},"70":{"start":{"line":71,"column":0},"end":{"line":71,"column":37}},"71":{"start":{"line":72,"column":0},"end":{"line":72,"column":85}},"72":{"start":{"line":73,"column":0},"end":{"line":73,"column":59}},"73":{"start":{"line":74,"column":0},"end":{"line":74,"column":94}},"75":{"start":{"line":76,"column":0},"end":{"line":76,"column":39}},"76":{"start":{"line":77,"column":0},"end":{"line":77,"column":32}},"77":{"start":{"line":78,"column":0},"end":{"line":78,"column":37}},"78":{"start":{"line":79,"column":0},"end":{"line":79,"column":27}},"79":{"start":{"line":80,"column":0},"end":{"line":80,"column":23}},"80":{"start":{"line":81,"column":0},"end":{"line":81,"column":18}},"81":{"start":{"line":82,"column":0},"end":{"line":82,"column":14}},"83":{"start":{"line":84,"column":0},"end":{"line":84,"column":1}}},"s":{"0":1,"1":1,"2":1,"3":1,"4":1,"5":1,"6":1,"8":1,"9":68,"10":68,"11":68,"12":68,"13":68,"14":68,"16":68,"17":2,"18":2,"19":2,"21":2,"22":2,"23":1,"24":1,"25":1,"26":2,"27":2,"28":2,"29":2,"31":68,"32":68,"33":68,"34":68,"35":68,"36":68,"37":68,"39":68,"40":68,"41":68,"42":68,"43":68,"44":68,"45":68,"46":68,"47":68,"48":68,"49":68,"50":68,"51":68,"52":68,"53":68,"54":68,"55":68,"56":68,"57":68,"58":68,"59":68,"60":68,"61":68,"62":68,"63":68,"64":68,"65":68,"66":68,"67":68,"68":68,"69":68,"70":68,"71":68,"72":68,"73":68,"75":68,"76":68,"77":68,"78":68,"79":68,"80":68,"81":68,"83":68},"branchMap":{"0":{"type":"branch","line":9,"loc":{"start":{"line":9,"column":7},"end":{"line":84,"column":1}},"locations":[{"start":{"line":9,"column":7},"end":{"line":84,"column":1}}]},"1":{"type":"branch","line":66,"loc":{"start":{"line":66,"column":29},"end":{"line":66,"column":86}},"locations":[{"start":{"line":66,"column":29},"end":{"line":66,"column":86}}]},"2":{"type":"branch","line":70,"loc":{"start":{"line":70,"column":33},"end":{"line":70,"column":61}},"locations":[{"start":{"line":70,"column":33},"end":{"line":70,"column":61}}]},"3":{"type":"branch","line":70,"loc":{"start":{"line":70,"column":43},"end":{"line":70,"column":69}},"locations":[{"start":{"line":70,"column":43},"end":{"line":70,"column":69}}]},"4":{"type":"branch","line":17,"loc":{"start":{"line":17,"column":25},"end":{"line":30,"column":6}},"locations":[{"start":{"line":17,"column":25},"end":{"line":30,"column":6}}]},"5":{"type":"branch","line":23,"loc":{"start":{"line":23,"column":43},"end":{"line":27,"column":10}},"locations":[{"start":{"line":23,"column":43},"end":{"line":27,"column":10}}]},"6":{"type":"branch","line":26,"loc":{"start":{"line":26,"column":48},"end":{"line":26,"column":72}},"locations":[{"start":{"line":26,"column":48},"end":{"line":26,"column":72}}]},"7":{"type":"branch","line":51,"loc":{"start":{"line":51,"column":46},"end":{"line":51,"column":78}},"locations":[{"start":{"line":51,"column":46},"end":{"line":51,"column":78}}]},"8":{"type":"branch","line":62,"loc":{"start":{"line":62,"column":46},"end":{"line":62,"column":81}},"locations":[{"start":{"line":62,"column":46},"end":{"line":62,"column":81}}]}},"b":{"0":[68],"1":[1],"2":[2],"3":[66],"4":[2],"5":[1],"6":[0],"7":[32],"8":[24]},"fnMap":{"0":{"name":"LoginPage","decl":{"start":{"line":9,"column":7},"end":{"line":84,"column":1}},"loc":{"start":{"line":9,"column":7},"end":{"line":84,"column":1}},"line":9},"1":{"name":"handleSubmit","decl":{"start":{"line":17,"column":25},"end":{"line":30,"column":6}},"loc":{"start":{"line":17,"column":25},"end":{"line":30,"column":6}},"line":17},"2":{"name":"onChange","decl":{"start":{"line":51,"column":46},"end":{"line":51,"column":78}},"loc":{"start":{"line":51,"column":46},"end":{"line":51,"column":78}},"line":51},"3":{"name":"onChange","decl":{"start":{"line":62,"column":46},"end":{"line":62,"column":81}},"loc":{"start":{"line":62,"column":46},"end":{"line":62,"column":81}},"line":62}},"f":{"0":68,"1":2,"2":32,"3":24}}
,"/home/damian/dev/keuzekompas/web/src/pages/ModulesPage.tsx": {"path":"/home/damian/dev/keuzekompas/web/src/pages/ModulesPage.tsx","all":false,"statementMap":{"0":{"start":{"line":1,"column":0},"end":{"line":1,"column":57}},"1":{"start":{"line":2,"column":0},"end":{"line":2,"column":40}},"2":{"start":{"line":3,"column":0},"end":{"line":3,"column":37}},"3":{"start":{"line":4,"column":0},"end":{"line":4,"column":49}},"4":{"start":{"line":5,"column":0},"end":{"line":5,"column":48}},"5":{"start":{"line":6,"column":0},"end":{"line":6,"column":97}},"6":{"start":{"line":7,"column":0},"end":{"line":7,"column":46}},"7":{"start":{"line":8,"column":0},"end":{"line":8,"column":103}},"10":{"start":{"line":11,"column":0},"end":{"line":11,"column":31}},"11":{"start":{"line":12,"column":0},"end":{"line":12,"column":31}},"12":{"start":{"line":13,"column":0},"end":{"line":13,"column":57}},"13":{"start":{"line":14,"column":0},"end":{"line":14,"column":49}},"14":{"start":{"line":15,"column":0},"end":{"line":15,"column":53}},"15":{"start":{"line":16,"column":0},"end":{"line":16,"column":87}},"16":{"start":{"line":17,"column":0},"end":{"line":17,"column":72}},"17":{"start":{"line":18,"column":0},"end":{"line":18,"column":66}},"18":{"start":{"line":19,"column":0},"end":{"line":19,"column":72}},"19":{"start":{"line":20,"column":0},"end":{"line":20,"column":72}},"20":{"start":{"line":21,"column":0},"end":{"line":21,"column":68}},"22":{"start":{"line":23,"column":0},"end":{"line":23,"column":37}},"23":{"start":{"line":24,"column":0},"end":{"line":24,"column":13}},"24":{"start":{"line":25,"column":0},"end":{"line":25,"column":53}},"25":{"start":{"line":26,"column":0},"end":{"line":26,"column":46}},"26":{"start":{"line":27,"column":0},"end":{"line":27,"column":23}},"27":{"start":{"line":28,"column":0},"end":{"line":28,"column":58}},"28":{"start":{"line":29,"column":0},"end":{"line":29,"column":19}},"29":{"start":{"line":30,"column":0},"end":{"line":30,"column":30}},"30":{"start":{"line":31,"column":0},"end":{"line":31,"column":9}},"31":{"start":{"line":32,"column":0},"end":{"line":32,"column":6}},"33":{"start":{"line":34,"column":0},"end":{"line":34,"column":51}},"34":{"start":{"line":35,"column":0},"end":{"line":35,"column":30}},"35":{"start":{"line":36,"column":0},"end":{"line":36,"column":13}},"36":{"start":{"line":37,"column":0},"end":{"line":37,"column":65}},"37":{"start":{"line":38,"column":0},"end":{"line":38,"column":72}},"38":{"start":{"line":39,"column":0},"end":{"line":39,"column":23}},"39":{"start":{"line":40,"column":0},"end":{"line":40,"column":60}},"40":{"start":{"line":41,"column":0},"end":{"line":41,"column":9}},"41":{"start":{"line":42,"column":0},"end":{"line":42,"column":19}},"43":{"start":{"line":44,"column":0},"end":{"line":44,"column":21}},"44":{"start":{"line":45,"column":0},"end":{"line":45,"column":22}},"45":{"start":{"line":46,"column":0},"end":{"line":46,"column":23}},"46":{"start":{"line":47,"column":0},"end":{"line":47,"column":28}},"47":{"start":{"line":48,"column":0},"end":{"line":48,"column":9}},"48":{"start":{"line":49,"column":0},"end":{"line":49,"column":34}},"50":{"start":{"line":51,"column":0},"end":{"line":51,"column":62}},"51":{"start":{"line":52,"column":0},"end":{"line":52,"column":30}},"52":{"start":{"line":53,"column":0},"end":{"line":53,"column":60}},"54":{"start":{"line":55,"column":0},"end":{"line":55,"column":13}},"55":{"start":{"line":56,"column":0},"end":{"line":56,"column":30}},"56":{"start":{"line":57,"column":0},"end":{"line":57,"column":60}},"57":{"start":{"line":58,"column":0},"end":{"line":58,"column":46}},"58":{"start":{"line":59,"column":0},"end":{"line":59,"column":47}},"59":{"start":{"line":60,"column":0},"end":{"line":60,"column":42}},"60":{"start":{"line":61,"column":0},"end":{"line":61,"column":32}},"61":{"start":{"line":62,"column":0},"end":{"line":62,"column":19}},"62":{"start":{"line":63,"column":0},"end":{"line":63,"column":20}},"63":{"start":{"line":64,"column":0},"end":{"line":64,"column":57}},"64":{"start":{"line":65,"column":0},"end":{"line":65,"column":74}},"65":{"start":{"line":66,"column":0},"end":{"line":66,"column":13}},"66":{"start":{"line":67,"column":0},"end":{"line":67,"column":23}},"67":{"start":{"line":68,"column":0},"end":{"line":68,"column":61}},"68":{"start":{"line":69,"column":0},"end":{"line":69,"column":9}},"69":{"start":{"line":70,"column":0},"end":{"line":70,"column":6}},"72":{"start":{"line":73,"column":0},"end":{"line":73,"column":85}},"73":{"start":{"line":74,"column":0},"end":{"line":74,"column":79}},"74":{"start":{"line":75,"column":0},"end":{"line":75,"column":85}},"75":{"start":{"line":76,"column":0},"end":{"line":76,"column":85}},"76":{"start":{"line":77,"column":0},"end":{"line":77,"column":96}},"78":{"start":{"line":79,"column":0},"end":{"line":79,"column":56}},"79":{"start":{"line":80,"column":0},"end":{"line":80,"column":29}},"80":{"start":{"line":81,"column":0},"end":{"line":81,"column":75}},"81":{"start":{"line":82,"column":0},"end":{"line":82,"column":79}},"82":{"start":{"line":83,"column":0},"end":{"line":83,"column":80}},"84":{"start":{"line":85,"column":0},"end":{"line":85,"column":95}},"85":{"start":{"line":86,"column":0},"end":{"line":86,"column":83}},"86":{"start":{"line":87,"column":0},"end":{"line":87,"column":95}},"87":{"start":{"line":88,"column":0},"end":{"line":88,"column":95}},"88":{"start":{"line":89,"column":0},"end":{"line":89,"column":98}},"90":{"start":{"line":91,"column":0},"end":{"line":91,"column":119}},"91":{"start":{"line":92,"column":0},"end":{"line":92,"column":7}},"93":{"start":{"line":94,"column":0},"end":{"line":94,"column":18}},"94":{"start":{"line":95,"column":0},"end":{"line":95,"column":77}},"95":{"start":{"line":96,"column":0},"end":{"line":96,"column":5}},"97":{"start":{"line":98,"column":0},"end":{"line":98,"column":12}},"98":{"start":{"line":99,"column":0},"end":{"line":99,"column":59}},"99":{"start":{"line":100,"column":0},"end":{"line":100,"column":34}},"100":{"start":{"line":101,"column":0},"end":{"line":101,"column":72}},"101":{"start":{"line":102,"column":0},"end":{"line":102,"column":67}},"102":{"start":{"line":103,"column":0},"end":{"line":103,"column":42}},"103":{"start":{"line":104,"column":0},"end":{"line":104,"column":40}},"104":{"start":{"line":105,"column":0},"end":{"line":105,"column":69}},"105":{"start":{"line":106,"column":0},"end":{"line":106,"column":33}},"107":{"start":{"line":108,"column":0},"end":{"line":108,"column":22}},"108":{"start":{"line":109,"column":0},"end":{"line":109,"column":43}},"109":{"start":{"line":110,"column":0},"end":{"line":110,"column":26}},"110":{"start":{"line":111,"column":0},"end":{"line":111,"column":37}},"111":{"start":{"line":112,"column":0},"end":{"line":112,"column":55}},"112":{"start":{"line":113,"column":0},"end":{"line":113,"column":42}},"113":{"start":{"line":114,"column":0},"end":{"line":114,"column":71}},"114":{"start":{"line":115,"column":0},"end":{"line":115,"column":44}},"115":{"start":{"line":116,"column":0},"end":{"line":116,"column":22}},"117":{"start":{"line":118,"column":0},"end":{"line":118,"column":58}},"118":{"start":{"line":119,"column":0},"end":{"line":119,"column":89}},"119":{"start":{"line":120,"column":0},"end":{"line":120,"column":65}},"120":{"start":{"line":121,"column":0},"end":{"line":121,"column":70}},"121":{"start":{"line":122,"column":0},"end":{"line":122,"column":44}},"122":{"start":{"line":123,"column":0},"end":{"line":123,"column":43}},"123":{"start":{"line":124,"column":0},"end":{"line":124,"column":82}},"124":{"start":{"line":125,"column":0},"end":{"line":125,"column":66}},"125":{"start":{"line":126,"column":0},"end":{"line":126,"column":103}},"126":{"start":{"line":127,"column":0},"end":{"line":127,"column":35}},"127":{"start":{"line":128,"column":0},"end":{"line":128,"column":44}},"128":{"start":{"line":129,"column":0},"end":{"line":129,"column":33}},"130":{"start":{"line":131,"column":0},"end":{"line":131,"column":83}},"131":{"start":{"line":132,"column":0},"end":{"line":132,"column":65}},"132":{"start":{"line":133,"column":0},"end":{"line":133,"column":67}},"133":{"start":{"line":134,"column":0},"end":{"line":134,"column":44}},"134":{"start":{"line":135,"column":0},"end":{"line":135,"column":43}},"135":{"start":{"line":136,"column":0},"end":{"line":136,"column":79}},"136":{"start":{"line":137,"column":0},"end":{"line":137,"column":60}},"137":{"start":{"line":138,"column":0},"end":{"line":138,"column":94}},"138":{"start":{"line":139,"column":0},"end":{"line":139,"column":35}},"139":{"start":{"line":140,"column":0},"end":{"line":140,"column":44}},"140":{"start":{"line":141,"column":0},"end":{"line":141,"column":33}},"142":{"start":{"line":143,"column":0},"end":{"line":143,"column":89}},"143":{"start":{"line":144,"column":0},"end":{"line":144,"column":65}},"144":{"start":{"line":145,"column":0},"end":{"line":145,"column":70}},"145":{"start":{"line":146,"column":0},"end":{"line":146,"column":44}},"146":{"start":{"line":147,"column":0},"end":{"line":147,"column":43}},"147":{"start":{"line":148,"column":0},"end":{"line":148,"column":82}},"148":{"start":{"line":149,"column":0},"end":{"line":149,"column":66}},"149":{"start":{"line":150,"column":0},"end":{"line":150,"column":103}},"150":{"start":{"line":151,"column":0},"end":{"line":151,"column":35}},"151":{"start":{"line":152,"column":0},"end":{"line":152,"column":44}},"152":{"start":{"line":153,"column":0},"end":{"line":153,"column":33}},"154":{"start":{"line":155,"column":0},"end":{"line":155,"column":89}},"155":{"start":{"line":156,"column":0},"end":{"line":156,"column":65}},"156":{"start":{"line":157,"column":0},"end":{"line":157,"column":70}},"157":{"start":{"line":158,"column":0},"end":{"line":158,"column":44}},"158":{"start":{"line":159,"column":0},"end":{"line":159,"column":43}},"159":{"start":{"line":160,"column":0},"end":{"line":160,"column":82}},"160":{"start":{"line":161,"column":0},"end":{"line":161,"column":66}},"161":{"start":{"line":162,"column":0},"end":{"line":162,"column":103}},"162":{"start":{"line":163,"column":0},"end":{"line":163,"column":35}},"163":{"start":{"line":164,"column":0},"end":{"line":164,"column":44}},"164":{"start":{"line":165,"column":0},"end":{"line":165,"column":33}},"166":{"start":{"line":167,"column":0},"end":{"line":167,"column":85}},"167":{"start":{"line":168,"column":0},"end":{"line":168,"column":65}},"168":{"start":{"line":169,"column":0},"end":{"line":169,"column":68}},"169":{"start":{"line":170,"column":0},"end":{"line":170,"column":44}},"170":{"start":{"line":171,"column":0},"end":{"line":171,"column":43}},"171":{"start":{"line":172,"column":0},"end":{"line":172,"column":80}},"172":{"start":{"line":173,"column":0},"end":{"line":173,"column":62}},"173":{"start":{"line":174,"column":0},"end":{"line":174,"column":115}},"174":{"start":{"line":175,"column":0},"end":{"line":175,"column":35}},"175":{"start":{"line":176,"column":0},"end":{"line":176,"column":44}},"176":{"start":{"line":177,"column":0},"end":{"line":177,"column":33}},"178":{"start":{"line":179,"column":0},"end":{"line":179,"column":163}},"179":{"start":{"line":180,"column":0},"end":{"line":180,"column":35}},"180":{"start":{"line":181,"column":0},"end":{"line":181,"column":49}},"181":{"start":{"line":182,"column":0},"end":{"line":182,"column":48}},"182":{"start":{"line":183,"column":0},"end":{"line":183,"column":61}},"183":{"start":{"line":184,"column":0},"end":{"line":184,"column":58}},"184":{"start":{"line":185,"column":0},"end":{"line":185,"column":61}},"185":{"start":{"line":186,"column":0},"end":{"line":186,"column":61}},"186":{"start":{"line":187,"column":0},"end":{"line":187,"column":59}},"187":{"start":{"line":188,"column":0},"end":{"line":188,"column":34}},"188":{"start":{"line":189,"column":0},"end":{"line":189,"column":29}},"190":{"start":{"line":191,"column":0},"end":{"line":191,"column":37}},"192":{"start":{"line":193,"column":0},"end":{"line":193,"column":26}},"193":{"start":{"line":194,"column":0},"end":{"line":194,"column":22}},"194":{"start":{"line":195,"column":0},"end":{"line":195,"column":18}},"196":{"start":{"line":197,"column":0},"end":{"line":197,"column":70}},"197":{"start":{"line":198,"column":0},"end":{"line":198,"column":50}},"198":{"start":{"line":199,"column":0},"end":{"line":199,"column":68}},"199":{"start":{"line":200,"column":0},"end":{"line":200,"column":36}},"200":{"start":{"line":201,"column":0},"end":{"line":201,"column":64}},"201":{"start":{"line":202,"column":0},"end":{"line":202,"column":45}},"202":{"start":{"line":203,"column":0},"end":{"line":203,"column":66}},"203":{"start":{"line":204,"column":0},"end":{"line":204,"column":46}},"204":{"start":{"line":205,"column":0},"end":{"line":205,"column":37}},"205":{"start":{"line":206,"column":0},"end":{"line":206,"column":56}},"206":{"start":{"line":207,"column":0},"end":{"line":207,"column":60}},"207":{"start":{"line":208,"column":0},"end":{"line":208,"column":92}},"208":{"start":{"line":209,"column":0},"end":{"line":209,"column":92}},"209":{"start":{"line":210,"column":0},"end":{"line":210,"column":66}},"210":{"start":{"line":211,"column":0},"end":{"line":211,"column":50}},"211":{"start":{"line":212,"column":0},"end":{"line":212,"column":72}},"212":{"start":{"line":213,"column":0},"end":{"line":213,"column":50}},"213":{"start":{"line":214,"column":0},"end":{"line":214,"column":66}},"214":{"start":{"line":215,"column":0},"end":{"line":215,"column":50}},"215":{"start":{"line":216,"column":0},"end":{"line":216,"column":71}},"216":{"start":{"line":217,"column":0},"end":{"line":217,"column":38}},"217":{"start":{"line":218,"column":0},"end":{"line":218,"column":34}},"218":{"start":{"line":219,"column":0},"end":{"line":219,"column":56}},"219":{"start":{"line":220,"column":0},"end":{"line":220,"column":85}},"220":{"start":{"line":221,"column":0},"end":{"line":221,"column":90}},"221":{"start":{"line":222,"column":0},"end":{"line":222,"column":41}},"222":{"start":{"line":223,"column":0},"end":{"line":223,"column":42}},"223":{"start":{"line":224,"column":0},"end":{"line":224,"column":43}},"224":{"start":{"line":225,"column":0},"end":{"line":225,"column":104}},"225":{"start":{"line":226,"column":0},"end":{"line":226,"column":51}},"226":{"start":{"line":227,"column":0},"end":{"line":227,"column":87}},"227":{"start":{"line":228,"column":0},"end":{"line":228,"column":127}},"229":{"start":{"line":230,"column":0},"end":{"line":230,"column":86}},"230":{"start":{"line":231,"column":0},"end":{"line":231,"column":45}},"232":{"start":{"line":233,"column":0},"end":{"line":233,"column":34}},"233":{"start":{"line":234,"column":0},"end":{"line":234,"column":38}},"234":{"start":{"line":235,"column":0},"end":{"line":235,"column":27}},"235":{"start":{"line":236,"column":0},"end":{"line":236,"column":19}},"236":{"start":{"line":237,"column":0},"end":{"line":237,"column":18}},"238":{"start":{"line":239,"column":0},"end":{"line":239,"column":46}},"239":{"start":{"line":240,"column":0},"end":{"line":240,"column":51}},"240":{"start":{"line":241,"column":0},"end":{"line":241,"column":69}},"241":{"start":{"line":242,"column":0},"end":{"line":242,"column":22}},"243":{"start":{"line":244,"column":0},"end":{"line":244,"column":14}},"245":{"start":{"line":246,"column":0},"end":{"line":246,"column":1}}},"s":{"0":1,"1":1,"2":1,"3":1,"4":1,"5":1,"6":1,"7":1,"10":1,"11":54,"12":54,"13":54,"14":54,"15":54,"16":54,"17":54,"18":54,"19":54,"20":54,"22":54,"23":8,"24":8,"25":7,"26":8,"27":0,"28":8,"29":7,"30":7,"31":8,"33":54,"34":1,"35":1,"36":1,"37":1,"38":1,"39":0,"40":0,"41":54,"43":54,"44":8,"45":8,"46":1,"47":1,"48":54,"50":54,"51":1,"52":1,"54":1,"55":1,"56":0,"57":0,"58":0,"59":0,"60":0,"61":0,"62":1,"63":1,"64":1,"65":1,"66":1,"67":0,"68":0,"69":1,"72":54,"73":54,"74":54,"75":54,"76":54,"78":54,"79":82,"80":82,"81":47,"82":46,"84":82,"85":82,"86":82,"87":82,"88":82,"90":82,"91":54,"93":54,"94":13,"95":13,"97":41,"98":41,"99":41,"100":41,"101":41,"102":54,"103":0,"104":0,"105":0,"107":54,"108":54,"109":54,"110":54,"111":54,"112":54,"113":54,"114":54,"115":54,"117":54,"118":54,"119":54,"120":54,"121":54,"122":54,"123":54,"124":54,"125":82,"126":54,"127":54,"128":54,"130":54,"131":54,"132":54,"133":54,"134":54,"135":54,"136":54,"137":82,"138":54,"139":54,"140":54,"142":54,"143":54,"144":54,"145":54,"146":54,"147":54,"148":54,"149":82,"150":54,"151":54,"152":54,"154":54,"155":54,"156":54,"157":54,"158":54,"159":54,"160":54,"161":82,"162":54,"163":54,"164":54,"166":54,"167":54,"168":54,"169":54,"170":54,"171":54,"172":54,"173":82,"174":54,"175":54,"176":54,"178":54,"179":0,"180":0,"181":0,"182":0,"183":0,"184":0,"185":0,"186":0,"187":0,"188":0,"190":0,"192":54,"193":54,"194":54,"196":54,"197":54,"198":36,"199":36,"200":36,"201":36,"202":36,"203":36,"204":36,"205":36,"206":36,"207":36,"208":36,"209":36,"210":36,"211":36,"212":36,"213":36,"214":36,"215":36,"216":36,"217":36,"218":36,"219":36,"220":36,"221":36,"222":36,"223":6,"224":6,"225":6,"226":6,"227":6,"229":6,"230":6,"232":36,"233":36,"234":36,"235":54,"236":54,"238":54,"239":16,"240":16,"241":16,"243":54,"245":54},"branchMap":{"0":{"type":"branch","line":11,"loc":{"start":{"line":11,"column":7},"end":{"line":246,"column":1}},"locations":[{"start":{"line":11,"column":7},"end":{"line":246,"column":1}}]},"1":{"type":"branch","line":42,"loc":{"start":{"line":42,"column":8},"end":{"line":42,"column":16}},"locations":[{"start":{"line":42,"column":8},"end":{"line":42,"column":16}}]},"2":{"type":"branch","line":49,"loc":{"start":{"line":49,"column":8},"end":{"line":49,"column":18}},"locations":[{"start":{"line":49,"column":8},"end":{"line":49,"column":18}}]},"3":{"type":"branch","line":94,"loc":{"start":{"line":94,"column":17},"end":{"line":96,"column":5}},"locations":[{"start":{"line":94,"column":17},"end":{"line":96,"column":5}}]},"4":{"type":"branch","line":96,"loc":{"start":{"line":96,"column":4},"end":{"line":103,"column":27}},"locations":[{"start":{"line":96,"column":4},"end":{"line":103,"column":27}}]},"5":{"type":"branch","line":103,"loc":{"start":{"line":103,"column":21},"end":{"line":103,"column":36}},"locations":[{"start":{"line":103,"column":21},"end":{"line":103,"column":36}}]},"6":{"type":"branch","line":103,"loc":{"start":{"line":103,"column":36},"end":{"line":106,"column":33}},"locations":[{"start":{"line":103,"column":36},"end":{"line":106,"column":33}}]},"7":{"type":"branch","line":179,"loc":{"start":{"line":179,"column":45},"end":{"line":179,"column":79}},"locations":[{"start":{"line":179,"column":45},"end":{"line":179,"column":79}}]},"8":{"type":"branch","line":179,"loc":{"start":{"line":179,"column":70},"end":{"line":179,"column":107}},"locations":[{"start":{"line":179,"column":70},"end":{"line":179,"column":107}}]},"9":{"type":"branch","line":179,"loc":{"start":{"line":179,"column":98},"end":{"line":179,"column":135}},"locations":[{"start":{"line":179,"column":98},"end":{"line":179,"column":135}}]},"10":{"type":"branch","line":179,"loc":{"start":{"line":179,"column":126},"end":{"line":179,"column":163}},"locations":[{"start":{"line":179,"column":126},"end":{"line":179,"column":163}}]},"11":{"type":"branch","line":179,"loc":{"start":{"line":179,"column":152},"end":{"line":191,"column":37}},"locations":[{"start":{"line":179,"column":152},"end":{"line":191,"column":37}}]},"12":{"type":"branch","line":239,"loc":{"start":{"line":239,"column":40},"end":{"line":242,"column":22}},"locations":[{"start":{"line":239,"column":40},"end":{"line":242,"column":22}}]},"13":{"type":"branch","line":23,"loc":{"start":{"line":23,"column":24},"end":{"line":32,"column":6}},"locations":[{"start":{"line":23,"column":24},"end":{"line":32,"column":6}}]},"14":{"type":"branch","line":25,"loc":{"start":{"line":25,"column":51},"end":{"line":27,"column":17}},"locations":[{"start":{"line":25,"column":51},"end":{"line":27,"column":17}}]},"15":{"type":"branch","line":27,"loc":{"start":{"line":27,"column":8},"end":{"line":29,"column":10}},"locations":[{"start":{"line":27,"column":8},"end":{"line":29,"column":10}}]},"16":{"type":"branch","line":29,"loc":{"start":{"line":29,"column":8},"end":{"line":31,"column":9}},"locations":[{"start":{"line":29,"column":8},"end":{"line":31,"column":9}}]},"17":{"type":"branch","line":34,"loc":{"start":{"line":34,"column":38},"end":{"line":42,"column":7}},"locations":[{"start":{"line":34,"column":38},"end":{"line":42,"column":7}}]},"18":{"type":"branch","line":35,"loc":{"start":{"line":35,"column":23},"end":{"line":35,"column":30}},"locations":[{"start":{"line":35,"column":23},"end":{"line":35,"column":30}}]},"19":{"type":"branch","line":39,"loc":{"start":{"line":39,"column":8},"end":{"line":41,"column":9}},"locations":[{"start":{"line":39,"column":8},"end":{"line":41,"column":9}}]},"20":{"type":"branch","line":44,"loc":{"start":{"line":44,"column":14},"end":{"line":49,"column":7}},"locations":[{"start":{"line":44,"column":14},"end":{"line":49,"column":7}}]},"21":{"type":"branch","line":46,"loc":{"start":{"line":46,"column":12},"end":{"line":46,"column":22}},"locations":[{"start":{"line":46,"column":12},"end":{"line":46,"column":22}}]},"22":{"type":"branch","line":46,"loc":{"start":{"line":46,"column":22},"end":{"line":48,"column":9}},"locations":[{"start":{"line":46,"column":22},"end":{"line":48,"column":9}}]},"23":{"type":"branch","line":51,"loc":{"start":{"line":51,"column":33},"end":{"line":70,"column":6}},"locations":[{"start":{"line":51,"column":33},"end":{"line":70,"column":6}}]},"24":{"type":"branch","line":52,"loc":{"start":{"line":52,"column":23},"end":{"line":52,"column":30}},"locations":[{"start":{"line":52,"column":23},"end":{"line":52,"column":30}}]},"25":{"type":"branch","line":56,"loc":{"start":{"line":56,"column":29},"end":{"line":63,"column":19}},"locations":[{"start":{"line":56,"column":29},"end":{"line":63,"column":19}}]},"26":{"type":"branch","line":67,"loc":{"start":{"line":67,"column":8},"end":{"line":69,"column":9}},"locations":[{"start":{"line":67,"column":8},"end":{"line":69,"column":9}}]},"27":{"type":"branch","line":65,"loc":{"start":{"line":65,"column":37},"end":{"line":65,"column":72}},"locations":[{"start":{"line":65,"column":37},"end":{"line":65,"column":72}}]},"28":{"type":"branch","line":73,"loc":{"start":{"line":73,"column":59},"end":{"line":73,"column":74}},"locations":[{"start":{"line":73,"column":59},"end":{"line":73,"column":74}}]},"29":{"type":"branch","line":74,"loc":{"start":{"line":74,"column":56},"end":{"line":74,"column":68}},"locations":[{"start":{"line":74,"column":56},"end":{"line":74,"column":68}}]},"30":{"type":"branch","line":75,"loc":{"start":{"line":75,"column":59},"end":{"line":75,"column":74}},"locations":[{"start":{"line":75,"column":59},"end":{"line":75,"column":74}}]},"31":{"type":"branch","line":76,"loc":{"start":{"line":76,"column":59},"end":{"line":76,"column":74}},"locations":[{"start":{"line":76,"column":59},"end":{"line":76,"column":74}}]},"32":{"type":"branch","line":77,"loc":{"start":{"line":77,"column":57},"end":{"line":77,"column":70}},"locations":[{"start":{"line":77,"column":57},"end":{"line":77,"column":70}}]},"33":{"type":"branch","line":77,"loc":{"start":{"line":77,"column":79},"end":{"line":77,"column":94}},"locations":[{"start":{"line":77,"column":79},"end":{"line":77,"column":94}}]},"34":{"type":"branch","line":79,"loc":{"start":{"line":79,"column":43},"end":{"line":92,"column":5}},"locations":[{"start":{"line":79,"column":43},"end":{"line":92,"column":5}}]},"35":{"type":"branch","line":81,"loc":{"start":{"line":81,"column":71},"end":{"line":82,"column":79}},"locations":[{"start":{"line":81,"column":71},"end":{"line":82,"column":79}}]},"36":{"type":"branch","line":82,"loc":{"start":{"line":82,"column":75},"end":{"line":83,"column":80}},"locations":[{"start":{"line":82,"column":75},"end":{"line":83,"column":80}}]},"37":{"type":"branch","line":85,"loc":{"start":{"line":85,"column":51},"end":{"line":85,"column":95}},"locations":[{"start":{"line":85,"column":51},"end":{"line":85,"column":95}}]},"38":{"type":"branch","line":86,"loc":{"start":{"line":86,"column":45},"end":{"line":86,"column":83}},"locations":[{"start":{"line":86,"column":45},"end":{"line":86,"column":83}}]},"39":{"type":"branch","line":87,"loc":{"start":{"line":87,"column":51},"end":{"line":87,"column":95}},"locations":[{"start":{"line":87,"column":51},"end":{"line":87,"column":95}}]},"40":{"type":"branch","line":88,"loc":{"start":{"line":88,"column":51},"end":{"line":88,"column":95}},"locations":[{"start":{"line":88,"column":51},"end":{"line":88,"column":95}}]},"41":{"type":"branch","line":89,"loc":{"start":{"line":89,"column":47},"end":{"line":89,"column":98}},"locations":[{"start":{"line":89,"column":47},"end":{"line":89,"column":98}}]},"42":{"type":"branch","line":91,"loc":{"start":{"line":91,"column":15},"end":{"line":91,"column":51}},"locations":[{"start":{"line":91,"column":15},"end":{"line":91,"column":51}}]},"43":{"type":"branch","line":91,"loc":{"start":{"line":91,"column":32},"end":{"line":91,"column":67}},"locations":[{"start":{"line":91,"column":32},"end":{"line":91,"column":67}}]},"44":{"type":"branch","line":91,"loc":{"start":{"line":91,"column":51},"end":{"line":91,"column":86}},"locations":[{"start":{"line":91,"column":51},"end":{"line":91,"column":86}}]},"45":{"type":"branch","line":91,"loc":{"start":{"line":91,"column":67},"end":{"line":91,"column":105}},"locations":[{"start":{"line":91,"column":67},"end":{"line":91,"column":105}}]},"46":{"type":"branch","line":91,"loc":{"start":{"line":91,"column":86},"end":{"line":91,"column":119}},"locations":[{"start":{"line":91,"column":86},"end":{"line":91,"column":119}}]},"47":{"type":"branch","line":114,"loc":{"start":{"line":114,"column":34},"end":{"line":114,"column":71}},"locations":[{"start":{"line":114,"column":34},"end":{"line":114,"column":71}}]},"48":{"type":"branch","line":125,"loc":{"start":{"line":125,"column":53},"end":{"line":126,"column":103}},"locations":[{"start":{"line":125,"column":53},"end":{"line":126,"column":103}}]},"49":{"type":"branch","line":137,"loc":{"start":{"line":137,"column":50},"end":{"line":138,"column":94}},"locations":[{"start":{"line":137,"column":50},"end":{"line":138,"column":94}}]},"50":{"type":"branch","line":149,"loc":{"start":{"line":149,"column":53},"end":{"line":150,"column":103}},"locations":[{"start":{"line":149,"column":53},"end":{"line":150,"column":103}}]},"51":{"type":"branch","line":161,"loc":{"start":{"line":161,"column":53},"end":{"line":162,"column":103}},"locations":[{"start":{"line":161,"column":53},"end":{"line":162,"column":103}}]},"52":{"type":"branch","line":173,"loc":{"start":{"line":173,"column":51},"end":{"line":174,"column":115}},"locations":[{"start":{"line":173,"column":51},"end":{"line":174,"column":115}}]},"53":{"type":"branch","line":198,"loc":{"start":{"line":198,"column":37},"end":{"line":235,"column":27}},"locations":[{"start":{"line":198,"column":37},"end":{"line":235,"column":27}}]},"54":{"type":"branch","line":223,"loc":{"start":{"line":223,"column":33},"end":{"line":231,"column":45}},"locations":[{"start":{"line":223,"column":33},"end":{"line":231,"column":45}}]},"55":{"type":"branch","line":225,"loc":{"start":{"line":225,"column":80},"end":{"line":225,"column":96}},"locations":[{"start":{"line":225,"column":80},"end":{"line":225,"column":96}}]},"56":{"type":"branch","line":225,"loc":{"start":{"line":225,"column":84},"end":{"line":225,"column":104}},"locations":[{"start":{"line":225,"column":84},"end":{"line":225,"column":104}}]},"57":{"type":"branch","line":228,"loc":{"start":{"line":228,"column":78},"end":{"line":228,"column":108}},"locations":[{"start":{"line":228,"column":78},"end":{"line":228,"column":108}}]},"58":{"type":"branch","line":228,"loc":{"start":{"line":228,"column":82},"end":{"line":228,"column":127}},"locations":[{"start":{"line":228,"column":82},"end":{"line":228,"column":127}}]},"59":{"type":"branch","line":230,"loc":{"start":{"line":230,"column":72},"end":{"line":230,"column":82}},"locations":[{"start":{"line":230,"column":72},"end":{"line":230,"column":82}}]},"60":{"type":"branch","line":230,"loc":{"start":{"line":230,"column":76},"end":{"line":230,"column":86}},"locations":[{"start":{"line":230,"column":76},"end":{"line":230,"column":86}}]},"61":{"type":"branch","line":227,"loc":{"start":{"line":227,"column":49},"end":{"line":227,"column":87}},"locations":[{"start":{"line":227,"column":49},"end":{"line":227,"column":87}}]}},"b":{"0":[54],"1":[3],"2":[3],"3":[13],"4":[41],"5":[3],"6":[0],"7":[41],"8":[41],"9":[41],"10":[41],"11":[0],"12":[16],"13":[8],"14":[7],"15":[0],"16":[7],"17":[1],"18":[0],"19":[0],"20":[8],"21":[1],"22":[1],"23":[1],"24":[0],"25":[0],"26":[0],"27":[1],"28":[82],"29":[82],"30":[82],"31":[82],"32":[82],"33":[41],"34":[82],"35":[47],"36":[46],"37":[0],"38":[0],"39":[0],"40":[0],"41":[0],"42":[36],"43":[36],"44":[36],"45":[36],"46":[36],"47":[33],"48":[82],"49":[82],"50":[82],"51":[82],"52":[82],"53":[36],"54":[6],"55":[1],"56":[5],"57":[1],"58":[5],"59":[1],"60":[5],"61":[1]},"fnMap":{"0":{"name":"ModulesPage","decl":{"start":{"line":11,"column":7},"end":{"line":246,"column":1}},"loc":{"start":{"line":11,"column":7},"end":{"line":246,"column":1}},"line":11},"1":{"name":"loadModules","decl":{"start":{"line":23,"column":24},"end":{"line":32,"column":6}},"loc":{"start":{"line":23,"column":24},"end":{"line":32,"column":6}},"line":23},"2":{"name":"handleToggleFavorite","decl":{"start":{"line":51,"column":33},"end":{"line":70,"column":6}},"loc":{"start":{"line":51,"column":33},"end":{"line":70,"column":6}},"line":51},"3":{"name":"onChange","decl":{"start":{"line":114,"column":34},"end":{"line":114,"column":71}},"loc":{"start":{"line":114,"column":34},"end":{"line":114,"column":71}},"line":114},"4":{"name":"onClick","decl":{"start":{"line":182,"column":41},"end":{"line":188,"column":34}},"loc":{"start":{"line":182,"column":41},"end":{"line":188,"column":34}},"line":182},"5":{"name":"onClick","decl":{"start":{"line":227,"column":49},"end":{"line":227,"column":87}},"loc":{"start":{"line":227,"column":49},"end":{"line":227,"column":87}},"line":227}},"f":{"0":54,"1":8,"2":1,"3":33,"4":0,"5":1}}
,"/home/damian/dev/keuzekompas/web/src/pages/ProfilePage.tsx": {"path":"/home/damian/dev/keuzekompas/web/src/pages/ProfilePage.tsx","all":false,"statementMap":{"0":{"start":{"line":1,"column":0},"end":{"line":1,"column":57}},"1":{"start":{"line":2,"column":0},"end":{"line":2,"column":49}},"2":{"start":{"line":3,"column":0},"end":{"line":3,"column":37}},"3":{"start":{"line":4,"column":0},"end":{"line":4,"column":48}},"4":{"start":{"line":5,"column":0},"end":{"line":5,"column":46}},"5":{"start":{"line":6,"column":0},"end":{"line":6,"column":46}},"6":{"start":{"line":7,"column":0},"end":{"line":7,"column":97}},"9":{"start":{"line":10,"column":0},"end":{"line":10,"column":31}},"10":{"start":{"line":11,"column":0},"end":{"line":11,"column":39}},"11":{"start":{"line":12,"column":0},"end":{"line":12,"column":50}},"12":{"start":{"line":13,"column":0},"end":{"line":13,"column":68}},"13":{"start":{"line":14,"column":0},"end":{"line":14,"column":46}},"14":{"start":{"line":15,"column":0},"end":{"line":15,"column":31}},"15":{"start":{"line":16,"column":0},"end":{"line":16,"column":33}},"16":{"start":{"line":17,"column":0},"end":{"line":17,"column":33}},"17":{"start":{"line":18,"column":0},"end":{"line":18,"column":7}},"18":{"start":{"line":19,"column":0},"end":{"line":19,"column":43}},"19":{"start":{"line":20,"column":0},"end":{"line":20,"column":50}},"21":{"start":{"line":22,"column":0},"end":{"line":22,"column":51}},"22":{"start":{"line":23,"column":0},"end":{"line":23,"column":30}},"23":{"start":{"line":24,"column":0},"end":{"line":24,"column":13}},"24":{"start":{"line":25,"column":0},"end":{"line":25,"column":65}},"25":{"start":{"line":26,"column":0},"end":{"line":26,"column":40}},"26":{"start":{"line":27,"column":0},"end":{"line":27,"column":23}},"27":{"start":{"line":28,"column":0},"end":{"line":28,"column":60}},"28":{"start":{"line":29,"column":0},"end":{"line":29,"column":9}},"29":{"start":{"line":30,"column":0},"end":{"line":30,"column":19}},"31":{"start":{"line":32,"column":0},"end":{"line":32,"column":21}},"32":{"start":{"line":33,"column":0},"end":{"line":33,"column":19}},"33":{"start":{"line":34,"column":0},"end":{"line":34,"column":25}},"34":{"start":{"line":35,"column":0},"end":{"line":35,"column":32}},"35":{"start":{"line":36,"column":0},"end":{"line":36,"column":34}},"36":{"start":{"line":37,"column":0},"end":{"line":37,"column":34}},"37":{"start":{"line":38,"column":0},"end":{"line":38,"column":15}},"38":{"start":{"line":39,"column":0},"end":{"line":39,"column":28}},"39":{"start":{"line":40,"column":0},"end":{"line":40,"column":9}},"40":{"start":{"line":41,"column":0},"end":{"line":41,"column":30}},"42":{"start":{"line":43,"column":0},"end":{"line":43,"column":56}},"43":{"start":{"line":44,"column":0},"end":{"line":44,"column":27}},"44":{"start":{"line":45,"column":0},"end":{"line":45,"column":30}},"46":{"start":{"line":47,"column":0},"end":{"line":47,"column":21}},"47":{"start":{"line":48,"column":0},"end":{"line":48,"column":25}},"49":{"start":{"line":50,"column":0},"end":{"line":50,"column":13}},"50":{"start":{"line":51,"column":0},"end":{"line":51,"column":52}},"51":{"start":{"line":52,"column":0},"end":{"line":52,"column":30}},"53":{"start":{"line":54,"column":0},"end":{"line":54,"column":23}},"54":{"start":{"line":55,"column":0},"end":{"line":55,"column":75}},"55":{"start":{"line":56,"column":0},"end":{"line":56,"column":19}},"56":{"start":{"line":57,"column":0},"end":{"line":57,"column":30}},"57":{"start":{"line":58,"column":0},"end":{"line":58,"column":9}},"58":{"start":{"line":59,"column":0},"end":{"line":59,"column":6}},"60":{"start":{"line":61,"column":0},"end":{"line":61,"column":62}},"61":{"start":{"line":62,"column":0},"end":{"line":62,"column":30}},"63":{"start":{"line":64,"column":0},"end":{"line":64,"column":13}},"64":{"start":{"line":65,"column":0},"end":{"line":65,"column":56}},"65":{"start":{"line":66,"column":0},"end":{"line":66,"column":69}},"66":{"start":{"line":67,"column":0},"end":{"line":67,"column":23}},"67":{"start":{"line":68,"column":0},"end":{"line":68,"column":61}},"68":{"start":{"line":69,"column":0},"end":{"line":69,"column":9}},"69":{"start":{"line":70,"column":0},"end":{"line":70,"column":6}},"71":{"start":{"line":72,"column":0},"end":{"line":72,"column":16}},"72":{"start":{"line":73,"column":0},"end":{"line":73,"column":37}},"73":{"start":{"line":74,"column":0},"end":{"line":74,"column":5}},"75":{"start":{"line":76,"column":0},"end":{"line":76,"column":12}},"76":{"start":{"line":77,"column":0},"end":{"line":77,"column":59}},"77":{"start":{"line":78,"column":0},"end":{"line":78,"column":57}},"78":{"start":{"line":79,"column":0},"end":{"line":79,"column":22}},"79":{"start":{"line":80,"column":0},"end":{"line":80,"column":32}},"80":{"start":{"line":81,"column":0},"end":{"line":81,"column":54}},"81":{"start":{"line":82,"column":0},"end":{"line":82,"column":90}},"82":{"start":{"line":83,"column":0},"end":{"line":83,"column":33}},"83":{"start":{"line":84,"column":0},"end":{"line":84,"column":33}},"84":{"start":{"line":85,"column":0},"end":{"line":85,"column":36}},"85":{"start":{"line":86,"column":0},"end":{"line":86,"column":80}},"86":{"start":{"line":87,"column":0},"end":{"line":87,"column":59}},"87":{"start":{"line":88,"column":0},"end":{"line":88,"column":70}},"88":{"start":{"line":89,"column":0},"end":{"line":89,"column":42}},"89":{"start":{"line":90,"column":0},"end":{"line":90,"column":49}},"90":{"start":{"line":91,"column":0},"end":{"line":91,"column":61}},"91":{"start":{"line":92,"column":0},"end":{"line":92,"column":108}},"92":{"start":{"line":93,"column":0},"end":{"line":93,"column":38}},"93":{"start":{"line":94,"column":0},"end":{"line":94,"column":38}},"94":{"start":{"line":95,"column":0},"end":{"line":95,"column":59}},"95":{"start":{"line":96,"column":0},"end":{"line":96,"column":72}},"96":{"start":{"line":97,"column":0},"end":{"line":97,"column":42}},"97":{"start":{"line":98,"column":0},"end":{"line":98,"column":50}},"98":{"start":{"line":99,"column":0},"end":{"line":99,"column":52}},"99":{"start":{"line":100,"column":0},"end":{"line":100,"column":62}},"100":{"start":{"line":101,"column":0},"end":{"line":101,"column":109}},"101":{"start":{"line":102,"column":0},"end":{"line":102,"column":38}},"102":{"start":{"line":103,"column":0},"end":{"line":103,"column":38}},"103":{"start":{"line":104,"column":0},"end":{"line":104,"column":59}},"104":{"start":{"line":105,"column":0},"end":{"line":105,"column":80}},"105":{"start":{"line":106,"column":0},"end":{"line":106,"column":42}},"106":{"start":{"line":107,"column":0},"end":{"line":107,"column":50}},"107":{"start":{"line":108,"column":0},"end":{"line":108,"column":62}},"108":{"start":{"line":109,"column":0},"end":{"line":109,"column":109}},"109":{"start":{"line":110,"column":0},"end":{"line":110,"column":38}},"110":{"start":{"line":111,"column":0},"end":{"line":111,"column":38}},"111":{"start":{"line":112,"column":0},"end":{"line":112,"column":90}},"112":{"start":{"line":113,"column":0},"end":{"line":113,"column":60}},"113":{"start":{"line":114,"column":0},"end":{"line":114,"column":77}},"114":{"start":{"line":115,"column":0},"end":{"line":115,"column":72}},"115":{"start":{"line":116,"column":0},"end":{"line":116,"column":45}},"116":{"start":{"line":117,"column":0},"end":{"line":117,"column":110}},"118":{"start":{"line":119,"column":0},"end":{"line":119,"column":45}},"119":{"start":{"line":120,"column":0},"end":{"line":120,"column":38}},"120":{"start":{"line":121,"column":0},"end":{"line":121,"column":35}},"122":{"start":{"line":123,"column":0},"end":{"line":123,"column":55}},"123":{"start":{"line":124,"column":0},"end":{"line":124,"column":37}},"124":{"start":{"line":125,"column":0},"end":{"line":125,"column":93}},"125":{"start":{"line":126,"column":0},"end":{"line":126,"column":76}},"126":{"start":{"line":127,"column":0},"end":{"line":127,"column":38}},"127":{"start":{"line":128,"column":0},"end":{"line":128,"column":37}},"128":{"start":{"line":129,"column":0},"end":{"line":129,"column":94}},"129":{"start":{"line":130,"column":0},"end":{"line":130,"column":77}},"130":{"start":{"line":131,"column":0},"end":{"line":131,"column":38}},"131":{"start":{"line":132,"column":0},"end":{"line":132,"column":37}},"132":{"start":{"line":133,"column":0},"end":{"line":133,"column":102}},"133":{"start":{"line":134,"column":0},"end":{"line":134,"column":77}},"134":{"start":{"line":135,"column":0},"end":{"line":135,"column":38}},"135":{"start":{"line":136,"column":0},"end":{"line":136,"column":37}},"136":{"start":{"line":137,"column":0},"end":{"line":137,"column":93}},"137":{"start":{"line":138,"column":0},"end":{"line":138,"column":104}},"138":{"start":{"line":139,"column":0},"end":{"line":139,"column":38}},"139":{"start":{"line":140,"column":0},"end":{"line":140,"column":60}},"140":{"start":{"line":141,"column":0},"end":{"line":141,"column":98}},"141":{"start":{"line":142,"column":0},"end":{"line":142,"column":79}},"143":{"start":{"line":144,"column":0},"end":{"line":144,"column":45}},"144":{"start":{"line":145,"column":0},"end":{"line":145,"column":38}},"145":{"start":{"line":146,"column":0},"end":{"line":146,"column":34}},"147":{"start":{"line":148,"column":0},"end":{"line":148,"column":34}},"148":{"start":{"line":149,"column":0},"end":{"line":149,"column":23}},"150":{"start":{"line":151,"column":0},"end":{"line":151,"column":22}},"151":{"start":{"line":152,"column":0},"end":{"line":152,"column":32}},"152":{"start":{"line":153,"column":0},"end":{"line":153,"column":63}},"153":{"start":{"line":154,"column":0},"end":{"line":154,"column":77}},"154":{"start":{"line":155,"column":0},"end":{"line":155,"column":33}},"155":{"start":{"line":156,"column":0},"end":{"line":156,"column":33}},"156":{"start":{"line":157,"column":0},"end":{"line":157,"column":51}},"157":{"start":{"line":158,"column":0},"end":{"line":158,"column":77}},"159":{"start":{"line":160,"column":0},"end":{"line":160,"column":55}},"160":{"start":{"line":161,"column":0},"end":{"line":161,"column":60}},"161":{"start":{"line":162,"column":0},"end":{"line":162,"column":40}},"162":{"start":{"line":163,"column":0},"end":{"line":163,"column":55}},"163":{"start":{"line":164,"column":0},"end":{"line":164,"column":107}},"165":{"start":{"line":166,"column":0},"end":{"line":166,"column":45}},"166":{"start":{"line":167,"column":0},"end":{"line":167,"column":88}},"167":{"start":{"line":168,"column":0},"end":{"line":168,"column":81}},"168":{"start":{"line":169,"column":0},"end":{"line":169,"column":108}},"169":{"start":{"line":170,"column":0},"end":{"line":170,"column":48}},"170":{"start":{"line":171,"column":0},"end":{"line":171,"column":46}},"171":{"start":{"line":172,"column":0},"end":{"line":172,"column":47}},"172":{"start":{"line":173,"column":0},"end":{"line":173,"column":59}},"173":{"start":{"line":174,"column":0},"end":{"line":174,"column":53}},"174":{"start":{"line":175,"column":0},"end":{"line":175,"column":91}},"175":{"start":{"line":176,"column":0},"end":{"line":176,"column":41}},"177":{"start":{"line":178,"column":0},"end":{"line":178,"column":49}},"178":{"start":{"line":179,"column":0},"end":{"line":179,"column":42}},"179":{"start":{"line":180,"column":0},"end":{"line":180,"column":35}},"180":{"start":{"line":181,"column":0},"end":{"line":181,"column":34}},"182":{"start":{"line":183,"column":0},"end":{"line":183,"column":34}},"183":{"start":{"line":184,"column":0},"end":{"line":184,"column":23}},"184":{"start":{"line":185,"column":0},"end":{"line":185,"column":18}},"185":{"start":{"line":186,"column":0},"end":{"line":186,"column":14}},"187":{"start":{"line":188,"column":0},"end":{"line":188,"column":1}}},"s":{"0":1,"1":1,"2":1,"3":1,"4":1,"5":1,"6":1,"9":1,"10":32,"11":32,"12":32,"13":32,"14":32,"15":32,"16":32,"17":32,"18":32,"19":32,"21":32,"22":5,"23":5,"24":5,"25":5,"26":5,"27":0,"28":0,"29":32,"31":32,"32":10,"33":5,"34":5,"35":5,"36":5,"37":5,"38":5,"39":5,"40":32,"42":32,"43":1,"44":1,"46":1,"47":1,"49":1,"50":1,"51":1,"53":1,"54":0,"55":1,"56":1,"57":1,"58":1,"60":32,"61":1,"63":1,"64":1,"65":1,"66":1,"67":0,"68":0,"69":1,"71":32,"72":5,"73":5,"75":27,"76":27,"77":27,"78":27,"79":27,"80":27,"81":27,"82":27,"83":27,"84":27,"85":16,"86":16,"87":16,"88":16,"89":16,"90":16,"91":16,"92":16,"93":16,"94":16,"95":16,"96":16,"97":16,"98":16,"99":16,"100":16,"101":16,"102":16,"103":16,"104":16,"105":16,"106":16,"107":16,"108":16,"109":16,"110":16,"111":16,"112":16,"113":16,"114":16,"115":16,"116":16,"118":16,"119":16,"120":16,"122":11,"123":11,"124":11,"125":11,"126":11,"127":11,"128":11,"129":11,"130":11,"131":11,"132":11,"133":11,"134":11,"135":11,"136":11,"137":11,"138":11,"139":11,"140":11,"141":11,"143":11,"144":11,"145":11,"147":32,"148":32,"150":32,"151":32,"152":32,"153":32,"154":32,"155":32,"156":32,"157":25,"159":2,"160":2,"161":2,"162":2,"163":2,"165":2,"166":2,"167":2,"168":2,"169":2,"170":2,"171":2,"172":2,"173":2,"174":2,"175":2,"177":2,"178":2,"179":2,"180":2,"182":32,"183":32,"184":32,"185":32,"187":32},"branchMap":{"0":{"type":"branch","line":10,"loc":{"start":{"line":10,"column":7},"end":{"line":188,"column":1}},"locations":[{"start":{"line":10,"column":7},"end":{"line":188,"column":1}}]},"1":{"type":"branch","line":15,"loc":{"start":{"line":15,"column":14},"end":{"line":15,"column":28}},"locations":[{"start":{"line":15,"column":14},"end":{"line":15,"column":28}}]},"2":{"type":"branch","line":15,"loc":{"start":{"line":15,"column":20},"end":{"line":15,"column":31}},"locations":[{"start":{"line":15,"column":20},"end":{"line":15,"column":31}}]},"3":{"type":"branch","line":16,"loc":{"start":{"line":16,"column":15},"end":{"line":16,"column":30}},"locations":[{"start":{"line":16,"column":15},"end":{"line":16,"column":30}}]},"4":{"type":"branch","line":16,"loc":{"start":{"line":16,"column":21},"end":{"line":16,"column":33}},"locations":[{"start":{"line":16,"column":21},"end":{"line":16,"column":33}}]},"5":{"type":"branch","line":17,"loc":{"start":{"line":17,"column":15},"end":{"line":17,"column":30}},"locations":[{"start":{"line":17,"column":15},"end":{"line":17,"column":30}}]},"6":{"type":"branch","line":17,"loc":{"start":{"line":17,"column":21},"end":{"line":17,"column":33}},"locations":[{"start":{"line":17,"column":21},"end":{"line":17,"column":33}}]},"7":{"type":"branch","line":30,"loc":{"start":{"line":30,"column":8},"end":{"line":30,"column":16}},"locations":[{"start":{"line":30,"column":8},"end":{"line":30,"column":16}}]},"8":{"type":"branch","line":72,"loc":{"start":{"line":72,"column":15},"end":{"line":74,"column":5}},"locations":[{"start":{"line":72,"column":15},"end":{"line":74,"column":5}}]},"9":{"type":"branch","line":74,"loc":{"start":{"line":74,"column":4},"end":{"line":85,"column":36}},"locations":[{"start":{"line":74,"column":4},"end":{"line":85,"column":36}}]},"10":{"type":"branch","line":85,"loc":{"start":{"line":85,"column":25},"end":{"line":121,"column":35}},"locations":[{"start":{"line":85,"column":25},"end":{"line":121,"column":35}}]},"11":{"type":"branch","line":112,"loc":{"start":{"line":112,"column":33},"end":{"line":112,"column":90}},"locations":[{"start":{"line":112,"column":33},"end":{"line":112,"column":90}}]},"12":{"type":"branch","line":115,"loc":{"start":{"line":115,"column":41},"end":{"line":115,"column":65}},"locations":[{"start":{"line":115,"column":41},"end":{"line":115,"column":65}}]},"13":{"type":"branch","line":115,"loc":{"start":{"line":115,"column":51},"end":{"line":115,"column":72}},"locations":[{"start":{"line":115,"column":51},"end":{"line":115,"column":72}}]},"14":{"type":"branch","line":121,"loc":{"start":{"line":121,"column":28},"end":{"line":146,"column":34}},"locations":[{"start":{"line":121,"column":28},"end":{"line":146,"column":34}}]},"15":{"type":"branch","line":138,"loc":{"start":{"line":138,"column":76},"end":{"line":138,"column":90}},"locations":[{"start":{"line":138,"column":76},"end":{"line":138,"column":90}}]},"16":{"type":"branch","line":157,"loc":{"start":{"line":157,"column":46},"end":{"line":158,"column":77}},"locations":[{"start":{"line":157,"column":46},"end":{"line":158,"column":77}}]},"17":{"type":"branch","line":158,"loc":{"start":{"line":158,"column":73},"end":{"line":181,"column":34}},"locations":[{"start":{"line":158,"column":73},"end":{"line":181,"column":34}}]},"18":{"type":"branch","line":22,"loc":{"start":{"line":22,"column":38},"end":{"line":30,"column":7}},"locations":[{"start":{"line":22,"column":38},"end":{"line":30,"column":7}}]},"19":{"type":"branch","line":23,"loc":{"start":{"line":23,"column":23},"end":{"line":23,"column":30}},"locations":[{"start":{"line":23,"column":23},"end":{"line":23,"column":30}}]},"20":{"type":"branch","line":27,"loc":{"start":{"line":27,"column":8},"end":{"line":29,"column":9}},"locations":[{"start":{"line":27,"column":8},"end":{"line":29,"column":9}}]},"21":{"type":"branch","line":32,"loc":{"start":{"line":32,"column":14},"end":{"line":41,"column":7}},"locations":[{"start":{"line":32,"column":14},"end":{"line":41,"column":7}}]},"22":{"type":"branch","line":33,"loc":{"start":{"line":33,"column":18},"end":{"line":40,"column":9}},"locations":[{"start":{"line":33,"column":18},"end":{"line":40,"column":9}}]},"23":{"type":"branch","line":43,"loc":{"start":{"line":43,"column":25},"end":{"line":59,"column":6}},"locations":[{"start":{"line":43,"column":25},"end":{"line":59,"column":6}}]},"24":{"type":"branch","line":45,"loc":{"start":{"line":45,"column":23},"end":{"line":45,"column":30}},"locations":[{"start":{"line":45,"column":23},"end":{"line":45,"column":30}}]},"25":{"type":"branch","line":54,"loc":{"start":{"line":54,"column":8},"end":{"line":56,"column":10}},"locations":[{"start":{"line":54,"column":8},"end":{"line":56,"column":10}}]},"26":{"type":"branch","line":61,"loc":{"start":{"line":61,"column":33},"end":{"line":70,"column":6}},"locations":[{"start":{"line":61,"column":33},"end":{"line":70,"column":6}}]},"27":{"type":"branch","line":62,"loc":{"start":{"line":62,"column":23},"end":{"line":62,"column":30}},"locations":[{"start":{"line":62,"column":23},"end":{"line":62,"column":30}}]},"28":{"type":"branch","line":67,"loc":{"start":{"line":67,"column":8},"end":{"line":69,"column":9}},"locations":[{"start":{"line":67,"column":8},"end":{"line":69,"column":9}}]},"29":{"type":"branch","line":66,"loc":{"start":{"line":66,"column":42},"end":{"line":66,"column":66}},"locations":[{"start":{"line":66,"column":42},"end":{"line":66,"column":66}}]},"30":{"type":"branch","line":92,"loc":{"start":{"line":92,"column":50},"end":{"line":92,"column":108}},"locations":[{"start":{"line":92,"column":50},"end":{"line":92,"column":108}}]},"31":{"type":"branch","line":141,"loc":{"start":{"line":141,"column":53},"end":{"line":141,"column":77}},"locations":[{"start":{"line":141,"column":53},"end":{"line":141,"column":77}}]},"32":{"type":"branch","line":161,"loc":{"start":{"line":161,"column":47},"end":{"line":179,"column":42}},"locations":[{"start":{"line":161,"column":47},"end":{"line":179,"column":42}}]},"33":{"type":"branch","line":175,"loc":{"start":{"line":175,"column":53},"end":{"line":175,"column":91}},"locations":[{"start":{"line":175,"column":53},"end":{"line":175,"column":91}}]}},"b":{"0":[32],"1":[27],"2":[5],"3":[27],"4":[5],"5":[27],"6":[5],"7":[27],"8":[5],"9":[27],"10":[16],"11":[0],"12":[1],"13":[15],"14":[11],"15":[0],"16":[25],"17":[2],"18":[5],"19":[0],"20":[0],"21":[10],"22":[5],"23":[1],"24":[0],"25":[0],"26":[1],"27":[0],"28":[0],"29":[1],"30":[13],"31":[2],"32":[2],"33":[1]},"fnMap":{"0":{"name":"ProfilePage","decl":{"start":{"line":10,"column":7},"end":{"line":188,"column":1}},"loc":{"start":{"line":10,"column":7},"end":{"line":188,"column":1}},"line":10},"1":{"name":"handleSubmit","decl":{"start":{"line":43,"column":25},"end":{"line":59,"column":6}},"loc":{"start":{"line":43,"column":25},"end":{"line":59,"column":6}},"line":43},"2":{"name":"handleRemoveFavorite","decl":{"start":{"line":61,"column":33},"end":{"line":70,"column":6}},"loc":{"start":{"line":61,"column":33},"end":{"line":70,"column":6}},"line":61},"3":{"name":"onChange","decl":{"start":{"line":92,"column":50},"end":{"line":92,"column":108}},"loc":{"start":{"line":92,"column":50},"end":{"line":92,"column":108}},"line":92},"4":{"name":"onChange","decl":{"start":{"line":101,"column":50},"end":{"line":101,"column":109}},"loc":{"start":{"line":101,"column":50},"end":{"line":101,"column":109}},"line":101},"5":{"name":"onChange","decl":{"start":{"line":109,"column":50},"end":{"line":109,"column":109}},"loc":{"start":{"line":109,"column":50},"end":{"line":109,"column":109}},"line":109},"6":{"name":"onClick","decl":{"start":{"line":117,"column":85},"end":{"line":117,"column":110}},"loc":{"start":{"line":117,"column":85},"end":{"line":117,"column":110}},"line":117},"7":{"name":"onClick","decl":{"start":{"line":141,"column":53},"end":{"line":141,"column":77}},"loc":{"start":{"line":141,"column":53},"end":{"line":141,"column":77}},"line":141},"8":{"name":"onClick","decl":{"start":{"line":175,"column":53},"end":{"line":175,"column":91}},"loc":{"start":{"line":175,"column":53},"end":{"line":175,"column":91}},"line":175}},"f":{"0":32,"1":1,"2":1,"3":13,"4":0,"5":0,"6":0,"7":2,"8":1}}
,"/home/damian/dev/keuzekompas/web/src/pages/RegisterPage.tsx": {"path":"/home/damian/dev/keuzekompas/web/src/pages/RegisterPage.tsx","all":false,"statementMap":{"0":{"start":{"line":1,"column":0},"end":{"line":1,"column":33}},"1":{"start":{"line":2,"column":0},"end":{"line":2,"column":53}},"2":{"start":{"line":3,"column":0},"end":{"line":3,"column":49}},"3":{"start":{"line":4,"column":0},"end":{"line":4,"column":48}},"4":{"start":{"line":5,"column":0},"end":{"line":5,"column":46}},"5":{"start":{"line":6,"column":0},"end":{"line":6,"column":46}},"6":{"start":{"line":7,"column":0},"end":{"line":7,"column":97}},"8":{"start":{"line":9,"column":0},"end":{"line":9,"column":32}},"9":{"start":{"line":10,"column":0},"end":{"line":10,"column":35}},"10":{"start":{"line":11,"column":0},"end":{"line":11,"column":35}},"11":{"start":{"line":12,"column":0},"end":{"line":12,"column":46}},"12":{"start":{"line":13,"column":0},"end":{"line":13,"column":18}},"13":{"start":{"line":14,"column":0},"end":{"line":14,"column":17}},"14":{"start":{"line":15,"column":0},"end":{"line":15,"column":18}},"15":{"start":{"line":16,"column":0},"end":{"line":16,"column":21}},"16":{"start":{"line":17,"column":0},"end":{"line":17,"column":28}},"17":{"start":{"line":18,"column":0},"end":{"line":18,"column":7}},"18":{"start":{"line":19,"column":0},"end":{"line":19,"column":43}},"19":{"start":{"line":20,"column":0},"end":{"line":20,"column":50}},"21":{"start":{"line":22,"column":0},"end":{"line":22,"column":56}},"22":{"start":{"line":23,"column":0},"end":{"line":23,"column":27}},"23":{"start":{"line":24,"column":0},"end":{"line":24,"column":21}},"25":{"start":{"line":26,"column":0},"end":{"line":26,"column":61}},"26":{"start":{"line":27,"column":0},"end":{"line":27,"column":47}},"27":{"start":{"line":28,"column":0},"end":{"line":28,"column":19}},"28":{"start":{"line":29,"column":0},"end":{"line":29,"column":9}},"30":{"start":{"line":31,"column":0},"end":{"line":31,"column":25}},"31":{"start":{"line":32,"column":0},"end":{"line":32,"column":13}},"32":{"start":{"line":33,"column":0},"end":{"line":33,"column":28}},"33":{"start":{"line":34,"column":0},"end":{"line":34,"column":38}},"34":{"start":{"line":35,"column":0},"end":{"line":35,"column":36}},"35":{"start":{"line":36,"column":0},"end":{"line":36,"column":38}},"36":{"start":{"line":37,"column":0},"end":{"line":37,"column":44}},"37":{"start":{"line":38,"column":0},"end":{"line":38,"column":15}},"38":{"start":{"line":39,"column":0},"end":{"line":39,"column":33}},"39":{"start":{"line":40,"column":0},"end":{"line":40,"column":23}},"40":{"start":{"line":41,"column":0},"end":{"line":41,"column":81}},"41":{"start":{"line":42,"column":0},"end":{"line":42,"column":19}},"42":{"start":{"line":43,"column":0},"end":{"line":43,"column":30}},"43":{"start":{"line":44,"column":0},"end":{"line":44,"column":9}},"44":{"start":{"line":45,"column":0},"end":{"line":45,"column":6}},"46":{"start":{"line":47,"column":0},"end":{"line":47,"column":12}},"47":{"start":{"line":48,"column":0},"end":{"line":48,"column":82}},"48":{"start":{"line":49,"column":0},"end":{"line":49,"column":46}},"49":{"start":{"line":50,"column":0},"end":{"line":50,"column":28}},"50":{"start":{"line":51,"column":0},"end":{"line":51,"column":60}},"51":{"start":{"line":52,"column":0},"end":{"line":52,"column":89}},"52":{"start":{"line":53,"column":0},"end":{"line":53,"column":29}},"53":{"start":{"line":54,"column":0},"end":{"line":54,"column":29}},"54":{"start":{"line":55,"column":0},"end":{"line":55,"column":72}},"55":{"start":{"line":56,"column":0},"end":{"line":56,"column":51}},"56":{"start":{"line":57,"column":0},"end":{"line":57,"column":64}},"57":{"start":{"line":58,"column":0},"end":{"line":58,"column":34}},"58":{"start":{"line":59,"column":0},"end":{"line":59,"column":42}},"59":{"start":{"line":60,"column":0},"end":{"line":60,"column":44}},"60":{"start":{"line":61,"column":0},"end":{"line":61,"column":62}},"61":{"start":{"line":62,"column":0},"end":{"line":62,"column":54}},"62":{"start":{"line":63,"column":0},"end":{"line":63,"column":101}},"63":{"start":{"line":64,"column":0},"end":{"line":64,"column":40}},"64":{"start":{"line":65,"column":0},"end":{"line":65,"column":30}},"65":{"start":{"line":66,"column":0},"end":{"line":66,"column":30}},"66":{"start":{"line":67,"column":0},"end":{"line":67,"column":51}},"67":{"start":{"line":68,"column":0},"end":{"line":68,"column":62}},"68":{"start":{"line":69,"column":0},"end":{"line":69,"column":34}},"69":{"start":{"line":70,"column":0},"end":{"line":70,"column":41}},"70":{"start":{"line":71,"column":0},"end":{"line":71,"column":43}},"71":{"start":{"line":72,"column":0},"end":{"line":72,"column":54}},"72":{"start":{"line":73,"column":0},"end":{"line":73,"column":53}},"73":{"start":{"line":74,"column":0},"end":{"line":74,"column":100}},"74":{"start":{"line":75,"column":0},"end":{"line":75,"column":40}},"75":{"start":{"line":76,"column":0},"end":{"line":76,"column":30}},"76":{"start":{"line":77,"column":0},"end":{"line":77,"column":30}},"77":{"start":{"line":78,"column":0},"end":{"line":78,"column":51}},"78":{"start":{"line":79,"column":0},"end":{"line":79,"column":72}},"79":{"start":{"line":80,"column":0},"end":{"line":80,"column":34}},"80":{"start":{"line":81,"column":0},"end":{"line":81,"column":42}},"81":{"start":{"line":82,"column":0},"end":{"line":82,"column":43}},"82":{"start":{"line":83,"column":0},"end":{"line":83,"column":62}},"83":{"start":{"line":84,"column":0},"end":{"line":84,"column":54}},"84":{"start":{"line":85,"column":0},"end":{"line":85,"column":101}},"85":{"start":{"line":86,"column":0},"end":{"line":86,"column":40}},"86":{"start":{"line":87,"column":0},"end":{"line":87,"column":30}},"87":{"start":{"line":88,"column":0},"end":{"line":88,"column":30}},"88":{"start":{"line":89,"column":0},"end":{"line":89,"column":51}},"89":{"start":{
[...]
":0},"end":{"line":44,"column":5}},"45":{"start":{"line":46,"column":0},"end":{"line":46,"column":36}},"46":{"start":{"line":47,"column":0},"end":{"line":47,"column":27}},"47":{"start":{"line":48,"column":0},"end":{"line":48,"column":20}},"48":{"start":{"line":49,"column":0},"end":{"line":49,"column":54}},"49":{"start":{"line":50,"column":0},"end":{"line":50,"column":16}},"50":{"start":{"line":51,"column":0},"end":{"line":51,"column":50}},"51":{"start":{"line":52,"column":0},"end":{"line":52,"column":9}},"52":{"start":{"line":53,"column":0},"end":{"line":53,"column":5}},"54":{"start":{"line":55,"column":0},"end":{"line":55,"column":31}},"55":{"start":{"line":56,"column":0},"end":{"line":56,"column":26}},"56":{"start":{"line":57,"column":0},"end":{"line":57,"column":5}},"58":{"start":{"line":59,"column":0},"end":{"line":59,"column":29}},"59":{"start":{"line":60,"column":0},"end":{"line":60,"column":25}},"60":{"start":{"line":61,"column":0},"end":{"line":61,"column":29}},"61":{"start":{"line":62,"column":0},"end":{"line":62,"column":32}},"62":{"start":{"line":63,"column":0},"end":{"line":63,"column":54}},"64":{"start":{"line":65,"column":0},"end":{"line":65,"column":49}},"65":{"start":{"line":66,"column":0},"end":{"line":66,"column":47}},"66":{"start":{"line":67,"column":0},"end":{"line":67,"column":10}},"68":{"start":{"line":69,"column":0},"end":{"line":69,"column":25}},"69":{"start":{"line":70,"column":0},"end":{"line":70,"column":62}},"70":{"start":{"line":71,"column":0},"end":{"line":71,"column":9}},"72":{"start":{"line":73,"column":0},"end":{"line":73,"column":31}},"73":{"start":{"line":74,"column":0},"end":{"line":74,"column":52}},"74":{"start":{"line":75,"column":0},"end":{"line":75,"column":9}},"76":{"start":{"line":77,"column":0},"end":{"line":77,"column":43}},"77":{"start":{"line":78,"column":0},"end":{"line":78,"column":23}},"78":{"start":{"line":79,"column":0},"end":{"line":79,"column":20}},"79":{"start":{"line":80,"column":0},"end":{"line":80,"column":11}},"81":{"start":{"line":82,"column":0},"end":{"line":82,"column":43}},"83":{"start":{"line":84,"column":0},"end":{"line":84,"column":27}},"84":{"start":{"line":85,"column":0},"end":{"line":85,"column":106}},"85":{"start":{"line":86,"column":0},"end":{"line":86,"column":71}},"86":{"start":{"line":87,"column":0},"end":{"line":87,"column":69}},"87":{"start":{"line":88,"column":0},"end":{"line":88,"column":13}},"88":{"start":{"line":89,"column":0},"end":{"line":89,"column":42}},"89":{"start":{"line":90,"column":0},"end":{"line":90,"column":9}},"91":{"start":{"line":92,"column":0},"end":{"line":92,"column":20}},"92":{"start":{"line":93,"column":0},"end":{"line":93,"column":5}},"94":{"start":{"line":95,"column":0},"end":{"line":95,"column":69}},"95":{"start":{"line":96,"column":0},"end":{"line":96,"column":60}},"96":{"start":{"line":97,"column":0},"end":{"line":97,"column":5}},"98":{"start":{"line":99,"column":0},"end":{"line":99,"column":86}},"99":{"start":{"line":100,"column":0},"end":{"line":100,"column":42}},"100":{"start":{"line":101,"column":0},"end":{"line":101,"column":27}},"101":{"start":{"line":102,"column":0},"end":{"line":102,"column":39}},"102":{"start":{"line":103,"column":0},"end":{"line":103,"column":11}},"103":{"start":{"line":104,"column":0},"end":{"line":104,"column":5}},"105":{"start":{"line":106,"column":0},"end":{"line":106,"column":85}},"106":{"start":{"line":107,"column":0},"end":{"line":107,"column":42}},"107":{"start":{"line":108,"column":0},"end":{"line":108,"column":26}},"108":{"start":{"line":109,"column":0},"end":{"line":109,"column":39}},"109":{"start":{"line":110,"column":0},"end":{"line":110,"column":11}},"110":{"start":{"line":111,"column":0},"end":{"line":111,"column":5}},"112":{"start":{"line":113,"column":0},"end":{"line":113,"column":72}},"113":{"start":{"line":114,"column":0},"end":{"line":114,"column":63}},"114":{"start":{"line":115,"column":0},"end":{"line":115,"column":5}},"117":{"start":{"line":118,"column":0},"end":{"line":118,"column":43}},"118":{"start":{"line":119,"column":0},"end":{"line":119,"column":68}},"119":{"start":{"line":120,"column":0},"end":{"line":120,"column":5}},"121":{"start":{"line":122,"column":0},"end":{"line":122,"column":37}},"122":{"start":{"line":123,"column":0},"end":{"line":123,"column":81}},"123":{"start":{"line":124,"column":0},"end":{"line":124,"column":34}},"124":{"start":{"line":125,"column":0},"end":{"line":125,"column":47}},"125":{"start":{"line":126,"column":0},"end":{"line":126,"column":9}},"126":{"start":{"line":127,"column":0},"end":{"line":127,"column":24}},"127":{"start":{"line":128,"column":0},"end":{"line":128,"column":5}},"129":{"start":{"line":130,"column":0},"end":{"line":130,"column":14}},"130":{"start":{"line":131,"column":0},"end":{"line":131,"column":28}},"131":{"start":{"line":132,"column":0},"end":{"line":132,"column":5}},"133":{"start":{"line":134,"column":0},"end":{"line":134,"column":31}},"134":{"start":{"line":135,"column":0},"end":{"line":135,"column":50}},"135":{"start":{"line":136,"column":0},"end":{"line":136,"column":5}},"137":{"start":{"line":138,"column":0},"end":{"line":138,"column":67}},"138":{"start":{"line":139,"column":0},"end":{"line":139,"column":56}},"139":{"start":{"line":140,"column":0},"end":{"line":140,"column":5}},"141":{"start":{"line":142,"column":0},"end":{"line":142,"column":34}},"142":{"start":{"line":143,"column":0},"end":{"line":143,"column":53}},"143":{"start":{"line":144,"column":0},"end":{"line":144,"column":5}},"145":{"start":{"line":146,"column":0},"end":{"line":146,"column":40}},"146":{"start":{"line":147,"column":0},"end":{"line":147,"column":71}},"147":{"start":{"line":148,"column":0},"end":{"line":148,"column":5}},"149":{"start":{"line":150,"column":0},"end":{"line":150,"column":57}},"150":{"start":{"line":151,"column":0},"end":{"line":151,"column":77}},"151":{"start":{"line":152,"column":0},"end":{"line":152,"column":5}},"153":{"start":{"line":154,"column":0},"end":{"line":154,"column":60}},"154":{"start":{"line":155,"column":0},"end":{"line":155,"column":79}},"155":{"start":{"line":156,"column":0},"end":{"line":156,"column":5}},"158":{"start":{"line":159,"column":0},"end":{"line":159,"column":25}},"159":{"start":{"line":160,"column":0},"end":{"line":160,"column":52}},"160":{"start":{"line":161,"column":0},"end":{"line":161,"column":5}},"162":{"start":{"line":163,"column":0},"end":{"line":163,"column":33}},"163":{"start":{"line":164,"column":0},"end":{"line":164,"column":54}},"164":{"start":{"line":165,"column":0},"end":{"line":165,"column":5}},"166":{"start":{"line":167,"column":0},"end":{"line":167,"column":47}},"167":{"start":{"line":168,"column":0},"end":{"line":168,"column":55}},"168":{"start":{"line":169,"column":0},"end":{"line":169,"column":5}},"170":{"start":{"line":171,"column":0},"end":{"line":171,"column":71}},"171":{"start":{"line":172,"column":0},"end":{"line":172,"column":60}},"172":{"start":{"line":173,"column":0},"end":{"line":173,"column":5}},"174":{"start":{"line":175,"column":0},"end":{"line":175,"column":36}},"175":{"start":{"line":176,"column":0},"end":{"line":176,"column":55}},"176":{"start":{"line":177,"column":0},"end":{"line":177,"column":5}},"179":{"start":{"line":180,"column":0},"end":{"line":180,"column":25}},"180":{"start":{"line":181,"column":0},"end":{"line":181,"column":91}},"181":{"start":{"line":182,"column":0},"end":{"line":182,"column":5}},"184":{"start":{"line":185,"column":0},"end":{"line":185,"column":57}},"185":{"start":{"line":186,"column":0},"end":{"line":186,"column":107}},"186":{"start":{"line":187,"column":0},"end":{"line":187,"column":5}},"187":{"start":{"line":188,"column":0},"end":{"line":188,"column":1}},"189":{"start":{"line":190,"column":0},"end":{"line":190,"column":36}}},"s":{"16":11,"18":11,"19":0,"20":0,"23":11,"24":11,"26":1,"27":1,"29":1,"31":1,"34":1,"35":1,"36":1,"37":1,"38":1,"39":1,"41":1,"42":11,"43":11,"45":1,"46":8,"47":8,"48":7,"49":8,"50":1,"51":1,"52":8,"54":1,"55":2,"56":2,"58":1,"59":10,"60":10,"61":10,"62":10,"64":10,"65":10,"66":10,"68":10,"69":8,"70":8,"72":10,"73":0,"74":0,"76":10,"77":10,"78":10,"79":10,"81":10,"83":10,"84":1,"85":1,"86":0,"87":0,"88":1,"89":1,"91":9,"92":10,"94":1,"95":5,"96":5,"98":1,"99":3,"100":3,"101":3,"102":3,"103":3,"105":1,"106":1,"107":1,"108":1,"109":1,"110":1,"112":1,"113":1,"114":1,"117":1,"118":1,"119":1,"121":1,"122":1,"123":1,"124":1,"125":1,"126":1,"127":1,"129":1,"130":1,"131":1,"133":1,"134":1,"135":1,"137":1,"138":1,"139":1,"141":1,"142":0,"143":0,"145":1,"146":1,"147":1,"149":1,"150":1,"151":1,"153":1,"154":1,"155":1,"158":1,"159":1,"160":1,"162":1,"163":2,"164":2,"166":1,"167":0,"168":0,"170":1,"171":0,"172":0,"174":1,"175":0,"176":0,"179":1,"180":0,"181":0,"184":1,"185":0,"186":0,"187":1,"189":1},"branchMap":{"0":{"type":"branch","line":17,"loc":{"start":{"line":17,"column":0},"end":{"line":25,"column":1}},"locations":[{"start":{"line":17,"column":0},"end":{"line":25,"column":1}}]},"1":{"type":"branch","line":19,"loc":{"start":{"line":19,"column":37},"end":{"line":19,"column":94}},"locations":[{"start":{"line":19,"column":37},"end":{"line":19,"column":94}}]},"2":{"type":"branch","line":19,"loc":{"start":{"line":19,"column":94},"end":{"line":21,"column":5}},"locations":[{"start":{"line":19,"column":94},"end":{"line":21,"column":5}}]},"3":{"type":"branch","line":28,"loc":{"start":{"line":28,"column":12},"end":{"line":28,"column":40}},"locations":[{"start":{"line":28,"column":12},"end":{"line":28,"column":40}}]},"4":{"type":"branch","line":30,"loc":{"start":{"line":30,"column":4},"end":{"line":40,"column":5}},"locations":[{"start":{"line":30,"column":4},"end":{"line":40,"column":5}}]},"5":{"type":"branch","line":42,"loc":{"start":{"line":42,"column":12},"end":{"line":44,"column":5}},"locations":[{"start":{"line":42,"column":12},"end":{"line":44,"column":5}}]},"6":{"type":"branch","line":46,"loc":{"start":{"line":46,"column":4},"end":{"line":53,"column":5}},"locations":[{"start":{"line":46,"column":4},"end":{"line":53,"column":5}}]},"7":{"type":"branch","line":48,"loc":{"start":{"line":48,"column":19},"end":{"line":50,"column":15}},"locations":[{"start":{"line":48,"column":19},"end":{"line":50,"column":15}}]},"8":{"type":"branch","line":50,"loc":{"start":{"line":50,"column":8},"end":{"line":52,"column":9}},"locations":[{"start":{"line":50,"column":8},"end":{"line":52,"column":9}}]},"9":{"type":"branch","line":55,"loc":{"start":{"line":55,"column":4},"end":{"line":57,"column":5}},"locations":[{"start":{"line":55,"column":4},"end":{"line":57,"column":5}}]},"10":{"type":"branch","line":59,"loc":{"start":{"line":59,"column":4},"end":{"line":93,"column":5}},"locations":[{"start":{"line":59,"column":4},"end":{"line":93,"column":5}}]},"11":{"type":"branch","line":69,"loc":{"start":{"line":69,"column":24},"end":{"line":71,"column":9}},"locations":[{"start":{"line":69,"column":24},"end":{"line":71,"column":9}}]},"12":{"type":"branch","line":73,"loc":{"start":{"line":73,"column":30},"end":{"line":75,"column":9}},"locations":[{"start":{"line":73,"column":30},"end":{"line":75,"column":9}}]},"13":{"type":"branch","line":84,"loc":{"start":{"line":84,"column":26},"end":{"line":90,"column":9}},"locations":[{"start":{"line":84,"column":26},"end":{"line":90,"column":9}}]},"14":{"type":"branch","line":85,"loc":{"start":{"line":85,"column":43},"end":{"line":85,"column":70}},"locations":[{"start":{"line":85,"column":43},"end":{"line":85,"column":70}}]},"15":{"type":"branch","line":85,"loc":{"start":{"line":85,"column":59},"end":{"line":85,"column":106}},"locations":[{"start":{"line":85,"column":59},"end":{"line":85,"column":106}}]},"16":{"type":"branch","line":86,"loc":{"start":{"line":86,"column":28},"end":{"line":86,"column":70}},"locations":[{"start":{"line":86,"column":28},"end":{"line":86,"column":70}}]},"17":{"type":"branch","line":86,"loc":{"start":{"line":86,"column":70},"end":{"line":88,"column":13}},"locations":[{"start":{"line":86,"column":70},"end":{"line":88,"column":13}}]},"18":{"type":"branch","line":90,"loc":{"start":{"line":90,"column":8},"end":{"line":92,"column":20}},"locations":[{"start":{"line":90,"column":8},"end":{"line":92,"column":20}}]},"19":{"type":"branch","line":95,"loc":{"start":{"line":95,"column":4},"end":{"line":97,"column":5}},"locations":[{"start":{"line":95,"column":4},"end":{"line":97,"column":5}}]},"20":{"type":"branch","line":99,"loc":{"start":{"line":99,"column":4},"end":{"line":104,"column":5}},"locations":[{"start":{"line":99,"column":4},"end":{"line":104,"column":5}}]},"21":{"type":"branch","line":106,"loc":{"start":{"line":106,"column":4},"end":{"line":111,"column":5}},"locations":[{"start":{"line":106,"column":4},"end":{"line":111,"column":5}}]},"22":{"type":"branch","line":113,"loc":{"start":{"line":113,"column":4},"end":{"line":115,"column":5}},"locations":[{"start":{"line":113,"column":4},"end":{"line":115,"column":5}}]},"23":{"type":"branch","line":118,"loc":{"start":{"line":118,"column":4},"end":{"line":120,"column":5}},"locations":[{"start":{"line":118,"column":4},"end":{"line":120,"column":5}}]},"24":{"type":"branch","line":122,"loc":{"start":{"line":122,"column":4},"end":{"line":128,"column":5}},"locations":[{"start":{"line":122,"column":4},"end":{"line":128,"column":5}}]},"25":{"type":"branch","line":130,"loc":{"start":{"line":130,"column":4},"end":{"line":132,"column":5}},"locations":[{"start":{"line":130,"column":4},"end":{"line":132,"column":5}}]},"26":{"type":"branch","line":134,"loc":{"start":{"line":134,"column":4},"end":{"line":136,"column":5}},"locations":[{"start":{"line":134,"column":4},"end":{"line":136,"column":5}}]},"27":{"type":"branch","line":138,"loc":{"start":{"line":138,"column":4},"end":{"line":140,"column":5}},"locations":[{"start":{"line":138,"column":4},"end":{"line":140,"column":5}}]},"28":{"type":"branch","line":146,"loc":{"start":{"line":146,"column":4},"end":{"line":148,"column":5}},"locations":[{"start":{"line":146,"column":4},"end":{"line":148,"column":5}}]},"29":{"type":"branch","line":150,"loc":{"start":{"line":150,"column":4},"end":{"line":152,"column":5}},"locations":[{"start":{"line":150,"column":4},"end":{"line":152,"column":5}}]},"30":{"type":"branch","line":154,"loc":{"start":{"line":154,"column":4},"end":{"line":156,"column":5}},"locations":[{"start":{"line":154,"column":4},"end":{"line":156,"column":5}}]},"31":{"type":"branch","line":159,"loc":{"start":{"line":159,"column":4},"end":{"line":161,"column":5}},"locations":[{"start":{"line":159,"column":4},"end":{"line":161,"column":5}}]},"32":{"type":"branch","line":163,"loc":{"start":{"line":163,"column":4},"end":{"line":165,"column":5}},"locations":[{"start":{"line":163,"column":4},"end":{"line":165,"column":5}}]}},"b":{"0":[11],"1":[0],"2":[0],"3":[1],"4":[1],"5":[11],"6":[8],"7":[7],"8":[1],"9":[2],"10":[10],"11":[8],"12":[0],"13":[1],"14":[0],"15":[0],"16":[0],"17":[0],"18":[9],"19":[5],"20":[3],"21":[1],"22":[1],"23":[1],"24":[1],"25":[1],"26":[1],"27":[1],"28":[1],"29":[1],"30":[1],"31":[1],"32":[2]},"fnMap":{"0":{"name":"getApiBaseUrl","decl":{"start":{"line":17,"column":0},"end":{"line":25,"column":1}},"loc":{"start":{"line":17,"column":0},"end":{"line":25,"column":1}},"line":17},"1":{"name":"<instance_members_initializer>","decl":{"start":{"line":28,"column":12},"end":{"line":28,"column":40}},"loc":{"start":{"line":28,"column":12},"end":{"line":28,"column":40}},"line":28},"2":{"name":"ApiService","decl":{"start":{"line":30,"column":4},"end":{"line":40,"column":5}},"loc":{"start":{"line":30,"column":4},"end":{"line":40,"column":5}},"line":30},"3":{"name":"getBaseURL","decl":{"start":{"line":42,"column":12},"end":{"line":44,"column":5}},"loc":{"start":{"line":42,"column":12},"end":{"line":44,"column":5}},"line":42},"4":{"name":"setToken","decl":{"start":{"line":46,"column":4},"end":{"line":53,"column":5}},"loc":{"start":{"line":46,"column":4},"end":{"line":53,"column":5}},"line":46},"5":{"name":"getToken","decl":{"start":{"line":55,"column":4},"end":{"line":57,"column":5}},"loc":{"start":{"line":55,"column":4},"end":{"line":57,"column":5}},"line":55},"6":{"name":"request","decl":{"start":{"line":59,"column":4},"end":{"line":93,"column":5}},"loc":{"start":{"line":59,"column":4},"end":{"line":93,"column":5}},"line":59},"7":{"name":"get","decl":{"start":{"line":95,"column":4},"end":{"line":97,"column":5}},"loc":{"start":{"line":95,"column":4},"end":{"line":97,"column":5}},"line":95},"8":{"name":"post","decl":{"start":{"line":99,"column":4},"end":{"line":104,"column":5}},"loc":{"start":{"line":99,"column":4},"end":{"line":104,"column":5}},"line":99},"9":{"name":"put","decl":{"start":{"line":106,"column":4},"end":{"line":111,"column":5}},"loc":{"start":{"line":106,"column":4},"end":{"line":111,"column":5}},"line":106},"10":{"name":"delete","decl":{"start":{"line":113,"column":4},"end":{"line":115,"column":5}},"loc":{"start":{"line":113,"column":4},"end":{"line":115,"column":5}},"line":113},"11":{"name":"register","decl":{"start":{"line":118,"column":4},"end":{"line":120,"column":5}},"loc":{"start":{"line":118,"column":4},"end":{"line":120,"column":5}},"line":118},"12":{"name":"login","decl":{"start":{"line":122,"column":4},"end":{"line":128,"column":5}},"loc":{"start":{"line":122,"column":4},"end":{"line":128,"column":5}},"line":122},"13":{"name":"logout","decl":{"start":{"line":130,"column":4},"end":{"line":132,"column":5}},"loc":{"start":{"line":130,"column":4},"end":{"line":132,"column":5}},"line":130},"14":{"name":"getUser","decl":{"start":{"line":134,"column":4},"end":{"line":136,"column":5}},"loc":{"start":{"line":134,"column":4},"end":{"line":136,"column":5}},"line":134},"15":{"name":"updateUser","decl":{"start":{"line":138,"column":4},"end":{"line":140,"column":5}},"loc":{"start":{"line":138,"column":4},"end":{"line":140,"column":5}},"line":138},"16":{"name":"deleteUser","decl":{"start":{"line":142,"column":4},"end":{"line":144,"column":5}},"loc":{"start":{"line":142,"column":4},"end":{"line":144,"column":5}},"line":142},"17":{"name":"getUserFavorites","decl":{"start":{"line":146,"column":4},"end":{"line":148,"column":5}},"loc":{"start":{"line":146,"column":4},"end":{"line":148,"column":5}},"line":146},"18":{"name":"addFavorite","decl":{"start":{"line":150,"column":4},"end":{"line":152,"column":5}},"loc":{"start":{"line":150,"column":4},"end":{"line":152,"column":5}},"line":150},"19":{"name":"removeFavorite","decl":{"start":{"line":154,"column":4},"end":{"line":156,"column":5}},"loc":{"start":{"line":154,"column":4},"end":{"line":156,"column":5}},"line":154},"20":{"name":"listModules","decl":{"start":{"line":159,"column":4},"end":{"line":161,"column":5}},"loc":{"start":{"line":159,"column":4},"end":{"line":161,"column":5}},"line":159},"21":{"name":"getModule","decl":{"start":{"line":163,"column":4},"end":{"line":165,"column":5}},"loc":{"start":{"line":163,"column":4},"end":{"line":165,"column":5}},"line":163},"22":{"name":"createModule","decl":{"start":{"line":167,"column":4},"end":{"line":169,"column":5}},"loc":{"start":{"line":167,"column":4},"end":{"line":169,"column":5}},"line":167},"23":{"name":"updateModule","decl":{"start":{"line":171,"column":4},"end":{"line":173,"column":5}},"loc":{"start":{"line":171,"column":4},"end":{"line":173,"column":5}},"line":171},"24":{"name":"deleteModule","decl":{"start":{"line":175,"column":4},"end":{"line":177,"column":5}},"loc":{"start":{"line":175,"column":4},"end":{"line":177,"column":5}},"line":175},"25":{"name":"healthCheck","decl":{"start":{"line":180,"column":4},"end":{"line":182,"column":5}},"loc":{"start":{"line":180,"column":4},"end":{"line":182,"column":5}},"line":180},"26":{"name":"askModuleQuestion","decl":{"start":{"line":185,"column":4},"end":{"line":187,"column":5}},"loc":{"start":{"line":185,"column":4},"end":{"line":187,"column":5}},"line":185}},"f":{"0":11,"1":1,"2":1,"3":11,"4":8,"5":2,"6":10,"7":5,"8":3,"9":1,"10":1,"11":1,"12":1,"13":1,"14":1,"15":1,"16":0,"17":1,"18":1,"19":1,"20":1,"21":2,"22":0,"23":0,"24":0,"25":0,"26":0}}
}
